Debug|Reading config...
Debug|Reading referenced images from 'analog'
Trace|Loading images for 2 'Background'
Trace|Loading images for 2.1 'Image'
Trace|Loading image 0...
Trace|Image was loaded from file analog\0000.png
Trace|Loading images for 10 'AnalogDialFace'
Trace|Loading images for 10.1 'ClockHand'
Trace|Loading images for 10.1.1 'Boolean'
Trace|Loading images for 10.1.3 'Coordinates'
Trace|Loading images for 10.2 'ClockHand'
Trace|Loading images for 10.2.1 'Boolean'
Trace|Loading images for 10.2.3 'Coordinates'
Trace|Building parameters for watch face...
Trace|2 'Background'
Trace|2.1 'Image'
Trace|2.1.1 'X': 0
Trace|2.1.2 'Y': 0
Trace|2.1.3 'ImageIndex': 0
Trace|10 'AnalogDialFace'
Trace|10.1 'ClockHand'
Trace|10.1.1 'OnlyBorder': 0
Trace|10.1.2 'Color': 16711680
Trace|10.1.3 'Coordinates'
Trace|10.1.3.1 'X': 88
Trace|10.1.3.2 'Y': 88
Trace|10.1.4 'Coordinates'
Trace|10.1.4.1 'X': 3
Trace|10.1.4.2 'Y': -3
Trace|10.1.4 'Coordinates'
Trace|10.1.4.1 'X': 54
Trace|10.1.4.2 'Y': -2
Trace|10.1.4 'Coordinates'
Trace|10.1.4.1 'X': 54
Trace|10.1.4.2 'Y': 1
Trace|10.1.4 'Coordinates'
Trace|10.1.4.1 'X': 3
Trace|10.1.4.2 'Y': 2
Trace|10.2 'ClockHand'
Trace|10.2.1 'OnlyBorder': 0
Trace|10.2.2 'Color': 16711680
Trace|10.2.3 'Coordinates'
Trace|10.2.3.1 'X': 88
Trace|10.2.3.2 'Y': 88
Trace|10.2.4 'Coordinates'
Trace|10.2.4.1 'X': 3
Trace|10.2.4.2 'Y': -3
Trace|10.2.4 'Coordinates'
Trace|10.2.4.1 'X': 87
Trace|10.2.4.2 'Y': -2
Trace|10.2.4 'Coordinates'
Trace|10.2.4.1 'X': 87
Trace|10.2.4.2 'Y': 1
Trace|10.2.4 'Coordinates'
Trace|10.2.4.1 'X': 3
Trace|10.2.4.2 'Y': 2
Debug|Generating previews...
Debug|Writing watch face to 'analog\analog_packed.bin'
Trace|Encoding parameters...
Trace|Parameter: 2
Trace|1 (0A):
Trace|    1 (08): 0 (00)
Trace|    2 (10): 0 (00)
Trace|    3 (18): 0 (00)
Trace|8 bytes
Trace|Parameter: 10
Trace|1 (0A):
Trace|    1 (08): 0 (00)
Trace|    2 (10): 16711680 (FF0000)
Trace|    3 (1A):
Trace|        1 (08): 88 (58)
Trace|        2 (10): 88 (58)
Trace|    6 bytes
Trace|    4 (22):
Trace|        1 (08): 3 (03)
Trace|        2 (10): -3 (FFFFFFFFFFFFFFFD)
Trace|    15 bytes
Trace|    4 (22):
Trace|        1 (08): 54 (36)
Trace|        2 (10): -2 (FFFFFFFFFFFFFFFE)
Trace|    15 bytes
Trace|    4 (22):
Trace|        1 (08): 54 (36)
Trace|        2 (10): 1 (01)
Trace|    6 bytes
Trace|    4 (22):
Trace|        1 (08): 3 (03)
Trace|        2 (10): 2 (02)
Trace|    6 bytes
Trace|57 bytes
Trace|2 (12):
Trace|    1 (08): 0 (00)
Trace|    2 (10): 16711680 (FF0000)
Trace|    3 (1A):
Trace|        1 (08): 88 (58)
Trace|        2 (10): 88 (58)
Trace|    6 bytes
Trace|    4 (22):
Trace|        1 (08): 3 (03)
Trace|        2 (10): -3 (FFFFFFFFFFFFFFFD)
Trace|    15 bytes
Trace|    4 (22):
Trace|        1 (08): 87 (57)
Trace|        2 (10): -2 (FFFFFFFFFFFFFFFE)
Trace|    15 bytes
Trace|    4 (22):
Trace|        1 (08): 87 (57)
Trace|        2 (10): 1 (01)
Trace|    6 bytes
Trace|    4 (22):
Trace|        1 (08): 3 (03)
Trace|        2 (10): 2 (02)
Trace|    6 bytes
Trace|57 bytes
Trace|Encoding offsets and lengths...
Trace|1 (0A):
Trace|    1 (08): 122 (7A)
Trace|    2 (10): 1 (01)
Trace|6 bytes
Trace|2 (12):
Trace|    1 (08): 0 (00)
Trace|    2 (10): 8 (08)
Trace|6 bytes
Trace|10 (52):
Trace|    1 (08): 8 (08)
Trace|    2 (10): 114 (72)
Trace|6 bytes
Trace|Writing header...
Trace|Writing parameters offsets and lengths...
Trace|Writing parameters...
Trace|Writing images...
Trace|Image 0 offset is 0...
Debug|Encoding image 0...
Trace|Extracting palette...
Trace|Palette item 0: R 00, G 00, B 00
Trace|Palette item 1: R 00, G FF, B FF
Trace|Palette item 2: R FF, G FF, B FF
Trace|Palette item 3: R FF, G 00, B 00
Trace|Writing image header...
Trace|Width: 176, Height: 176, RowLength: 44
Trace|BPP: 2, PaletteColors: 4, Transaparency: 0
Trace|Writing palette...
Trace|Writing image...
Trace|Writing images offsets table
Debug|Writing images
Debug|Reading config...
Debug|Reading referenced images from 'analog'
Trace|Loading images for 2 'Background'
Trace|Loading images for 2.1 'Image'
Trace|Loading image 0...
Trace|Image was loaded from file analog\0000.png
Trace|Loading images for 10 'AnalogDialFace'
Trace|Loading images for 10.1 'ClockHand'
Trace|Loading images for 10.1.1 'Boolean'
Trace|Loading images for 10.1.3 'Coordinates'
Trace|Loading images for 10.2 'ClockHand'
Trace|Loading images for 10.2.1 'Boolean'
Trace|Loading images for 10.2.3 'Coordinates'
Trace|Building parameters for watch face...
Trace|2 'Background'
Trace|2.1 'Image'
Trace|2.1.1 'X': 0
Trace|2.1.2 'Y': 0
Trace|2.1.3 'ImageIndex': 0
Trace|10 'AnalogDialFace'
Trace|10.1 'ClockHand'
Trace|10.1.1 'OnlyBorder': 0
Trace|10.1.2 'Color': 16711680
Trace|10.1.3 'Coordinates'
Trace|10.1.3.1 'X': 88
Trace|10.1.3.2 'Y': 88
Trace|10.1.4 'Coordinates'
Trace|10.1.4.1 'X': 3
Trace|10.1.4.2 'Y': -3
Trace|10.1.4 'Coordinates'
Trace|10.1.4.1 'X': 54
Trace|10.1.4.2 'Y': -2
Trace|10.1.4 'Coordinates'
Trace|10.1.4.1 'X': 54
Trace|10.1.4.2 'Y': 1
Trace|10.1.4 'Coordinates'
Trace|10.1.4.1 'X': 3
Trace|10.1.4.2 'Y': 2
Trace|10.2 'ClockHand'
Trace|10.2.1 'OnlyBorder': 0
Trace|10.2.2 'Color': 16711680
Trace|10.2.3 'Coordinates'
Trace|10.2.3.1 'X': 88
Trace|10.2.3.2 'Y': 88
Trace|10.2.4 'Coordinates'
Trace|10.2.4.1 'X': 3
Trace|10.2.4.2 'Y': -3
Trace|10.2.4 'Coordinates'
Trace|10.2.4.1 'X': 87
Trace|10.2.4.2 'Y': -5
Trace|10.2.4 'Coordinates'
Trace|10.2.4.1 'X': 87
Trace|10.2.4.2 'Y': 5
Trace|10.2.4 'Coordinates'
Trace|10.2.4.1 'X': 3
Trace|10.2.4.2 'Y': 2
Debug|Generating previews...
Debug|Writing watch face to 'analog\analog_packed.bin'
Trace|Encoding parameters...
Trace|Parameter: 2
Trace|1 (0A):
Trace|    1 (08): 0 (00)
Trace|    2 (10): 0 (00)
Trace|    3 (18): 0 (00)
Trace|8 bytes
Trace|Parameter: 10
Trace|1 (0A):
Trace|    1 (08): 0 (00)
Trace|    2 (10): 16711680 (FF0000)
Trace|    3 (1A):
Trace|        1 (08): 88 (58)
Trace|        2 (10): 88 (58)
Trace|    6 bytes
Trace|    4 (22):
Trace|        1 (08): 3 (03)
Trace|        2 (10): -3 (FFFFFFFFFFFFFFFD)
Trace|    15 bytes
Trace|    4 (22):
Trace|        1 (08): 54 (36)
Trace|        2 (10): -2 (FFFFFFFFFFFFFFFE)
Trace|    15 bytes
Trace|    4 (22):
Trace|        1 (08): 54 (36)
Trace|        2 (10): 1 (01)
Trace|    6 bytes
Trace|    4 (22):
Trace|        1 (08): 3 (03)
Trace|        2 (10): 2 (02)
Trace|    6 bytes
Trace|57 bytes
Trace|2 (12):
Trace|    1 (08): 0 (00)
Trace|    2 (10): 16711680 (FF0000)
Trace|    3 (1A):
Trace|        1 (08): 88 (58)
Trace|        2 (10): 88 (58)
Trace|    6 bytes
Trace|    4 (22):
Trace|        1 (08): 3 (03)
Trace|        2 (10): -3 (FFFFFFFFFFFFFFFD)
Trace|    15 bytes
Trace|    4 (22):
Trace|        1 (08): 87 (57)
Trace|        2 (10): -5 (FFFFFFFFFFFFFFFB)
Trace|    15 bytes
Trace|    4 (22):
Trace|        1 (08): 87 (57)
Trace|        2 (10): 5 (05)
Trace|    6 bytes
Trace|    4 (22):
Trace|        1 (08): 3 (03)
Trace|        2 (10): 2 (02)
Trace|    6 bytes
Trace|57 bytes
Trace|Encoding offsets and lengths...
Trace|1 (0A):
Trace|    1 (08): 122 (7A)
Trace|    2 (10): 1 (01)
Trace|6 bytes
Trace|2 (12):
Trace|    1 (08): 0 (00)
Trace|    2 (10): 8 (08)
Trace|6 bytes
Trace|10 (52):
Trace|    1 (08): 8 (08)
Trace|    2 (10): 114 (72)
Trace|6 bytes
Trace|Writing header...
Trace|Writing parameters offsets and lengths...
Trace|Writing parameters...
Trace|Writing images...
Trace|Image 0 offset is 0...
Debug|Encoding image 0...
Trace|Extracting palette...
Trace|Palette item 0: R 00, G 00, B 00
Trace|Palette item 1: R 00, G FF, B FF
Trace|Palette item 2: R FF, G FF, B FF
Trace|Palette item 3: R FF, G 00, B 00
Trace|Writing image header...
Trace|Width: 176, Height: 176, RowLength: 44
Trace|BPP: 2, PaletteColors: 4, Transaparency: 0
Trace|Writing palette...
Trace|Writing image...
Trace|Writing images offsets table
Debug|Writing images
Debug|Reading config...
Debug|Reading referenced images from 'analog'
Trace|Loading images for 2 'Background'
Trace|Loading images for 2.1 'Image'
Trace|Loading image 0...
Trace|Image was loaded from file analog\0000.png
Trace|Loading images for 10 'AnalogDialFace'
Trace|Loading images for 10.1 'ClockHand'
Trace|Loading images for 10.1.1 'Boolean'
Trace|Loading images for 10.1.3 'Coordinates'
Trace|Loading images for 10.2 'ClockHand'
Trace|Loading images for 10.2.1 'Boolean'
Trace|Loading images for 10.2.3 'Coordinates'
Trace|Building parameters for watch face...
Trace|2 'Background'
Trace|2.1 'Image'
Trace|2.1.1 'X': 0
Trace|2.1.2 'Y': 0
Trace|2.1.3 'ImageIndex': 0
Trace|10 'AnalogDialFace'
Trace|10.1 'ClockHand'
Trace|10.1.1 'OnlyBorder': 0
Trace|10.1.2 'Color': 16711680
Trace|10.1.3 'Coordinates'
Trace|10.1.3.1 'X': 88
Trace|10.1.3.2 'Y': 88
Trace|10.1.4 'Coordinates'
Trace|10.1.4.1 'X': 3
Trace|10.1.4.2 'Y': -3
Trace|10.1.4 'Coordinates'
Trace|10.1.4.1 'X': 52
Trace|10.1.4.2 'Y': -5
Trace|10.1.4 'Coordinates'
Trace|10.1.4.1 'X': 57
Trace|10.1.4.2 'Y': 5
Trace|10.1.4 'Coordinates'
Trace|10.1.4.1 'X': 3
Trace|10.1.4.2 'Y': 2
Trace|10.2 'ClockHand'
Trace|10.2.1 'OnlyBorder': 0
Trace|10.2.2 'Color': 16711680
Trace|10.2.3 'Coordinates'
Trace|10.2.3.1 'X': 88
Trace|10.2.3.2 'Y': 88
Trace|10.2.4 'Coordinates'
Trace|10.2.4.1 'X': 3
Trace|10.2.4.2 'Y': -3
Trace|10.2.4 'Coordinates'
Trace|10.2.4.1 'X': 87
Trace|10.2.4.2 'Y': -2
Trace|10.2.4 'Coordinates'
Trace|10.2.4.1 'X': 87
Trace|10.2.4.2 'Y': 1
Trace|10.2.4 'Coordinates'
Trace|10.2.4.1 'X': 3
Trace|10.2.4.2 'Y': 2
Debug|Generating previews...
Debug|Writing watch face to 'analog\analog_packed.bin'
Trace|Encoding parameters...
Trace|Parameter: 2
Trace|1 (0A):
Trace|    1 (08): 0 (00)
Trace|    2 (10): 0 (00)
Trace|    3 (18): 0 (00)
Trace|8 bytes
Trace|Parameter: 10
Trace|1 (0A):
Trace|    1 (08): 0 (00)
Trace|    2 (10): 16711680 (FF0000)
Trace|    3 (1A):
Trace|        1 (08): 88 (58)
Trace|        2 (10): 88 (58)
Trace|    6 bytes
Trace|    4 (22):
Trace|        1 (08): 3 (03)
Trace|        2 (10): -3 (FFFFFFFFFFFFFFFD)
Trace|    15 bytes
Trace|    4 (22):
Trace|        1 (08): 52 (34)
Trace|        2 (10): -5 (FFFFFFFFFFFFFFFB)
Trace|    15 bytes
Trace|    4 (22):
Trace|        1 (08): 57 (39)
Trace|        2 (10): 5 (05)
Trace|    6 bytes
Trace|    4 (22):
Trace|        1 (08): 3 (03)
Trace|        2 (10): 2 (02)
Trace|    6 bytes
Trace|57 bytes
Trace|2 (12):
Trace|    1 (08): 0 (00)
Trace|    2 (10): 16711680 (FF0000)
Trace|    3 (1A):
Trace|        1 (08): 88 (58)
Trace|        2 (10): 88 (58)
Trace|    6 bytes
Trace|    4 (22):
Trace|        1 (08): 3 (03)
Trace|        2 (10): -3 (FFFFFFFFFFFFFFFD)
Trace|    15 bytes
Trace|    4 (22):
Trace|        1 (08): 87 (57)
Trace|        2 (10): -2 (FFFFFFFFFFFFFFFE)
Trace|    15 bytes
Trace|    4 (22):
Trace|        1 (08): 87 (57)
Trace|        2 (10): 1 (01)
Trace|    6 bytes
Trace|    4 (22):
Trace|        1 (08): 3 (03)
Trace|        2 (10): 2 (02)
Trace|    6 bytes
Trace|57 bytes
Trace|Encoding offsets and lengths...
Trace|1 (0A):
Trace|    1 (08): 122 (7A)
Trace|    2 (10): 1 (01)
Trace|6 bytes
Trace|2 (12):
Trace|    1 (08): 0 (00)
Trace|    2 (10): 8 (08)
Trace|6 bytes
Trace|10 (52):
Trace|    1 (08): 8 (08)
Trace|    2 (10): 114 (72)
Trace|6 bytes
Trace|Writing header...
Trace|Writing parameters offsets and lengths...
Trace|Writing parameters...
Trace|Writing images...
Trace|Image 0 offset is 0...
Debug|Encoding image 0...
Trace|Extracting palette...
Trace|Palette item 0: R 00, G 00, B 00
Trace|Palette item 1: R 00, G FF, B FF
Trace|Palette item 2: R FF, G FF, B FF
Trace|Palette item 3: R FF, G 00, B 00
Trace|Writing image header...
Trace|Width: 176, Height: 176, RowLength: 44
Trace|BPP: 2, PaletteColors: 4, Transaparency: 0
Trace|Writing palette...
Trace|Writing image...
Trace|Writing images offsets table
Debug|Writing images
Debug|Reading config...
Debug|Reading referenced images from 'analog'
Trace|Loading images for 2 'Background'
Trace|Loading images for 2.1 'Image'
Trace|Loading image 0...
Trace|Image was loaded from file analog\0000.png
Trace|Loading images for 3 'Time'
Trace|Loading images for 3.4 'AmPm'
Trace|Loading image 1...
Trace|Image was loaded from file analog\0036.png
Trace|Loading image 2...
Trace|Image was loaded from file analog\0037.png
Trace|Loading images for 10 'AnalogDialFace'
Trace|Loading images for 10.1 'ClockHand'
Trace|Loading images for 10.1.1 'Boolean'
Trace|Loading images for 10.1.3 'Coordinates'
Trace|Loading images for 10.2 'ClockHand'
Trace|Loading images for 10.2.1 'Boolean'
Trace|Loading images for 10.2.3 'Coordinates'
Trace|Building parameters for watch face...
Trace|2 'Background'
Trace|2.1 'Image'
Trace|2.1.1 'X': 0
Trace|2.1.2 'Y': 0
Trace|2.1.3 'ImageIndex': 0
Trace|3 'Time'
Trace|3.4 'AmPm'
Trace|3.4.1 'X': 0
Trace|3.4.2 'Y': 0
Trace|3.4.3 'ImageIndexAm': 1
Trace|3.4.4 'ImageIndexPm': 2
Trace|10 'AnalogDialFace'
Trace|10.1 'ClockHand'
Trace|10.1.1 'OnlyBorder': 0
Trace|10.1.2 'Color': 16711680
Trace|10.1.3 'Coordinates'
Trace|10.1.3.1 'X': 88
Trace|10.1.3.2 'Y': 88
Trace|10.1.4 'Coordinates'
Trace|10.1.4.1 'X': 3
Trace|10.1.4.2 'Y': -3
Trace|10.1.4 'Coordinates'
Trace|10.1.4.1 'X': 52
Trace|10.1.4.2 'Y': -5
Trace|10.1.4 'Coordinates'
Trace|10.1.4.1 'X': 57
Trace|10.1.4.2 'Y': 5
Trace|10.1.4 'Coordinates'
Trace|10.1.4.1 'X': 3
Trace|10.1.4.2 'Y': 2
Trace|10.2 'ClockHand'
Trace|10.2.1 'OnlyBorder': 0
Trace|10.2.2 'Color': 16711680
Trace|10.2.3 'Coordinates'
Trace|10.2.3.1 'X': 88
Trace|10.2.3.2 'Y': 88
Trace|10.2.4 'Coordinates'
Trace|10.2.4.1 'X': 3
Trace|10.2.4.2 'Y': -3
Trace|10.2.4 'Coordinates'
Trace|10.2.4.1 'X': 87
Trace|10.2.4.2 'Y': -2
Trace|10.2.4 'Coordinates'
Trace|10.2.4.1 'X': 87
Trace|10.2.4.2 'Y': 1
Trace|10.2.4 'Coordinates'
Trace|10.2.4.1 'X': 3
Trace|10.2.4.2 'Y': 2
Debug|Generating previews...
Debug|Writing watch face to 'analog\analog_packed.bin'
Trace|Encoding parameters...
Trace|Parameter: 2
Trace|1 (0A):
Trace|    1 (08): 0 (00)
Trace|    2 (10): 0 (00)
Trace|    3 (18): 0 (00)
Trace|8 bytes
Trace|Parameter: 3
Trace|4 (22):
Trace|    1 (08): 0 (00)
Trace|    2 (10): 0 (00)
Trace|    3 (18): 1 (01)
Trace|    4 (20): 2 (02)
Trace|10 bytes
Trace|Parameter: 10
Trace|1 (0A):
Trace|    1 (08): 0 (00)
Trace|    2 (10): 16711680 (FF0000)
Trace|    3 (1A):
Trace|        1 (08): 88 (58)
Trace|        2 (10): 88 (58)
Trace|    6 bytes
Trace|    4 (22):
Trace|        1 (08): 3 (03)
Trace|        2 (10): -3 (FFFFFFFFFFFFFFFD)
Trace|    15 bytes
Trace|    4 (22):
Trace|        1 (08): 52 (34)
Trace|        2 (10): -5 (FFFFFFFFFFFFFFFB)
Trace|    15 bytes
Trace|    4 (22):
Trace|        1 (08): 57 (39)
Trace|        2 (10): 5 (05)
Trace|    6 bytes
Trace|    4 (22):
Trace|        1 (08): 3 (03)
Trace|        2 (10): 2 (02)
Trace|    6 bytes
Trace|57 bytes
Trace|2 (12):
Trace|    1 (08): 0 (00)
Trace|    2 (10): 16711680 (FF0000)
Trace|    3 (1A):
Trace|        1 (08): 88 (58)
Trace|        2 (10): 88 (58)
Trace|    6 bytes
Trace|    4 (22):
Trace|        1 (08): 3 (03)
Trace|        2 (10): -3 (FFFFFFFFFFFFFFFD)
Trace|    15 bytes
Trace|    4 (22):
Trace|        1 (08): 87 (57)
Trace|        2 (10): -2 (FFFFFFFFFFFFFFFE)
Trace|    15 bytes
Trace|    4 (22):
Trace|        1 (08): 87 (57)
Trace|        2 (10): 1 (01)
Trace|    6 bytes
Trace|    4 (22):
Trace|        1 (08): 3 (03)
Trace|        2 (10): 2 (02)
Trace|    6 bytes
Trace|57 bytes
Trace|Encoding offsets and lengths...
Trace|1 (0A):
Trace|    1 (08): 132 (84)
Trace|    2 (10): 3 (03)
Trace|7 bytes
Trace|2 (12):
Trace|    1 (08): 0 (00)
Trace|    2 (10): 8 (08)
Trace|6 bytes
Trace|3 (1A):
Trace|    1 (08): 8 (08)
Trace|    2 (10): 10 (0A)
Trace|6 bytes
Trace|10 (52):
Trace|    1 (08): 18 (12)
Trace|    2 (10): 114 (72)
Trace|6 bytes
Trace|Writing header...
Trace|Writing parameters offsets and lengths...
Trace|Writing parameters...
Trace|Writing images...
Trace|Image 0 offset is 0...
Debug|Encoding image 0...
Trace|Extracting palette...
Trace|Palette item 0: R 00, G 00, B 00
Trace|Palette item 1: R 00, G FF, B FF
Trace|Palette item 2: R FF, G FF, B FF
Trace|Palette item 3: R FF, G 00, B 00
Trace|Writing image header...
Trace|Width: 176, Height: 176, RowLength: 44
Trace|BPP: 2, PaletteColors: 4, Transaparency: 0
Trace|Writing palette...
Trace|Writing image...
Trace|Image 1 offset is 7776...
Debug|Encoding image 1...
Trace|Extracting palette...
Trace|Palette item 0: R 00, G 00, B 00
Trace|Palette item 1: R 00, G FF, B FF
Trace|Writing image header...
Trace|Width: 35, Height: 16, RowLength: 5
Trace|BPP: 1, PaletteColors: 2, Transaparency: 0
Trace|Writing palette...
Trace|Writing image...
Trace|Image 2 offset is 7880...
Debug|Encoding image 2...
Trace|Extracting palette...
Trace|Palette item 0: R 00, G 00, B 00
Trace|Palette item 1: R 00, G FF, B FF
Trace|Writing image header...
Trace|Width: 35, Height: 16, RowLength: 5
Trace|BPP: 1, PaletteColors: 2, Transaparency: 0
Trace|Writing palette...
Trace|Writing image...
Trace|Writing images offsets table
Debug|Writing images
Debug|Reading config...
Debug|Reading referenced images from 'analog'
Trace|Loading images for 2 'Background'
Trace|Loading images for 2.1 'Image'
Trace|Loading image 0...
Trace|Image was loaded from file analog\0000.png
Trace|Loading images for 3 'Time'
Trace|Loading images for 3.4 'AmPm'
Trace|Loading image 1...
Trace|Image was loaded from file analog\0036.png
Trace|Loading image 2...
Trace|Image was loaded from file analog\0037.png
Trace|Loading images for 10 'AnalogDialFace'
Trace|Loading images for 10.1 'ClockHand'
Trace|Loading images for 10.1.1 'Boolean'
Trace|Loading images for 10.1.3 'Coordinates'
Trace|Loading images for 10.2 'ClockHand'
Trace|Loading images for 10.2.1 'Boolean'
Trace|Loading images for 10.2.3 'Coordinates'
Trace|Building parameters for watch face...
Trace|2 'Background'
Trace|2.1 'Image'
Trace|2.1.1 'X': 0
Trace|2.1.2 'Y': 0
Trace|2.1.3 'ImageIndex': 0
Trace|3 'Time'
Trace|3.4 'AmPm'
Trace|3.4.1 'X': 0
Trace|3.4.2 'Y': 0
Trace|3.4.3 'ImageIndexAm': 1
Trace|3.4.4 'ImageIndexPm': 2
Trace|10 'AnalogDialFace'
Trace|10.1 'ClockHand'
Trace|10.1.1 'OnlyBorder': 0
Trace|10.1.2 'Color': 16711680
Trace|10.1.3 'Coordinates'
Trace|10.1.3.1 'X': 88
Trace|10.1.3.2 'Y': 88
Trace|10.1.4 'Coordinates'
Trace|10.1.4.1 'X': -52
Trace|10.1.4.2 'Y': -3
Trace|10.1.4 'Coordinates'
Trace|10.1.4.1 'X': 52
Trace|10.1.4.2 'Y': -5
Trace|10.1.4 'Coordinates'
Trace|10.1.4.1 'X': 57
Trace|10.1.4.2 'Y': 5
Trace|10.1.4 'Coordinates'
Trace|10.1.4.1 'X': -52
Trace|10.1.4.2 'Y': 2
Trace|10.2 'ClockHand'
Trace|10.2.1 'OnlyBorder': 0
Trace|10.2.2 'Color': 16711680
Trace|10.2.3 'Coordinates'
Trace|10.2.3.1 'X': 88
Trace|10.2.3.2 'Y': 88
Trace|10.2.4 'Coordinates'
Trace|10.2.4.1 'X': 3
Trace|10.2.4.2 'Y': -3
Trace|10.2.4 'Coordinates'
Trace|10.2.4.1 'X': 87
Trace|10.2.4.2 'Y': -2
Trace|10.2.4 'Coordinates'
Trace|10.2.4.1 'X': 87
Trace|10.2.4.2 'Y': 1
Trace|10.2.4 'Coordinates'
Trace|10.2.4.1 'X': 3
Trace|10.2.4.2 'Y': 2
Debug|Generating previews...
Debug|Writing watch face to 'analog\analog_packed.bin'
Trace|Encoding parameters...
Trace|Parameter: 2
Trace|1 (0A):
Trace|    1 (08): 0 (00)
Trace|    2 (10): 0 (00)
Trace|    3 (18): 0 (00)
Trace|8 bytes
Trace|Parameter: 3
Trace|4 (22):
Trace|    1 (08): 0 (00)
Trace|    2 (10): 0 (00)
Trace|    3 (18): 1 (01)
Trace|    4 (20): 2 (02)
Trace|10 bytes
Trace|Parameter: 10
Trace|1 (0A):
Trace|    1 (08): 0 (00)
Trace|    2 (10): 16711680 (FF0000)
Trace|    3 (1A):
Trace|        1 (08): 88 (58)
Trace|        2 (10): 88 (58)
Trace|    6 bytes
Trace|    4 (22):
Trace|        1 (08): -52 (FFFFFFFFFFFFFFCC)
Trace|        2 (10): -3 (FFFFFFFFFFFFFFFD)
Trace|    24 bytes
Trace|    4 (22):
Trace|        1 (08): 52 (34)
Trace|        2 (10): -5 (FFFFFFFFFFFFFFFB)
Trace|    15 bytes
Trace|    4 (22):
Trace|        1 (08): 57 (39)
Trace|        2 (10): 5 (05)
Trace|    6 bytes
Trace|    4 (22):
Trace|        1 (08): -52 (FFFFFFFFFFFFFFCC)
Trace|        2 (10): 2 (02)
Trace|    15 bytes
Trace|75 bytes
Trace|2 (12):
Trace|    1 (08): 0 (00)
Trace|    2 (10): 16711680 (FF0000)
Trace|    3 (1A):
Trace|        1 (08): 88 (58)
Trace|        2 (10): 88 (58)
Trace|    6 bytes
Trace|    4 (22):
Trace|        1 (08): 3 (03)
Trace|        2 (10): -3 (FFFFFFFFFFFFFFFD)
Trace|    15 bytes
Trace|    4 (22):
Trace|        1 (08): 87 (57)
Trace|        2 (10): -2 (FFFFFFFFFFFFFFFE)
Trace|    15 bytes
Trace|    4 (22):
Trace|        1 (08): 87 (57)
Trace|        2 (10): 1 (01)
Trace|    6 bytes
Trace|    4 (22):
Trace|        1 (08): 3 (03)
Trace|        2 (10): 2 (02)
Trace|    6 bytes
Trace|57 bytes
Trace|Encoding offsets and lengths...
Trace|1 (0A):
Trace|    1 (08): 150 (96)
Trace|    2 (10): 3 (03)
Trace|7 bytes
Trace|2 (12):
Trace|    1 (08): 0 (00)
Trace|    2 (10): 8 (08)
Trace|6 bytes
Trace|3 (1A):
Trace|    1 (08): 8 (08)
Trace|    2 (10): 10 (0A)
Trace|6 bytes
Trace|10 (52):
Trace|    1 (08): 18 (12)
Trace|    2 (10): 132 (84)
Trace|7 bytes
Trace|Writing header...
Trace|Writing parameters offsets and lengths...
Trace|Writing parameters...
Trace|Writing images...
Trace|Image 0 offset is 0...
Debug|Encoding image 0...
Trace|Extracting palette...
Trace|Palette item 0: R 00, G 00, B 00
Trace|Palette item 1: R 00, G FF, B FF
Trace|Palette item 2: R FF, G FF, B FF
Trace|Palette item 3: R FF, G 00, B 00
Trace|Writing image header...
Trace|Width: 176, Height: 176, RowLength: 44
Trace|BPP: 2, PaletteColors: 4, Transaparency: 0
Trace|Writing palette...
Trace|Writing image...
Trace|Image 1 offset is 7776...
Debug|Encoding image 1...
Trace|Extracting palette...
Trace|Palette item 0: R 00, G 00, B 00
Trace|Palette item 1: R 00, G FF, B FF
Trace|Writing image header...
Trace|Width: 35, Height: 16, RowLength: 5
Trace|BPP: 1, PaletteColors: 2, Transaparency: 0
Trace|Writing palette...
Trace|Writing image...
Trace|Image 2 offset is 7880...
Debug|Encoding image 2...
Trace|Extracting palette...
Trace|Palette item 0: R 00, G 00, B 00
Trace|Palette item 1: R 00, G FF, B FF
Trace|Writing image header...
Trace|Width: 35, Height: 16, RowLength: 5
Trace|BPP: 1, PaletteColors: 2, Transaparency: 0
Trace|Writing palette...
Trace|Writing image...
Trace|Writing images offsets table
Debug|Writing images
Debug|Reading config...
Debug|Reading referenced images from 'analog'
Trace|Loading images for 2 'Background'
Trace|Loading images for 2.1 'Image'
Trace|Loading image 0...
Trace|Image was loaded from file analog\0000.png
Trace|Loading images for 3 'Time'
Trace|Loading images for 3.4 'AmPm'
Trace|Loading image 1...
Trace|Image was loaded from file analog\0036.png
Trace|Loading image 2...
Trace|Image was loaded from file analog\0037.png
Trace|Loading images for 10 'AnalogDialFace'
Trace|Loading images for 10.1 'ClockHand'
Trace|Loading images for 10.1.1 'Boolean'
Trace|Loading images for 10.1.3 'Coordinates'
Trace|Loading images for 10.2 'ClockHand'
Trace|Loading images for 10.2.1 'Boolean'
Trace|Loading images for 10.2.3 'Coordinates'
Trace|Building parameters for watch face...
Trace|2 'Background'
Trace|2.1 'Image'
Trace|2.1.1 'X': 0
Trace|2.1.2 'Y': 0
Trace|2.1.3 'ImageIndex': 0
Trace|3 'Time'
Trace|3.4 'AmPm'
Trace|3.4.1 'X': 0
Trace|3.4.2 'Y': 0
Trace|3.4.3 'ImageIndexAm': 1
Trace|3.4.4 'ImageIndexPm': 2
Trace|10 'AnalogDialFace'
Trace|10.1 'ClockHand'
Trace|10.1.1 'OnlyBorder': 0
Trace|10.1.2 'Color': 16711680
Trace|10.1.3 'Coordinates'
Trace|10.1.3.1 'X': 88
Trace|10.1.3.2 'Y': 88
Trace|10.1.4 'Coordinates'
Trace|10.1.4.1 'X': -52
Trace|10.1.4.2 'Y': -8
Trace|10.1.4 'Coordinates'
Trace|10.1.4.1 'X': 52
Trace|10.1.4.2 'Y': -8
Trace|10.1.4 'Coordinates'
Trace|10.1.4.1 'X': 52
Trace|10.1.4.2 'Y': 8
Trace|10.1.4 'Coordinates'
Trace|10.1.4.1 'X': -52
Trace|10.1.4.2 'Y': 8
Trace|10.2 'ClockHand'
Trace|10.2.1 'OnlyBorder': 0
Trace|10.2.2 'Color': 16711680
Trace|10.2.3 'Coordinates'
Trace|10.2.3.1 'X': 88
Trace|10.2.3.2 'Y': 88
Trace|10.2.4 'Coordinates'
Trace|10.2.4.1 'X': 3
Trace|10.2.4.2 'Y': -3
Trace|10.2.4 'Coordinates'
Trace|10.2.4.1 'X': 87
Trace|10.2.4.2 'Y': -2
Trace|10.2.4 'Coordinates'
Trace|10.2.4.1 'X': 87
Trace|10.2.4.2 'Y': 1
Trace|10.2.4 'Coordinates'
Trace|10.2.4.1 'X': 3
Trace|10.2.4.2 'Y': 2
Debug|Generating previews...
Debug|Writing watch face to 'analog\analog_packed.bin'
Trace|Encoding parameters...
Trace|Parameter: 2
Trace|1 (0A):
Trace|    1 (08): 0 (00)
Trace|    2 (10): 0 (00)
Trace|    3 (18): 0 (00)
Trace|8 bytes
Trace|Parameter: 3
Trace|4 (22):
Trace|    1 (08): 0 (00)
Trace|    2 (10): 0 (00)
Trace|    3 (18): 1 (01)
Trace|    4 (20): 2 (02)
Trace|10 bytes
Trace|Parameter: 10
Trace|1 (0A):
Trace|    1 (08): 0 (00)
Trace|    2 (10): 16711680 (FF0000)
Trace|    3 (1A):
Trace|        1 (08): 88 (58)
Trace|        2 (10): 88 (58)
Trace|    6 bytes
Trace|    4 (22):
Trace|        1 (08): -52 (FFFFFFFFFFFFFFCC)
Trace|        2 (10): -8 (FFFFFFFFFFFFFFF8)
Trace|    24 bytes
Trace|    4 (22):
Trace|        1 (08): 52 (34)
Trace|        2 (10): -8 (FFFFFFFFFFFFFFF8)
Trace|    15 bytes
Trace|    4 (22):
Trace|        1 (08): 52 (34)
Trace|        2 (10): 8 (08)
Trace|    6 bytes
Trace|    4 (22):
Trace|        1 (08): -52 (FFFFFFFFFFFFFFCC)
Trace|        2 (10): 8 (08)
Trace|    15 bytes
Trace|75 bytes
Trace|2 (12):
Trace|    1 (08): 0 (00)
Trace|    2 (10): 16711680 (FF0000)
Trace|    3 (1A):
Trace|        1 (08): 88 (58)
Trace|        2 (10): 88 (58)
Trace|    6 bytes
Trace|    4 (22):
Trace|        1 (08): 3 (03)
Trace|        2 (10): -3 (FFFFFFFFFFFFFFFD)
Trace|    15 bytes
Trace|    4 (22):
Trace|        1 (08): 87 (57)
Trace|        2 (10): -2 (FFFFFFFFFFFFFFFE)
Trace|    15 bytes
Trace|    4 (22):
Trace|        1 (08): 87 (57)
Trace|        2 (10): 1 (01)
Trace|    6 bytes
Trace|    4 (22):
Trace|        1 (08): 3 (03)
Trace|        2 (10): 2 (02)
Trace|    6 bytes
Trace|57 bytes
Trace|Encoding offsets and lengths...
Trace|1 (0A):
Trace|    1 (08): 150 (96)
Trace|    2 (10): 3 (03)
Trace|7 bytes
Trace|2 (12):
Trace|    1 (08): 0 (00)
Trace|    2 (10): 8 (08)
Trace|6 bytes
Trace|3 (1A):
Trace|    1 (08): 8 (08)
Trace|    2 (10): 10 (0A)
Trace|6 bytes
Trace|10 (52):
Trace|    1 (08): 18 (12)
Trace|    2 (10): 132 (84)
Trace|7 bytes
Trace|Writing header...
Trace|Writing parameters offsets and lengths...
Trace|Writing parameters...
Trace|Writing images...
Trace|Image 0 offset is 0...
Debug|Encoding image 0...
Trace|Extracting palette...
Trace|Palette item 0: R 00, G 00, B 00
Trace|Palette item 1: R 00, G FF, B FF
Trace|Palette item 2: R FF, G FF, B FF
Trace|Palette item 3: R FF, G 00, B 00
Trace|Writing image header...
Trace|Width: 176, Height: 176, RowLength: 44
Trace|BPP: 2, PaletteColors: 4, Transaparency: 0
Trace|Writing palette...
Trace|Writing image...
Trace|Image 1 offset is 7776...
Debug|Encoding image 1...
Trace|Extracting palette...
Trace|Palette item 0: R 00, G 00, B 00
Trace|Palette item 1: R 00, G FF, B FF
Trace|Writing image header...
Trace|Width: 35, Height: 16, RowLength: 5
Trace|BPP: 1, PaletteColors: 2, Transaparency: 0
Trace|Writing palette...
Trace|Writing image...
Trace|Image 2 offset is 7880...
Debug|Encoding image 2...
Trace|Extracting palette...
Trace|Palette item 0: R 00, G 00, B 00
Trace|Palette item 1: R 00, G FF, B FF
Trace|Writing image header...
Trace|Width: 35, Height: 16, RowLength: 5
Trace|BPP: 1, PaletteColors: 2, Transaparency: 0
Trace|Writing palette...
Trace|Writing image...
Trace|Writing images offsets table
Debug|Writing images
Debug|Reading config...
Debug|Reading referenced images from 'analog'
Trace|Loading images for 2 'Background'
Trace|Loading images for 2.1 'Image'
Trace|Loading image 0...
Trace|Image was loaded from file analog\0000.png
Trace|Loading images for 3 'Time'
Trace|Loading images for 3.4 'AmPm'
Trace|Loading image 1...
Trace|Image was loaded from file analog\0036.png
Trace|Loading image 2...
Trace|Image was loaded from file analog\0037.png
Trace|Loading images for 10 'AnalogDialFace'
Trace|Loading images for 10.1 'ClockHand'
Trace|Loading images for 10.1.1 'Boolean'
Trace|Loading images for 10.1.3 'Coordinates'
Trace|Loading images for 10.2 'ClockHand'
Trace|Loading images for 10.2.1 'Boolean'
Trace|Loading images for 10.2.3 'Coordinates'
Trace|Building parameters for watch face...
Trace|2 'Background'
Trace|2.1 'Image'
Trace|2.1.1 'X': 0
Trace|2.1.2 'Y': 0
Trace|2.1.3 'ImageIndex': 0
Trace|3 'Time'
Trace|3.4 'AmPm'
Trace|3.4.1 'X': 0
Trace|3.4.2 'Y': 0
Trace|3.4.3 'ImageIndexAm': 1
Trace|3.4.4 'ImageIndexPm': 2
Trace|10 'AnalogDialFace'
Trace|10.1 'ClockHand'
Trace|10.1.1 'OnlyBorder': 0
Trace|10.1.2 'Color': 16711680
Trace|10.1.3 'Coordinates'
Trace|10.1.3.1 'X': 88
Trace|10.1.3.2 'Y': 88
Trace|10.1.4 'Coordinates'
Trace|10.1.4.1 'X': -52
Trace|10.1.4.2 'Y': -8
Trace|10.1.4 'Coordinates'
Trace|10.1.4.1 'X': 52
Trace|10.1.4.2 'Y': 8
Trace|10.1.4 'Coordinates'
Trace|10.1.4.1 'X': 52
Trace|10.1.4.2 'Y': -8
Trace|10.1.4 'Coordinates'
Trace|10.1.4.1 'X': -52
Trace|10.1.4.2 'Y': 8
Trace|10.2 'ClockHand'
Trace|10.2.1 'OnlyBorder': 0
Trace|10.2.2 'Color': 16711680
Trace|10.2.3 'Coordinates'
Trace|10.2.3.1 'X': 88
Trace|10.2.3.2 'Y': 88
Trace|10.2.4 'Coordinates'
Trace|10.2.4.1 'X': 3
Trace|10.2.4.2 'Y': -3
Trace|10.2.4 'Coordinates'
Trace|10.2.4.1 'X': 87
Trace|10.2.4.2 'Y': -2
Trace|10.2.4 'Coordinates'
Trace|10.2.4.1 'X': 87
Trace|10.2.4.2 'Y': 1
Trace|10.2.4 'Coordinates'
Trace|10.2.4.1 'X': 3
Trace|10.2.4.2 'Y': 2
Debug|Generating previews...
Debug|Writing watch face to 'analog\analog_packed.bin'
Trace|Encoding parameters...
Trace|Parameter: 2
Trace|1 (0A):
Trace|    1 (08): 0 (00)
Trace|    2 (10): 0 (00)
Trace|    3 (18): 0 (00)
Trace|8 bytes
Trace|Parameter: 3
Trace|4 (22):
Trace|    1 (08): 0 (00)
Trace|    2 (10): 0 (00)
Trace|    3 (18): 1 (01)
Trace|    4 (20): 2 (02)
Trace|10 bytes
Trace|Parameter: 10
Trace|1 (0A):
Trace|    1 (08): 0 (00)
Trace|    2 (10): 16711680 (FF0000)
Trace|    3 (1A):
Trace|        1 (08): 88 (58)
Trace|        2 (10): 88 (58)
Trace|    6 bytes
Trace|    4 (22):
Trace|        1 (08): -52 (FFFFFFFFFFFFFFCC)
Trace|        2 (10): -8 (FFFFFFFFFFFFFFF8)
Trace|    24 bytes
Trace|    4 (22):
Trace|        1 (08): 52 (34)
Trace|        2 (10): 8 (08)
Trace|    6 bytes
Trace|    4 (22):
Trace|        1 (08): 52 (34)
Trace|        2 (10): -8 (FFFFFFFFFFFFFFF8)
Trace|    15 bytes
Trace|    4 (22):
Trace|        1 (08): -52 (FFFFFFFFFFFFFFCC)
Trace|        2 (10): 8 (08)
Trace|    15 bytes
Trace|75 bytes
Trace|2 (12):
Trace|    1 (08): 0 (00)
Trace|    2 (10): 16711680 (FF0000)
Trace|    3 (1A):
Trace|        1 (08): 88 (58)
Trace|        2 (10): 88 (58)
Trace|    6 bytes
Trace|    4 (22):
Trace|        1 (08): 3 (03)
Trace|        2 (10): -3 (FFFFFFFFFFFFFFFD)
Trace|    15 bytes
Trace|    4 (22):
Trace|        1 (08): 87 (57)
Trace|        2 (10): -2 (FFFFFFFFFFFFFFFE)
Trace|    15 bytes
Trace|    4 (22):
Trace|        1 (08): 87 (57)
Trace|        2 (10): 1 (01)
Trace|    6 bytes
Trace|    4 (22):
Trace|        1 (08): 3 (03)
Trace|        2 (10): 2 (02)
Trace|    6 bytes
Trace|57 bytes
Trace|Encoding offsets and lengths...
Trace|1 (0A):
Trace|    1 (08): 150 (96)
Trace|    2 (10): 3 (03)
Trace|7 bytes
Trace|2 (12):
Trace|    1 (08): 0 (00)
Trace|    2 (10): 8 (08)
Trace|6 bytes
Trace|3 (1A):
Trace|    1 (08): 8 (08)
Trace|    2 (10): 10 (0A)
Trace|6 bytes
Trace|10 (52):
Trace|    1 (08): 18 (12)
Trace|    2 (10): 132 (84)
Trace|7 bytes
Trace|Writing header...
Trace|Writing parameters offsets and lengths...
Trace|Writing parameters...
Trace|Writing images...
Trace|Image 0 offset is 0...
Debug|Encoding image 0...
Trace|Extracting palette...
Trace|Palette item 0: R 00, G 00, B 00
Trace|Palette item 1: R 00, G FF, B FF
Trace|Palette item 2: R FF, G FF, B FF
Trace|Palette item 3: R FF, G 00, B 00
Trace|Writing image header...
Trace|Width: 176, Height: 176, RowLength: 44
Trace|BPP: 2, PaletteColors: 4, Transaparency: 0
Trace|Writing palette...
Trace|Writing image...
Trace|Image 1 offset is 7776...
Debug|Encoding image 1...
Trace|Extracting palette...
Trace|Palette item 0: R 00, G 00, B 00
Trace|Palette item 1: R 00, G FF, B FF
Trace|Writing image header...
Trace|Width: 35, Height: 16, RowLength: 5
Trace|BPP: 1, PaletteColors: 2, Transaparency: 0
Trace|Writing palette...
Trace|Writing image...
Trace|Image 2 offset is 7880...
Debug|Encoding image 2...
Trace|Extracting palette...
Trace|Palette item 0: R 00, G 00, B 00
Trace|Palette item 1: R 00, G FF, B FF
Trace|Writing image header...
Trace|Width: 35, Height: 16, RowLength: 5
Trace|BPP: 1, PaletteColors: 2, Transaparency: 0
Trace|Writing palette...
Trace|Writing image...
Trace|Writing images offsets table
Debug|Writing images
Debug|Reading config...
Debug|Reading referenced images from 'analog'
Trace|Loading images for 2 'Background'
Trace|Loading images for 2.1 'Image'
Trace|Loading image 0...
Trace|Image was loaded from file analog\0000.png
Trace|Loading images for 3 'Time'
Trace|Loading images for 3.4 'AmPm'
Trace|Loading image 1...
Trace|Image was loaded from file analog\0036.png
Trace|Loading image 2...
Trace|Image was loaded from file analog\0037.png
Trace|Loading images for 10 'AnalogDialFace'
Trace|Loading images for 10.1 'ClockHand'
Trace|Loading images for 10.1.1 'Boolean'
Trace|Loading images for 10.1.3 'Coordinates'
Trace|Loading images for 10.2 'ClockHand'
Trace|Loading images for 10.2.1 'Boolean'
Trace|Loading images for 10.2.3 'Coordinates'
Trace|Building parameters for watch face...
Trace|2 'Background'
Trace|2.1 'Image'
Trace|2.1.1 'X': 0
Trace|2.1.2 'Y': 0
Trace|2.1.3 'ImageIndex': 0
Trace|3 'Time'
Trace|3.4 'AmPm'
Trace|3.4.1 'X': 0
Trace|3.4.2 'Y': 0
Trace|3.4.3 'ImageIndexAm': 1
Trace|3.4.4 'ImageIndexPm': 2
Trace|10 'AnalogDialFace'
Trace|10.1 'ClockHand'
Trace|10.1.1 'OnlyBorder': 0
Trace|10.1.2 'Color': 16711680
Trace|10.1.3 'Coordinates'
Trace|10.1.3.1 'X': 88
Trace|10.1.3.2 'Y': 88
Trace|10.1.4 'Coordinates'
Trace|10.1.4.1 'X': -52
Trace|10.1.4.2 'Y': -9
Trace|10.1.4 'Coordinates'
Trace|10.1.4.1 'X': 52
Trace|10.1.4.2 'Y': 9
Trace|10.1.4 'Coordinates'
Trace|10.1.4.1 'X': 52
Trace|10.1.4.2 'Y': -9
Trace|10.1.4 'Coordinates'
Trace|10.1.4.1 'X': -52
Trace|10.1.4.2 'Y': 9
Trace|10.2 'ClockHand'
Trace|10.2.1 'OnlyBorder': 0
Trace|10.2.2 'Color': 16711680
Trace|10.2.3 'Coordinates'
Trace|10.2.3.1 'X': 88
Trace|10.2.3.2 'Y': 88
Trace|10.2.4 'Coordinates'
Trace|10.2.4.1 'X': 3
Trace|10.2.4.2 'Y': -3
Trace|10.2.4 'Coordinates'
Trace|10.2.4.1 'X': 87
Trace|10.2.4.2 'Y': -2
Trace|10.2.4 'Coordinates'
Trace|10.2.4.1 'X': 87
Trace|10.2.4.2 'Y': 1
Trace|10.2.4 'Coordinates'
Trace|10.2.4.1 'X': 3
Trace|10.2.4.2 'Y': 2
Debug|Generating previews...
Debug|Writing watch face to 'analog\analog_packed.bin'
Trace|Encoding parameters...
Trace|Parameter: 2
Trace|1 (0A):
Trace|    1 (08): 0 (00)
Trace|    2 (10): 0 (00)
Trace|    3 (18): 0 (00)
Trace|8 bytes
Trace|Parameter: 3
Trace|4 (22):
Trace|    1 (08): 0 (00)
Trace|    2 (10): 0 (00)
Trace|    3 (18): 1 (01)
Trace|    4 (20): 2 (02)
Trace|10 bytes
Trace|Parameter: 10
Trace|1 (0A):
Trace|    1 (08): 0 (00)
Trace|    2 (10): 16711680 (FF0000)
Trace|    3 (1A):
Trace|        1 (08): 88 (58)
Trace|        2 (10): 88 (58)
Trace|    6 bytes
Trace|    4 (22):
Trace|        1 (08): -52 (FFFFFFFFFFFFFFCC)
Trace|        2 (10): -9 (FFFFFFFFFFFFFFF7)
Trace|    24 bytes
Trace|    4 (22):
Trace|        1 (08): 52 (34)
Trace|        2 (10): 9 (09)
Trace|    6 bytes
Trace|    4 (22):
Trace|        1 (08): 52 (34)
Trace|        2 (10): -9 (FFFFFFFFFFFFFFF7)
Trace|    15 bytes
Trace|    4 (22):
Trace|        1 (08): -52 (FFFFFFFFFFFFFFCC)
Trace|        2 (10): 9 (09)
Trace|    15 bytes
Trace|75 bytes
Trace|2 (12):
Trace|    1 (08): 0 (00)
Trace|    2 (10): 16711680 (FF0000)
Trace|    3 (1A):
Trace|        1 (08): 88 (58)
Trace|        2 (10): 88 (58)
Trace|    6 bytes
Trace|    4 (22):
Trace|        1 (08): 3 (03)
Trace|        2 (10): -3 (FFFFFFFFFFFFFFFD)
Trace|    15 bytes
Trace|    4 (22):
Trace|        1 (08): 87 (57)
Trace|        2 (10): -2 (FFFFFFFFFFFFFFFE)
Trace|    15 bytes
Trace|    4 (22):
Trace|        1 (08): 87 (57)
Trace|        2 (10): 1 (01)
Trace|    6 bytes
Trace|    4 (22):
Trace|        1 (08): 3 (03)
Trace|        2 (10): 2 (02)
Trace|    6 bytes
Trace|57 bytes
Trace|Encoding offsets and lengths...
Trace|1 (0A):
Trace|    1 (08): 150 (96)
Trace|    2 (10): 3 (03)
Trace|7 bytes
Trace|2 (12):
Trace|    1 (08): 0 (00)
Trace|    2 (10): 8 (08)
Trace|6 bytes
Trace|3 (1A):
Trace|    1 (08): 8 (08)
Trace|    2 (10): 10 (0A)
Trace|6 bytes
Trace|10 (52):
Trace|    1 (08): 18 (12)
Trace|    2 (10): 132 (84)
Trace|7 bytes
Trace|Writing header...
Trace|Writing parameters offsets and lengths...
Trace|Writing parameters...
Trace|Writing images...
Trace|Image 0 offset is 0...
Debug|Encoding image 0...
Trace|Extracting palette...
Trace|Palette item 0: R 00, G 00, B 00
Trace|Palette item 1: R 00, G FF, B FF
Trace|Palette item 2: R FF, G FF, B FF
Trace|Palette item 3: R FF, G 00, B 00
Trace|Writing image header...
Trace|Width: 176, Height: 176, RowLength: 44
Trace|BPP: 2, PaletteColors: 4, Transaparency: 0
Trace|Writing palette...
Trace|Writing image...
Trace|Image 1 offset is 7776...
Debug|Encoding image 1...
Trace|Extracting palette...
Trace|Palette item 0: R 00, G 00, B 00
Trace|Palette item 1: R 00, G FF, B FF
Trace|Writing image header...
Trace|Width: 35, Height: 16, RowLength: 5
Trace|BPP: 1, PaletteColors: 2, Transaparency: 0
Trace|Writing palette...
Trace|Writing image...
Trace|Image 2 offset is 7880...
Debug|Encoding image 2...
Trace|Extracting palette...
Trace|Palette item 0: R 00, G 00, B 00
Trace|Palette item 1: R 00, G FF, B FF
Trace|Writing image header...
Trace|Width: 35, Height: 16, RowLength: 5
Trace|BPP: 1, PaletteColors: 2, Transaparency: 0
Trace|Writing palette...
Trace|Writing image...
Trace|Writing images offsets table
Debug|Writing images
Debug|Reading config...
Debug|Reading referenced images from 'analog'
Trace|Loading images for 2 'Background'
Trace|Loading images for 2.1 'Image'
Trace|Loading image 0...
Trace|Image was loaded from file analog\0000.png
Trace|Loading images for 3 'Time'
Trace|Loading images for 3.4 'AmPm'
Trace|Loading image 1...
Trace|Image was loaded from file analog\0036.png
Trace|Loading image 2...
Trace|Image was loaded from file analog\0037.png
Trace|Loading images for 10 'AnalogDialFace'
Trace|Loading images for 10.1 'ClockHand'
Trace|Loading images for 10.1.1 'Boolean'
Trace|Loading images for 10.1.3 'Coordinates'
Trace|Loading images for 10.2 'ClockHand'
Trace|Loading images for 10.2.1 'Boolean'
Trace|Loading images for 10.2.3 'Coordinates'
Trace|Building parameters for watch face...
Trace|2 'Background'
Trace|2.1 'Image'
Trace|2.1.1 'X': 0
Trace|2.1.2 'Y': 0
Trace|2.1.3 'ImageIndex': 0
Trace|3 'Time'
Trace|3.4 'AmPm'
Trace|3.4.1 'X': 0
Trace|3.4.2 'Y': 0
Trace|3.4.3 'ImageIndexAm': 1
Trace|3.4.4 'ImageIndexPm': 2
Trace|10 'AnalogDialFace'
Trace|10.1 'ClockHand'
Trace|10.1.1 'OnlyBorder': 0
Trace|10.1.2 'Color': 16711680
Trace|10.1.3 'Coordinates'
Trace|10.1.3.1 'X': 88
Trace|10.1.3.2 'Y': 88
Trace|10.1.4 'Coordinates'
Trace|10.1.4.1 'X': -52
Trace|10.1.4.2 'Y': -2
Trace|10.1.4 'Coordinates'
Trace|10.1.4.1 'X': 52
Trace|10.1.4.2 'Y': 2
Trace|10.1.4 'Coordinates'
Trace|10.1.4.1 'X': 52
Trace|10.1.4.2 'Y': -2
Trace|10.1.4 'Coordinates'
Trace|10.1.4.1 'X': -52
Trace|10.1.4.2 'Y': 2
Trace|10.2 'ClockHand'
Trace|10.2.1 'OnlyBorder': 0
Trace|10.2.2 'Color': 16711680
Trace|10.2.3 'Coordinates'
Trace|10.2.3.1 'X': 88
Trace|10.2.3.2 'Y': 88
Trace|10.2.4 'Coordinates'
Trace|10.2.4.1 'X': 3
Trace|10.2.4.2 'Y': -3
Trace|10.2.4 'Coordinates'
Trace|10.2.4.1 'X': 87
Trace|10.2.4.2 'Y': -2
Trace|10.2.4 'Coordinates'
Trace|10.2.4.1 'X': 87
Trace|10.2.4.2 'Y': 1
Trace|10.2.4 'Coordinates'
Trace|10.2.4.1 'X': 3
Trace|10.2.4.2 'Y': 2
Debug|Generating previews...
Debug|Writing watch face to 'analog\analog_packed.bin'
Trace|Encoding parameters...
Trace|Parameter: 2
Trace|1 (0A):
Trace|    1 (08): 0 (00)
Trace|    2 (10): 0 (00)
Trace|    3 (18): 0 (00)
Trace|8 bytes
Trace|Parameter: 3
Trace|4 (22):
Trace|    1 (08): 0 (00)
Trace|    2 (10): 0 (00)
Trace|    3 (18): 1 (01)
Trace|    4 (20): 2 (02)
Trace|10 bytes
Trace|Parameter: 10
Trace|1 (0A):
Trace|    1 (08): 0 (00)
Trace|    2 (10): 16711680 (FF0000)
Trace|    3 (1A):
Trace|        1 (08): 88 (58)
Trace|        2 (10): 88 (58)
Trace|    6 bytes
Trace|    4 (22):
Trace|        1 (08): -52 (FFFFFFFFFFFFFFCC)
Trace|        2 (10): -2 (FFFFFFFFFFFFFFFE)
Trace|    24 bytes
Trace|    4 (22):
Trace|        1 (08): 52 (34)
Trace|        2 (10): 2 (02)
Trace|    6 bytes
Trace|    4 (22):
Trace|        1 (08): 52 (34)
Trace|        2 (10): -2 (FFFFFFFFFFFFFFFE)
Trace|    15 bytes
Trace|    4 (22):
Trace|        1 (08): -52 (FFFFFFFFFFFFFFCC)
Trace|        2 (10): 2 (02)
Trace|    15 bytes
Trace|75 bytes
Trace|2 (12):
Trace|    1 (08): 0 (00)
Trace|    2 (10): 16711680 (FF0000)
Trace|    3 (1A):
Trace|        1 (08): 88 (58)
Trace|        2 (10): 88 (58)
Trace|    6 bytes
Trace|    4 (22):
Trace|        1 (08): 3 (03)
Trace|        2 (10): -3 (FFFFFFFFFFFFFFFD)
Trace|    15 bytes
Trace|    4 (22):
Trace|        1 (08): 87 (57)
Trace|        2 (10): -2 (FFFFFFFFFFFFFFFE)
Trace|    15 bytes
Trace|    4 (22):
Trace|        1 (08): 87 (57)
Trace|        2 (10): 1 (01)
Trace|    6 bytes
Trace|    4 (22):
Trace|        1 (08): 3 (03)
Trace|        2 (10): 2 (02)
Trace|    6 bytes
Trace|57 bytes
Trace|Encoding offsets and lengths...
Trace|1 (0A):
Trace|    1 (08): 150 (96)
Trace|    2 (10): 3 (03)
Trace|7 bytes
Trace|2 (12):
Trace|    1 (08): 0 (00)
Trace|    2 (10): 8 (08)
Trace|6 bytes
Trace|3 (1A):
Trace|    1 (08): 8 (08)
Trace|    2 (10): 10 (0A)
Trace|6 bytes
Trace|10 (52):
Trace|    1 (08): 18 (12)
Trace|    2 (10): 132 (84)
Trace|7 bytes
Trace|Writing header...
Trace|Writing parameters offsets and lengths...
Trace|Writing parameters...
Trace|Writing images...
Trace|Image 0 offset is 0...
Debug|Encoding image 0...
Trace|Extracting palette...
Trace|Palette item 0: R 00, G 00, B 00
Trace|Palette item 1: R 00, G FF, B FF
Trace|Palette item 2: R FF, G FF, B FF
Trace|Palette item 3: R FF, G 00, B 00
Trace|Writing image header...
Trace|Width: 176, Height: 176, RowLength: 44
Trace|BPP: 2, PaletteColors: 4, Transaparency: 0
Trace|Writing palette...
Trace|Writing image...
Trace|Image 1 offset is 7776...
Debug|Encoding image 1...
Trace|Extracting palette...
Trace|Palette item 0: R 00, G 00, B 00
Trace|Palette item 1: R 00, G FF, B FF
Trace|Writing image header...
Trace|Width: 35, Height: 16, RowLength: 5
Trace|BPP: 1, PaletteColors: 2, Transaparency: 0
Trace|Writing palette...
Trace|Writing image...
Trace|Image 2 offset is 7880...
Debug|Encoding image 2...
Trace|Extracting palette...
Trace|Palette item 0: R 00, G 00, B 00
Trace|Palette item 1: R 00, G FF, B FF
Trace|Writing image header...
Trace|Width: 35, Height: 16, RowLength: 5
Trace|BPP: 1, PaletteColors: 2, Transaparency: 0
Trace|Writing palette...
Trace|Writing image...
Trace|Writing images offsets table
Debug|Writing images
Debug|Reading config...
Debug|Reading referenced images from 'analog'
Trace|Loading images for 2 'Background'
Trace|Loading images for 2.1 'Image'
Trace|Loading image 0...
Trace|Image was loaded from file analog\0000.png
Trace|Loading images for 3 'Time'
Trace|Loading images for 3.4 'AmPm'
Trace|Loading image 1...
Trace|Image was loaded from file analog\0044.png
Trace|Loading image 2...
Trace|Image was loaded from file analog\0045.png
Trace|Loading images for 10 'AnalogDialFace'
Trace|Loading images for 10.1 'ClockHand'
Trace|Loading images for 10.1.1 'Boolean'
Trace|Loading images for 10.1.3 'Coordinates'
Trace|Loading images for 10.2 'ClockHand'
Trace|Loading images for 10.2.1 'Boolean'
Trace|Loading images for 10.2.3 'Coordinates'
Trace|Building parameters for watch face...
Trace|2 'Background'
Trace|2.1 'Image'
Trace|2.1.1 'X': 0
Trace|2.1.2 'Y': 0
Trace|2.1.3 'ImageIndex': 0
Trace|3 'Time'
Trace|3.4 'AmPm'
Trace|3.4.1 'X': 0
Trace|3.4.2 'Y': 0
Trace|3.4.3 'ImageIndexAm': 1
Trace|3.4.4 'ImageIndexPm': 2
Trace|10 'AnalogDialFace'
Trace|10.1 'ClockHand'
Trace|10.1.1 'OnlyBorder': 0
Trace|10.1.2 'Color': 16711680
Trace|10.1.3 'Coordinates'
Trace|10.1.3.1 'X': 88
Trace|10.1.3.2 'Y': 88
Trace|10.1.4 'Coordinates'
Trace|10.1.4.1 'X': -52
Trace|10.1.4.2 'Y': -2
Trace|10.1.4 'Coordinates'
Trace|10.1.4.1 'X': 52
Trace|10.1.4.2 'Y': 2
Trace|10.1.4 'Coordinates'
Trace|10.1.4.1 'X': 52
Trace|10.1.4.2 'Y': -2
Trace|10.1.4 'Coordinates'
Trace|10.1.4.1 'X': -52
Trace|10.1.4.2 'Y': 2
Trace|10.2 'ClockHand'
Trace|10.2.1 'OnlyBorder': 0
Trace|10.2.2 'Color': 16711680
Trace|10.2.3 'Coordinates'
Trace|10.2.3.1 'X': 88
Trace|10.2.3.2 'Y': 88
Trace|10.2.4 'Coordinates'
Trace|10.2.4.1 'X': 3
Trace|10.2.4.2 'Y': -3
Trace|10.2.4 'Coordinates'
Trace|10.2.4.1 'X': 87
Trace|10.2.4.2 'Y': -2
Trace|10.2.4 'Coordinates'
Trace|10.2.4.1 'X': 87
Trace|10.2.4.2 'Y': 1
Trace|10.2.4 'Coordinates'
Trace|10.2.4.1 'X': 3
Trace|10.2.4.2 'Y': 2
Debug|Generating previews...
Debug|Writing watch face to 'analog\analog_packed.bin'
Trace|Encoding parameters...
Trace|Parameter: 2
Trace|1 (0A):
Trace|    1 (08): 0 (00)
Trace|    2 (10): 0 (00)
Trace|    3 (18): 0 (00)
Trace|8 bytes
Trace|Parameter: 3
Trace|4 (22):
Trace|    1 (08): 0 (00)
Trace|    2 (10): 0 (00)
Trace|    3 (18): 1 (01)
Trace|    4 (20): 2 (02)
Trace|10 bytes
Trace|Parameter: 10
Trace|1 (0A):
Trace|    1 (08): 0 (00)
Trace|    2 (10): 16711680 (FF0000)
Trace|    3 (1A):
Trace|        1 (08): 88 (58)
Trace|        2 (10): 88 (58)
Trace|    6 bytes
Trace|    4 (22):
Trace|        1 (08): -52 (FFFFFFFFFFFFFFCC)
Trace|        2 (10): -2 (FFFFFFFFFFFFFFFE)
Trace|    24 bytes
Trace|    4 (22):
Trace|        1 (08): 52 (34)
Trace|        2 (10): 2 (02)
Trace|    6 bytes
Trace|    4 (22):
Trace|        1 (08): 52 (34)
Trace|        2 (10): -2 (FFFFFFFFFFFFFFFE)
Trace|    15 bytes
Trace|    4 (22):
Trace|        1 (08): -52 (FFFFFFFFFFFFFFCC)
Trace|        2 (10): 2 (02)
Trace|    15 bytes
Trace|75 bytes
Trace|2 (12):
Trace|    1 (08): 0 (00)
Trace|    2 (10): 16711680 (FF0000)
Trace|    3 (1A):
Trace|        1 (08): 88 (58)
Trace|        2 (10): 88 (58)
Trace|    6 bytes
Trace|    4 (22):
Trace|        1 (08): 3 (03)
Trace|        2 (10): -3 (FFFFFFFFFFFFFFFD)
Trace|    15 bytes
Trace|    4 (22):
Trace|        1 (08): 87 (57)
Trace|        2 (10): -2 (FFFFFFFFFFFFFFFE)
Trace|    15 bytes
Trace|    4 (22):
Trace|        1 (08): 87 (57)
Trace|        2 (10): 1 (01)
Trace|    6 bytes
Trace|    4 (22):
Trace|        1 (08): 3 (03)
Trace|        2 (10): 2 (02)
Trace|    6 bytes
Trace|57 bytes
Trace|Encoding offsets and lengths...
Trace|1 (0A):
Trace|    1 (08): 150 (96)
Trace|    2 (10): 3 (03)
Trace|7 bytes
Trace|2 (12):
Trace|    1 (08): 0 (00)
Trace|    2 (10): 8 (08)
Trace|6 bytes
Trace|3 (1A):
Trace|    1 (08): 8 (08)
Trace|    2 (10): 10 (0A)
Trace|6 bytes
Trace|10 (52):
Trace|    1 (08): 18 (12)
Trace|    2 (10): 132 (84)
Trace|7 bytes
Trace|Writing header...
Trace|Writing parameters offsets and lengths...
Trace|Writing parameters...
Trace|Writing images...
Trace|Image 0 offset is 0...
Debug|Encoding image 0...
Trace|Extracting palette...
Trace|Palette item 0: R 00, G 00, B 00
Trace|Palette item 1: R 00, G FF, B FF
Trace|Palette item 2: R FF, G FF, B FF
Trace|Palette item 3: R FF, G 00, B 00
Trace|Writing image header...
Trace|Width: 176, Height: 176, RowLength: 44
Trace|BPP: 2, PaletteColors: 4, Transaparency: 0
Trace|Writing palette...
Trace|Writing image...
Trace|Image 1 offset is 7776...
Debug|Encoding image 1...
Trace|Extracting palette...
Trace|Palette item 0: R 00, G 00, B 00
Trace|Palette item 1: R 00, G 00, B 00, Transaparent color
Trace|Palette item 2: R 00, G FF, B FF
Trace|Palette item 3: R FF, G FF, B FF
Trace|Palette item 4: R FF, G 00, B 00
Trace|Writing image header...
Trace|Width: 176, Height: 176, RowLength: 88
Trace|BPP: 4, PaletteColors: 5, Transaparency: 1
Trace|Writing palette...
Trace|Writing image...
Trace|Image 2 offset is 23300...
Debug|Encoding image 2...
Trace|Extracting palette...
Trace|Palette item 0: R 00, G 00, B 00, Transaparent color
Trace|Palette item 1: R 00, G 00, B 00
Trace|Palette item 2: R 00, G FF, B FF
Trace|Palette item 3: R FF, G FF, B FF
Trace|Palette item 4: R FF, G 00, B 00
Trace|Writing image header...
Trace|Width: 176, Height: 176, RowLength: 88
Trace|BPP: 4, PaletteColors: 5, Transaparency: 1
Trace|Writing palette...
Trace|Writing image...
Trace|Writing images offsets table
Debug|Writing images
