Debug|Reading config...
Debug|Reading referenced images from ''
Trace|Loading images for 2 'Background'
Trace|Loading images for 2.1 'Image'
Trace|Loading image 0...
Trace|Image was loaded from file 0000.png
Trace|Loading images for 3 'Time'
Trace|Loading images for 3.1 'TwoDigits'
Trace|Loading images for 3.1.1 'ImageSet'
Trace|Loading image 1...
Trace|Image was loaded from file 0001.png
Trace|Loading image 2...
Trace|Image was loaded from file 0002.png
Trace|Loading image 3...
Trace|Image was loaded from file 0003.png
Trace|Loading image 4...
Trace|Image was loaded from file 0004.png
Trace|Loading image 5...
Trace|Image was loaded from file 0005.png
Trace|Loading image 6...
Trace|Image was loaded from file 0006.png
Trace|Loading image 7...
Trace|Image was loaded from file 0007.png
Trace|Loading image 8...
Trace|Image was loaded from file 0008.png
Trace|Loading image 9...
Trace|Image was loaded from file 0009.png
Trace|Loading image 10...
Trace|Image was loaded from file 0010.png
Trace|Loading images for 3.1.2 'ImageSet'
Trace|Loading images for 3.2 'TwoDigits'
Trace|Loading images for 3.2.1 'ImageSet'
Trace|Loading image 11...
Trace|Image was loaded from file 0011.png
Trace|Loading image 12...
Trace|Image was loaded from file 0012.png
Trace|Loading image 13...
Trace|Image was loaded from file 0013.png
Trace|Loading image 14...
Trace|Image was loaded from file 0014.png
Trace|Loading image 15...
Trace|Image was loaded from file 0015.png
Trace|Loading image 16...
Trace|Image was loaded from file 0016.png
Trace|Loading image 17...
Trace|Image was loaded from file 0017.png
Trace|Loading image 18...
Trace|Image was loaded from file 0018.png
Trace|Loading image 19...
Trace|Image was loaded from file 0019.png
Trace|Loading image 20...
Trace|Image was loaded from file 0020.png
Trace|Loading images for 3.2.2 'ImageSet'
Trace|Loading images for 4 'Activity'
Trace|Loading images for 4.1 'Number'
Trace|Loading images for 4.1.5 'TextAlignment'
Trace|Loading image 21...
Trace|Image was loaded from file 0021.png
Trace|Loading image 22...
Trace|Image was loaded from file 0022.png
Trace|Loading image 23...
Trace|Image was loaded from file 0023.png
Trace|Loading image 24...
Trace|Image was loaded from file 0024.png
Trace|Loading image 25...
Trace|Image was loaded from file 0025.png
Trace|Loading image 26...
Trace|Image was loaded from file 0026.png
Trace|Loading image 27...
Trace|Image was loaded from file 0027.png
Trace|Loading image 28...
Trace|Image was loaded from file 0028.png
Trace|Loading image 29...
Trace|Image was loaded from file 0029.png
Trace|Loading image 30...
Trace|Image was loaded from file 0030.png
Trace|Loading images for 4.3 'Number'
Trace|Loading images for 4.3.5 'TextAlignment'
Trace|Loading image 31...
Trace|Image was loaded from file 0031.png
Trace|Loading image 32...
Trace|Image was loaded from file 0032.png
Trace|Loading image 33...
Trace|Image was loaded from file 0033.png
Trace|Loading image 34...
Trace|Image was loaded from file 0034.png
Trace|Loading image 35...
Trace|Image was loaded from file 0035.png
Trace|Loading image 36...
Trace|Image was loaded from file 0036.png
Trace|Loading image 37...
Trace|Image was loaded from file 0037.png
Trace|Loading image 38...
Trace|Image was loaded from file 0038.png
Trace|Loading image 39...
Trace|Image was loaded from file 0039.png
Trace|Loading image 40...
Trace|Image was loaded from file 0040.png
Trace|Loading images for 4.5 'FormattedNumber'
Trace|Loading images for 4.5.1 'Number'
Trace|Loading images for 4.5.1.5 'TextAlignment'
Trace|Loading image 41...
Trace|Image was loaded from file 0041.png
Trace|Loading image 42...
Trace|Image was loaded from file 0042.png
Trace|Loading image 43...
Trace|Image was loaded from file 0043.png
Trace|Loading image 44...
Trace|Image was loaded from file 0044.png
Trace|Loading image 45...
Trace|Image was loaded from file 0045.png
Trace|Loading image 46...
Trace|Image was loaded from file 0046.png
Trace|Loading image 47...
Trace|Image was loaded from file 0047.png
Trace|Loading image 48...
Trace|Image was loaded from file 0048.png
Trace|Loading image 49...
Trace|Image was loaded from file 0049.png
Trace|Loading image 50...
Trace|Image was loaded from file 0050.png
Trace|Loading image 51...
Trace|Image was loaded from file 0051.png
Trace|Loading image 52...
Trace|Image was loaded from file 0052.png
Trace|Loading images for 5 'Date'
Trace|Loading images for 5.1 'MonthAndDay'
Trace|Loading images for 5.1.1 'SeparateMonthAndDay'
Trace|Loading images for 5.1.1.1 'Number'
Trace|Loading images for 5.1.1.1.5 'TextAlignment'
Trace|Loading image 53...
Trace|Image was loaded from file 0053.png
Trace|Loading image 54...
Trace|Image was loaded from file 0054.png
Trace|Loading image 55...
Trace|Image was loaded from file 0055.png
Trace|Loading image 56...
Trace|Image was loaded from file 0056.png
Trace|Loading image 57...
Trace|Image was loaded from file 0057.png
Trace|Loading image 58...
Trace|Image was loaded from file 0058.png
Trace|Loading image 59...
Trace|Image was loaded from file 0059.png
Trace|Loading image 60...
Trace|Image was loaded from file 0060.png
Trace|Loading image 61...
Trace|Image was loaded from file 0061.png
Trace|Loading image 62...
Trace|Image was loaded from file 0062.png
Trace|Loading images for 5.1.1.3 'Number'
Trace|Loading images for 5.1.1.3.5 'TextAlignment'
Trace|Loading images for 5.1.3 'Boolean'
Trace|Loading images for 5.1.4 'Boolean'
Trace|Loading images for 5.2 'ImageSet'
Trace|Loading image 63...
Trace|Image was loaded from file 0063.png
Trace|Loading image 64...
Trace|Image was loaded from file 0064.png
Trace|Loading image 65...
Trace|Image was loaded from file 0065.png
Trace|Loading image 66...
Trace|Image was loaded from file 0066.png
Trace|Loading image 67...
Trace|Image was loaded from file 0067.png
Trace|Loading image 68...
Trace|Image was loaded from file 0068.png
Trace|Loading image 69...
Trace|Image was loaded from file 0069.png
Trace|Loading images for 6 'Weather'
Trace|Loading images for 6.1 'WeatherIcon'
Trace|Loading images for 6.1.2 'CustomWeatherIcon'
Trace|Loading image 70...
Trace|Image was loaded from file 0070.png
Trace|Loading image 71...
Trace|Image was loaded from file 0071.png
Trace|Loading image 72...
Trace|Image was loaded from file 0072.png
Trace|Loading image 73...
Trace|Image was loaded from file 0073.png
Trace|Loading image 74...
Trace|Image was loaded from file 0074.png
Trace|Loading image 75...
Trace|Image was loaded from file 0075.png
Trace|Loading image 76...
Trace|Image was loaded from file 0076.png
Trace|Loading image 77...
Trace|Image was loaded from file 0077.png
Trace|Loading image 78...
Trace|Image was loaded from file 0078.png
Trace|Loading image 79...
Trace|Image was loaded from file 0079.png
Trace|Loading image 80...
Trace|Image was loaded from file 0080.png
Trace|Loading image 81...
Trace|Image was loaded from file 0081.png
Trace|Loading image 82...
Trace|Image was loaded from file 0082.png
Trace|Loading image 83...
Trace|Image was loaded from file 0083.png
Trace|Loading image 84...
Trace|Image was loaded from file 0084.png
Trace|Loading image 85...
Trace|Image was loaded from file 0085.png
Trace|Loading image 86...
Trace|Image was loaded from file 0086.png
Trace|Loading image 87...
Trace|Image was loaded from file 0087.png
Trace|Loading image 88...
Trace|Image was loaded from file 0088.png
Trace|Loading image 89...
Trace|Image was loaded from file 0089.png
Trace|Loading image 90...
Trace|Image was loaded from file 0090.png
Trace|Loading image 91...
Trace|Image was loaded from file 0091.png
Trace|Loading image 92...
Trace|Image was loaded from file 0092.png
Trace|Loading image 93...
Trace|Image was loaded from file 0093.png
Trace|Loading image 94...
Trace|Image was loaded from file 0094.png
Trace|Loading image 95...
Trace|Image was loaded from file 0095.png
Trace|Loading images for 6.2 'Temperature'
Trace|Loading images for 6.2.1 'TemperatureNumber'
Trace|Loading images for 6.2.1.1 'Number'
Trace|Loading images for 6.2.1.1.5 'TextAlignment'
Trace|Loading image 96...
Trace|Image was loaded from file 0096.png
Trace|Loading image 97...
Trace|Image was loaded from file 0097.png
Trace|Loading image 98...
Trace|Image was loaded from file 0098.png
Trace|Loading image 99...
Trace|Image was loaded from file 0099.png
Trace|Loading image 100...
Trace|Image was loaded from file 0100.png
Trace|Loading image 101...
Trace|Image was loaded from file 0101.png
Trace|Loading image 102...
Trace|Image was loaded from file 0102.png
Trace|Loading image 103...
Trace|Image was loaded from file 0103.png
Trace|Loading image 104...
Trace|Image was loaded from file 0104.png
Trace|Loading image 105...
Trace|Image was loaded from file 0105.png
Trace|Loading image 106...
Trace|Image was loaded from file 0106.png
Trace|Loading image 107...
Trace|Image was loaded from file 0107.png
Trace|Loading images for 6.2.2 'TodayTemperature'
Trace|Loading images for 6.2.2.2 'OneLineTemperature'
Trace|Loading images for 6.2.2.2.1 'Number'
Trace|Loading images for 6.2.2.2.1.5 'TextAlignment'
Trace|Loading image 108...
Trace|Image was loaded from file 0108.png
Trace|Loading image 109...
Trace|Image was loaded from file 0109.png
Trace|Loading images for 6.2.2.2.4 'Boolean'
Trace|Loading image 110...
Trace|Image was loaded from file 0110.png
Trace|Loading images for 8 'Status'
Trace|Loading images for 8.1 'Switch'
Trace|Loading images for 8.1.1 'Coordinates'
Trace|Loading image 111...
Trace|Image was loaded from file 0111.png
Trace|Loading image 112...
Trace|Image was loaded from file 0112.png
Trace|Loading images for 8.2 'Switch'
Trace|Loading images for 8.2.1 'Coordinates'
Trace|Loading image 113...
Trace|Image was loaded from file 0113.png
Trace|Loading images for 8.4 'Switch'
Trace|Loading images for 8.4.1 'Coordinates'
Trace|Loading image 114...
Trace|Image was loaded from file 0114.png
Trace|Loading images for 9 'Battery'
Trace|Loading images for 9.1 'Number'
Trace|Loading images for 9.1.5 'TextAlignment'
Trace|Loading image 115...
Trace|Image was loaded from file 0115.png
Trace|Loading image 116...
Trace|Image was loaded from file 0116.png
Trace|Loading image 117...
Trace|Image was loaded from file 0117.png
Trace|Loading image 118...
Trace|Image was loaded from file 0118.png
Trace|Loading image 119...
Trace|Image was loaded from file 0119.png
Trace|Loading image 120...
Trace|Image was loaded from file 0120.png
Trace|Loading image 121...
Trace|Image was loaded from file 0121.png
Trace|Loading image 122...
Trace|Image was loaded from file 0122.png
Trace|Loading image 123...
Trace|Image was loaded from file 0123.png
Trace|Loading image 124...
Trace|Image was loaded from file 0124.png
Trace|Loading images for 9.2 'ImageSet'
Trace|Loading image 125...
Trace|Image was loaded from file 0125.png
Trace|Loading image 126...
Trace|Image was loaded from file 0126.png
Trace|Loading image 127...
Trace|Image was loaded from file 0127.png
Trace|Loading image 128...
Trace|Image was loaded from file 0128.png
Trace|Loading image 129...
Trace|Image was loaded from file 0129.png
Trace|Loading image 130...
Trace|Image was loaded from file 0130.png
Trace|Loading images for 10 'AnalogDialFace'
Trace|Loading images for 10.1 'ClockHand'
Trace|Loading images for 10.1.1 'Boolean'
Trace|Loading images for 10.1.3 'Coordinates'
Trace|Loading images for 10.2 'ClockHand'
Trace|Loading images for 10.2.1 'Boolean'
Trace|Loading images for 10.2.3 'Coordinates'
Trace|Building parameters for watch face...
Trace|2 'Background'
Trace|2.1 'Image'
Trace|2.1.1 'X': 0
Trace|2.1.2 'Y': 0
Trace|2.1.3 'ImageIndex': 0
Trace|3 'Time'
Trace|3.1 'TwoDigits'
Trace|3.1.1 'ImageSet'
Trace|3.1.1.1 'X': 14
Trace|3.1.1.2 'Y': 68
Trace|3.1.1.3 'ImageIndex': 1
Trace|3.1.1.4 'ImagesCount': 10
Trace|3.1.2 'ImageSet'
Trace|3.1.2.1 'X': 43
Trace|3.1.2.2 'Y': 68
Trace|3.1.2.3 'ImageIndex': 1
Trace|3.1.2.4 'ImagesCount': 10
Trace|3.2 'TwoDigits'
Trace|3.2.1 'ImageSet'
Trace|3.2.1.1 'X': 75
Trace|3.2.1.2 'Y': 68
Trace|3.2.1.3 'ImageIndex': 11
Trace|3.2.1.4 'ImagesCount': 10
Trace|3.2.2 'ImageSet'
Trace|3.2.2.1 'X': 104
Trace|3.2.2.2 'Y': 68
Trace|3.2.2.3 'ImageIndex': 11
Trace|3.2.2.4 'ImagesCount': 10
Trace|4 'Activity'
Trace|4.1 'Number'
Trace|4.1.1 'TopLeftX': 16
Trace|4.1.2 'TopLeftY': 157
Trace|4.1.3 'BottomRightX': 67
Trace|4.1.4 'BottomRightY': 170
Trace|4.1.5 'Alignment': 18
Trace|4.1.6 'Spacing': 3
Trace|4.1.7 'ImageIndex': 21
Trace|4.1.8 'ImagesCount': 10
Trace|4.3 'Number'
Trace|4.3.1 'TopLeftX': 106
Trace|4.3.2 'TopLeftY': 157
Trace|4.3.3 'BottomRightX': 143
Trace|4.3.4 'BottomRightY': 170
Trace|4.3.5 'Alignment': 24
Trace|4.3.6 'Spacing': 2
Trace|4.3.7 'ImageIndex': 31
Trace|4.3.8 'ImagesCount': 10
Trace|4.5 'FormattedNumber'
Trace|4.5.1 'Number'
Trace|4.5.1.1 'TopLeftX': 73
Trace|4.5.1.2 'TopLeftY': 157
Trace|4.5.1.3 'BottomRightX': 100
Trace|4.5.1.4 'BottomRightY': 170
Trace|4.5.1.5 'Alignment': 24
Trace|4.5.1.6 'Spacing': 1
Trace|4.5.1.7 'ImageIndex': 41
Trace|4.5.1.8 'ImagesCount': 10
Trace|4.5.2 'SuffixImageIndex': 51
Trace|4.5.3 'DecimalPointImageIndex': 52
Trace|5 'Date'
Trace|5.1 'MonthAndDay'
Trace|5.1.1 'SeparateMonthAndDay'
Trace|5.1.1.1 'Number'
Trace|5.1.1.1.1 'TopLeftX': -176
Trace|5.1.1.1.2 'TopLeftY': 126
Trace|5.1.1.1.3 'BottomRightX': 351
Trace|5.1.1.1.4 'BottomRightY': 139
Trace|5.1.1.1.5 'Alignment': 18
Trace|5.1.1.1.6 'Spacing': -176
Trace|5.1.1.1.7 'ImageIndex': 53
Trace|5.1.1.1.8 'ImagesCount': 10
Trace|5.1.1.3 'Number'
Trace|5.1.1.3.1 'TopLeftX': 45
Trace|5.1.1.3.2 'TopLeftY': 126
Trace|5.1.1.3.3 'BottomRightX': 63
Trace|5.1.1.3.4 'BottomRightY': 139
Trace|5.1.1.3.5 'Alignment': 18
Trace|5.1.1.3.6 'Spacing': 3
Trace|5.1.1.3.7 'ImageIndex': 21
Trace|5.1.1.3.8 'ImagesCount': 10
Trace|5.1.3 'TwoDigitsMonth': 0
Trace|5.1.4 'TwoDigitsDay': 1
Trace|5.2 'ImageSet'
Trace|5.2.1 'X': 10
Trace|5.2.2 'Y': 125
Trace|5.2.3 'ImageIndex': 63
Trace|5.2.4 'ImagesCount': 7
Trace|6 'Weather'
Trace|6.1 'WeatherIcon'
Trace|6.1.2 'CustomWeatherIcon'
Trace|6.1.2.1 'X': 71
Trace|6.1.2.2 'Y': 17
Trace|6.1.2.3 'ImageIndex': 70
Trace|6.1.2.4 'ImagesCount': 26
Trace|6.2 'Temperature'
Trace|6.2.1 'TemperatureNumber'
Trace|6.2.1.1 'Number'
Trace|6.2.1.1.1 'TopLeftX': 132
Trace|6.2.1.1.2 'TopLeftY': 103
Trace|6.2.1.1.3 'BottomRightX': 165
Trace|6.2.1.1.4 'BottomRightY': 116
Trace|6.2.1.1.5 'Alignment': 24
Trace|6.2.1.1.6 'Spacing': 2
Trace|6.2.1.1.7 'ImageIndex': 96
Trace|6.2.1.1.8 'ImagesCount': 10
Trace|6.2.1.2 'MinusImageIndex': 106
Trace|6.2.1.3 'DegreesImageIndex': 107
Trace|6.2.2 'TodayTemperature'
Trace|6.2.2.2 'OneLineTemperature'
Trace|6.2.2.2.1 'Number'
Trace|6.2.2.2.1.1 'TopLeftX': 124
Trace|6.2.2.2.1.2 'TopLeftY': 56
Trace|6.2.2.2.1.3 'BottomRightX': 175
Trace|6.2.2.2.1.4 'BottomRightY': 64
Trace|6.2.2.2.1.5 'Alignment': 24
Trace|6.2.2.2.1.6 'Spacing': 2
Trace|6.2.2.2.1.7 'ImageIndex': 41
Trace|6.2.2.2.1.8 'ImagesCount': 10
Trace|6.2.2.2.2 'MinusSignImageIndex': 108
Trace|6.2.2.2.3 'DelimiterImageIndex': 109
Trace|6.2.2.2.4 'AppendDegreesForBoth': 0
Trace|6.2.2.2.5 'DegreesImageIndex': 110
Trace|8 'Status'
Trace|8.1 'Switch'
Trace|8.1.1 'Coordinates'
Trace|8.1.1.1 'X': 23
Trace|8.1.1.2 'Y': 54
Trace|8.1.2 'ImageIndexOn': 111
Trace|8.1.3 'ImageIndexOff': 112
Trace|8.2 'Switch'
Trace|8.2.1 'Coordinates'
Trace|8.2.1.1 'X': 82
Trace|8.2.1.2 'Y': 4
Trace|8.2.2 'ImageIndexOn': 113
Trace|8.4 'Switch'
Trace|8.4.1 'Coordinates'
Trace|8.4.1.1 'X': 65
Trace|8.4.1.2 'Y': 3
Trace|8.4.2 'ImageIndexOn': 114
Trace|9 'Battery'
Trace|9.1 'Number'
Trace|9.1.1 'TopLeftX': 110
Trace|9.1.2 'TopLeftY': 5
Trace|9.1.3 'BottomRightX': 128
Trace|9.1.4 'BottomRightY': 13
Trace|9.1.5 'Alignment': 20
Trace|9.1.6 'Spacing': 2
Trace|9.1.7 'ImageIndex': 115
Trace|9.1.8 'ImagesCount': 10
Trace|9.2 'ImageSet'
Trace|9.2.1 'X': 140
Trace|9.2.2 'Y': 4
Trace|9.2.3 'ImageIndex': 125
Trace|9.2.4 'ImagesCount': 6
Trace|10 'AnalogDialFace'
Trace|10.1 'ClockHand'
Trace|10.1.1 'OnlyBorder': 0
Trace|10.1.2 'Color': 16777215
Trace|10.1.3 'Coordinates'
Trace|10.1.3.1 'X': 40
Trace|10.1.3.2 'Y': 35
Trace|10.1.4 'Coordinates'
Trace|10.1.4.1 'X': 0
Trace|10.1.4.2 'Y': -1
Trace|10.1.4 'Coordinates'
Trace|10.1.4.1 'X': 15
Trace|10.1.4.2 'Y': -1
Trace|10.1.4 'Coordinates'
Trace|10.1.4.1 'X': 15
Trace|10.1.4.2 'Y': 1
Trace|10.1.4 'Coordinates'
Trace|10.1.4.1 'X': 0
Trace|10.1.4.2 'Y': 1
Trace|10.2 'ClockHand'
Trace|10.2.1 'OnlyBorder': 0
Trace|10.2.2 'Color': 16737792
Trace|10.2.3 'Coordinates'
Trace|10.2.3.1 'X': 40
Trace|10.2.3.2 'Y': 35
Trace|10.2.4 'Coordinates'
Trace|10.2.4.1 'X': 0
Trace|10.2.4.2 'Y': -1
Trace|10.2.4 'Coordinates'
Trace|10.2.4.1 'X': 25
Trace|10.2.4.2 'Y': -1
Trace|10.2.4 'Coordinates'
Trace|10.2.4.1 'X': 25
Trace|10.2.4.2 'Y': 1
Trace|10.2.4 'Coordinates'
Trace|10.2.4.1 'X': 0
Trace|10.2.4.2 'Y': 1
Debug|Generating previews...
Debug|Writing watch face to 'GreenDigWeekLine_packed.bin'
Trace|Encoding parameters...
Trace|Parameter: 2
Trace|1 (0A):
Trace|    1 (08): 0 (00)
Trace|    2 (10): 0 (00)
Trace|    3 (18): 0 (00)
Trace|8 bytes
Trace|Parameter: 3
Trace|1 (0A):
Trace|    1 (0A):
Trace|        1 (08): 14 (0E)
Trace|        2 (10): 68 (44)
Trace|        3 (18): 1 (01)
Trace|        4 (20): 10 (0A)
Trace|    10 bytes
Trace|    2 (12):
Trace|        1 (08): 43 (2B)
Trace|        2 (10): 68 (44)
Trace|        3 (18): 1 (01)
Trace|        4 (20): 10 (0A)
Trace|    10 bytes
Trace|22 bytes
Trace|2 (12):
Trace|    1 (0A):
Trace|        1 (08): 75 (4B)
Trace|        2 (10): 68 (44)
Trace|        3 (18): 11 (0B)
Trace|        4 (20): 10 (0A)
Trace|    10 bytes
Trace|    2 (12):
Trace|        1 (08): 104 (68)
Trace|        2 (10): 68 (44)
Trace|        3 (18): 11 (0B)
Trace|        4 (20): 10 (0A)
Trace|    10 bytes
Trace|22 bytes
Trace|Parameter: 4
Trace|1 (0A):
Trace|    1 (08): 16 (10)
Trace|    2 (10): 157 (9D)
Trace|    3 (18): 67 (43)
Trace|    4 (20): 170 (AA)
Trace|    5 (28): 18 (12)
Trace|    6 (30): 3 (03)
Trace|    7 (38): 21 (15)
Trace|    8 (40): 10 (0A)
Trace|20 bytes
Trace|3 (1A):
Trace|    1 (08): 106 (6A)
Trace|    2 (10): 157 (9D)
Trace|    3 (18): 143 (8F)
Trace|    4 (20): 170 (AA)
Trace|    5 (28): 24 (18)
Trace|    6 (30): 2 (02)
Trace|    7 (38): 31 (1F)
Trace|    8 (40): 10 (0A)
Trace|21 bytes
Trace|5 (2A):
Trace|    1 (0A):
Trace|        1 (08): 73 (49)
Trace|        2 (10): 157 (9D)
Trace|        3 (18): 100 (64)
Trace|        4 (20): 170 (AA)
Trace|        5 (28): 24 (18)
Trace|        6 (30): 1 (01)
Trace|        7 (38): 41 (29)
Trace|        8 (40): 10 (0A)
Trace|    20 bytes
Trace|    2 (10): 51 (33)
Trace|    3 (18): 52 (34)
Trace|26 bytes
Trace|Parameter: 5
Trace|1 (0A):
Trace|    1 (0A):
Trace|        1 (0A):
Trace|            1 (08): -176 (FFFFFFFFFFFFFF50)
Trace|            2 (10): 126 (7E)
Trace|            3 (18): 351 (15F)
Trace|            4 (20): 139 (8B)
Trace|            5 (28): 18 (12)
Trace|            6 (30): -176 (FFFFFFFFFFFFFF50)
Trace|            7 (38): 53 (35)
Trace|            8 (40): 10 (0A)
Trace|        38 bytes
Trace|        3 (1A):
Trace|            1 (08): 45 (2D)
Trace|            2 (10): 126 (7E)
Trace|            3 (18): 63 (3F)
Trace|            4 (20): 139 (8B)
Trace|            5 (28): 18 (12)
Trace|            6 (30): 3 (03)
Trace|            7 (38): 21 (15)
Trace|            8 (40): 10 (0A)
Trace|        19 bytes
Trace|    59 bytes
Trace|    3 (18): 0 (00)
Trace|    4 (20): 1 (01)
Trace|65 bytes
Trace|2 (12):
Trace|    1 (08): 10 (0A)
Trace|    2 (10): 125 (7D)
Trace|    3 (18): 63 (3F)
Trace|    4 (20): 7 (07)
Trace|10 bytes
Trace|Parameter: 6
Trace|1 (0A):
Trace|    2 (12):
Trace|        1 (08): 71 (47)
Trace|        2 (10): 17 (11)
Trace|        3 (18): 70 (46)
Trace|        4 (20): 26 (1A)
Trace|    10 bytes
Trace|12 bytes
Trace|2 (12):
Trace|    1 (0A):
Trace|        1 (0A):
Trace|            1 (08): 132 (84)
Trace|            2 (10): 103 (67)
Trace|            3 (18): 165 (A5)
Trace|            4 (20): 116 (74)
Trace|            5 (28): 24 (18)
Trace|            6 (30): 2 (02)
Trace|            7 (38): 96 (60)
Trace|            8 (40): 10 (0A)
Trace|        20 bytes
Trace|        2 (10): 106 (6A)
Trace|        3 (18): 107 (6B)
Trace|    26 bytes
Trace|    2 (12):
Trace|        2 (12):
Trace|            1 (0A):
Trace|                1 (08): 124 (7C)
Trace|                2 (10): 56 (38)
Trace|                3 (18): 175 (AF)
Trace|                4 (20): 64 (40)
Trace|                5 (28): 24 (18)
Trace|                6 (30): 2 (02)
Trace|                7 (38): 41 (29)
Trace|                8 (40): 10 (0A)
Trace|            19 bytes
Trace|            2 (10): 108 (6C)
Trace|            3 (18): 109 (6D)
Trace|            4 (20): 0 (00)
Trace|            5 (28): 110 (6E)
Trace|        29 bytes
Trace|    31 bytes
Trace|59 bytes
Trace|Parameter: 8
Trace|1 (0A):
Trace|    1 (0A):
Trace|        1 (08): 23 (17)
Trace|        2 (10): 54 (36)
Trace|    6 bytes
Trace|    2 (10): 111 (6F)
Trace|    3 (18): 112 (70)
Trace|12 bytes
Trace|2 (12):
Trace|    1 (0A):
Trace|        1 (08): 82 (52)
Trace|        2 (10): 4 (04)
Trace|    6 bytes
Trace|    2 (10): 113 (71)
Trace|10 bytes
Trace|4 (22):
Trace|    1 (0A):
Trace|        1 (08): 65 (41)
Trace|        2 (10): 3 (03)
Trace|    6 bytes
Trace|    2 (10): 114 (72)
Trace|10 bytes
Trace|Parameter: 9
Trace|1 (0A):
Trace|    1 (08): 110 (6E)
Trace|    2 (10): 5 (05)
Trace|    3 (18): 128 (80)
Trace|    4 (20): 13 (0D)
Trace|    5 (28): 20 (14)
Trace|    6 (30): 2 (02)
Trace|    7 (38): 115 (73)
Trace|    8 (40): 10 (0A)
Trace|19 bytes
Trace|2 (12):
Trace|    1 (08): 140 (8C)
Trace|    2 (10): 4 (04)
Trace|    3 (18): 125 (7D)
Trace|    4 (20): 6 (06)
Trace|11 bytes
Trace|Parameter: 10
Trace|1 (0A):
Trace|    1 (08): 0 (00)
Trace|    2 (10): 16777215 (FFFFFF)
Trace|    3 (1A):
Trace|        1 (08): 40 (28)
Trace|        2 (10): 35 (23)
Trace|    6 bytes
Trace|    4 (22):
Trace|        1 (08): 0 (00)
Trace|        2 (10): -1 (FFFFFFFFFFFFFFFF)
Trace|    15 bytes
Trace|    4 (22):
Trace|        1 (08): 15 (0F)
Trace|        2 (10): -1 (FFFFFFFFFFFFFFFF)
Trace|    15 bytes
Trace|    4 (22):
Trace|        1 (08): 15 (0F)
Trace|        2 (10): 1 (01)
Trace|    6 bytes
Trace|    4 (22):
Trace|        1 (08): 0 (00)
Trace|        2 (10): 1 (01)
Trace|    6 bytes
Trace|57 bytes
Trace|2 (12):
Trace|    1 (08): 0 (00)
Trace|    2 (10): 16737792 (FF6600)
Trace|    3 (1A):
Trace|        1 (08): 40 (28)
Trace|        2 (10): 35 (23)
Trace|    6 bytes
Trace|    4 (22):
Trace|        1 (08): 0 (00)
Trace|        2 (10): -1 (FFFFFFFFFFFFFFFF)
Trace|    15 bytes
Trace|    4 (22):
Trace|        1 (08): 25 (19)
Trace|        2 (10): -1 (FFFFFFFFFFFFFFFF)
Trace|    15 bytes
Trace|    4 (22):
Trace|        1 (08): 25 (19)
Trace|        2 (10): 1 (01)
Trace|    6 bytes
Trace|    4 (22):
Trace|        1 (08): 0 (00)
Trace|        2 (10): 1 (01)
Trace|    6 bytes
Trace|57 bytes
Trace|Encoding offsets and lengths...
Trace|1 (0A):
Trace|    1 (08): 441 (1B9)
Trace|    2 (10): 131 (83)
Trace|8 bytes
Trace|2 (12):
Trace|    1 (08): 0 (00)
Trace|    2 (10): 8 (08)
Trace|6 bytes
Trace|3 (1A):
Trace|    1 (08): 8 (08)
Trace|    2 (10): 44 (2C)
Trace|6 bytes
Trace|4 (22):
Trace|    1 (08): 52 (34)
Trace|    2 (10): 67 (43)
Trace|6 bytes
Trace|5 (2A):
Trace|    1 (08): 119 (77)
Trace|    2 (10): 75 (4B)
Trace|6 bytes
Trace|6 (32):
Trace|    1 (08): 194 (C2)
Trace|    2 (10): 71 (47)
Trace|7 bytes
Trace|8 (42):
Trace|    1 (08): 265 (109)
Trace|    2 (10): 32 (20)
Trace|7 bytes
Trace|9 (4A):
Trace|    1 (08): 297 (129)
Trace|    2 (10): 30 (1E)
Trace|7 bytes
Trace|10 (52):
Trace|    1 (08): 327 (147)
Trace|    2 (10): 114 (72)
Trace|7 bytes
Trace|Writing header...
Trace|Writing parameters offsets and lengths...
Trace|Writing parameters...
Trace|Writing images...
Trace|Image 0 offset is 0...
Debug|Encoding image 0...
Trace|Extracting palette...
Trace|Palette item 0: R 00, G 00, B 00
Trace|Palette item 1: R 00, G FF, B FF
Trace|Palette item 2: R 00, G 00, B FF
Trace|Palette item 3: R FF, G FF, B FF
Trace|Writing image header...
Trace|Width: 176, Height: 176, RowLength: 44
Trace|BPP: 2, PaletteColors: 4, Transaparency: 0
Trace|Writing palette...
Trace|Writing image...
Trace|Image 1 offset is 7776...
Debug|Encoding image 1...
Trace|Extracting palette...
Trace|Palette item 0: R 00, G 00, B 00
Trace|Palette item 1: R FF, G FF, B FF
Trace|Writing image header...
Trace|Width: 22, Height: 52, RowLength: 3
Trace|BPP: 1, PaletteColors: 2, Transaparency: 0
Trace|Writing palette...
Trace|Writing image...
Trace|Image 2 offset is 7956...
Debug|Encoding image 2...
Trace|Extracting palette...
Trace|Palette item 0: R 00, G 00, B 00
Trace|Palette item 1: R FF, G FF, B FF
Trace|Writing image header...
Trace|Width: 22, Height: 52, RowLength: 3
Trace|BPP: 1, PaletteColors: 2, Transaparency: 0
Trace|Writing palette...
Trace|Writing image...
Trace|Image 3 offset is 8136...
Debug|Encoding image 3...
Trace|Extracting palette...
Trace|Palette item 0: R 00, G 00, B 00
Trace|Palette item 1: R FF, G FF, B FF
Trace|Writing image header...
Trace|Width: 22, Height: 52, RowLength: 3
Trace|BPP: 1, PaletteColors: 2, Transaparency: 0
Trace|Writing palette...
Trace|Writing image...
Trace|Image 4 offset is 8316...
Debug|Encoding image 4...
Trace|Extracting palette...
Trace|Palette item 0: R 00, G 00, B 00
Trace|Palette item 1: R FF, G FF, B FF
Trace|Writing image header...
Trace|Width: 22, Height: 52, RowLength: 3
Trace|BPP: 1, PaletteColors: 2, Transaparency: 0
Trace|Writing palette...
Trace|Writing image...
Trace|Image 5 offset is 8496...
Debug|Encoding image 5...
Trace|Extracting palette...
Trace|Palette item 0: R 00, G 00, B 00
Trace|Palette item 1: R FF, G FF, B FF
Trace|Writing image header...
Trace|Width: 22, Height: 52, RowLength: 3
Trace|BPP: 1, PaletteColors: 2, Transaparency: 0
Trace|Writing palette...
Trace|Writing image...
Trace|Image 6 offset is 8676...
Debug|Encoding image 6...
Trace|Extracting palette...
Trace|Palette item 0: R 00, G 00, B 00
Trace|Palette item 1: R FF, G FF, B FF
Trace|Writing image header...
Trace|Width: 22, Height: 52, RowLength: 3
Trace|BPP: 1, PaletteColors: 2, Transaparency: 0
Trace|Writing palette...
Trace|Writing image...
Trace|Image 7 offset is 8856...
Debug|Encoding image 7...
Trace|Extracting palette...
Trace|Palette item 0: R 00, G 00, B 00
Trace|Palette item 1: R FF, G FF, B FF
Trace|Writing image header...
Trace|Width: 22, Height: 52, RowLength: 3
Trace|BPP: 1, PaletteColors: 2, Transaparency: 0
Trace|Writing palette...
Trace|Writing image...
Trace|Image 8 offset is 9036...
Debug|Encoding image 8...
Trace|Extracting palette...
Trace|Palette item 0: R 00, G 00, B 00
Trace|Palette item 1: R FF, G FF, B FF
Trace|Writing image header...
Trace|Width: 22, Height: 52, RowLength: 3
Trace|BPP: 1, PaletteColors: 2, Transaparency: 0
Trace|Writing palette...
Trace|Writing image...
Trace|Image 9 offset is 9216...
Debug|Encoding image 9...
Trace|Extracting palette...
Trace|Palette item 0: R 00, G 00, B 00
Trace|Palette item 1: R FF, G FF, B FF
Trace|Writing image header...
Trace|Width: 22, Height: 52, RowLength: 3
Trace|BPP: 1, PaletteColors: 2, Transaparency: 0
Trace|Writing palette...
Trace|Writing image...
Trace|Image 10 offset is 9396...
Debug|Encoding image 10...
Trace|Extracting palette...
Trace|Palette item 0: R 00, G 00, B 00
Trace|Palette item 1: R FF, G FF, B FF
Trace|Writing image header...
Trace|Width: 22, Height: 52, RowLength: 3
Trace|BPP: 1, PaletteColors: 2, Transaparency: 0
Trace|Writing palette...
Trace|Writing image...
Trace|Image 11 offset is 9576...
Debug|Encoding image 11...
Trace|Extracting palette...
Trace|Palette item 0: R 00, G 00, B 00
Trace|Palette item 1: R 00, G FF, B 00
Trace|Writing image header...
Trace|Width: 22, Height: 52, RowLength: 3
Trace|BPP: 1, PaletteColors: 2, Transaparency: 0
Trace|Writing palette...
Trace|Writing image...
Trace|Image 12 offset is 9756...
Debug|Encoding image 12...
Trace|Extracting palette...
Trace|Palette item 0: R 00, G 00, B 00
Trace|Palette item 1: R 00, G FF, B 00
Trace|Writing image header...
Trace|Width: 22, Height: 52, RowLength: 3
Trace|BPP: 1, PaletteColors: 2, Transaparency: 0
Trace|Writing palette...
Trace|Writing image...
Trace|Image 13 offset is 9936...
Debug|Encoding image 13...
Trace|Extracting palette...
Trace|Palette item 0: R 00, G 00, B 00
Trace|Palette item 1: R 00, G FF, B 00
Trace|Writing image header...
Trace|Width: 22, Height: 52, RowLength: 3
Trace|BPP: 1, PaletteColors: 2, Transaparency: 0
Trace|Writing palette...
Trace|Writing image...
Trace|Image 14 offset is 10116...
Debug|Encoding image 14...
Trace|Extracting palette...
Trace|Palette item 0: R 00, G 00, B 00
Trace|Palette item 1: R 00, G FF, B 00
Trace|Writing image header...
Trace|Width: 22, Height: 52, RowLength: 3
Trace|BPP: 1, PaletteColors: 2, Transaparency: 0
Trace|Writing palette...
Trace|Writing image...
Trace|Image 15 offset is 10296...
Debug|Encoding image 15...
Trace|Extracting palette...
Trace|Palette item 0: R 00, G 00, B 00
Trace|Palette item 1: R 00, G FF, B 00
Trace|Writing image header...
Trace|Width: 22, Height: 52, RowLength: 3
Trace|BPP: 1, PaletteColors: 2, Transaparency: 0
Trace|Writing palette...
Trace|Writing image...
Trace|Image 16 offset is 10476...
Debug|Encoding image 16...
Trace|Extracting palette...
Trace|Palette item 0: R 00, G 00, B 00
Trace|Palette item 1: R 00, G FF, B 00
Trace|Writing image header...
Trace|Width: 22, Height: 52, RowLength: 3
Trace|BPP: 1, PaletteColors: 2, Transaparency: 0
Trace|Writing palette...
Trace|Writing image...
Trace|Image 17 offset is 10656...
Debug|Encoding image 17...
Trace|Extracting palette...
Trace|Palette item 0: R 00, G 00, B 00
Trace|Palette item 1: R 00, G FF, B 00
Trace|Writing image header...
Trace|Width: 22, Height: 52, RowLength: 3
Trace|BPP: 1, PaletteColors: 2, Transaparency: 0
Trace|Writing palette...
Trace|Writing image...
Trace|Image 18 offset is 10836...
Debug|Encoding image 18...
Trace|Extracting palette...
Trace|Palette item 0: R 00, G 00, B 00
Trace|Palette item 1: R 00, G FF, B 00
Trace|Writing image header...
Trace|Width: 22, Height: 52, RowLength: 3
Trace|BPP: 1, PaletteColors: 2, Transaparency: 0
Trace|Writing palette...
Trace|Writing image...
Trace|Image 19 offset is 11016...
Debug|Encoding image 19...
Trace|Extracting palette...
Trace|Palette item 0: R 00, G 00, B 00
Trace|Palette item 1: R 00, G FF, B 00
Trace|Writing image header...
Trace|Width: 22, Height: 52, RowLength: 3
Trace|BPP: 1, PaletteColors: 2, Transaparency: 0
Trace|Writing palette...
Trace|Writing image...
Trace|Image 20 offset is 11196...
Debug|Encoding image 20...
Trace|Extracting palette...
Trace|Palette item 0: R 00, G 00, B 00
Trace|Palette item 1: R 00, G FF, B 00
Trace|Writing image header...
Trace|Width: 22, Height: 52, RowLength: 3
Trace|BPP: 1, PaletteColors: 2, Transaparency: 0
Trace|Writing palette...
Trace|Writing image...
Trace|Image 21 offset is 11376...
Debug|Encoding image 21...
Trace|Extracting palette...
Trace|Palette item 0: R 00, G 00, B 00, Transaparent color
Trace|Palette item 1: R FF, G FF, B FF
Trace|Writing image header...
Trace|Width: 8, Height: 14, RowLength: 1
Trace|BPP: 1, PaletteColors: 2, Transaparency: 1
Trace|Writing palette...
Trace|Writing image...
Trace|Image 22 offset is 11414...
Debug|Encoding image 22...
Trace|Extracting palette...
Trace|Palette item 0: R 00, G 00, B 00, Transaparent color
Trace|Palette item 1: R FF, G FF, B FF
Trace|Writing image header...
Trace|Width: 8, Height: 14, RowLength: 1
Trace|BPP: 1, PaletteColors: 2, Transaparency: 1
Trace|Writing palette...
Trace|Writing image...
Trace|Image 23 offset is 11452...
Debug|Encoding image 23...
Trace|Extracting palette...
Trace|Palette item 0: R FF, G FF, B FF
Trace|Palette item 1: R 00, G 00, B 00, Transaparent color
Trace|Writing image header...
Trace|Width: 8, Height: 14, RowLength: 1
Trace|BPP: 1, PaletteColors: 2, Transaparency: 1
Trace|Writing palette...
Trace|Writing image...
Trace|Image 24 offset is 11490...
Debug|Encoding image 24...
Trace|Extracting palette...
Trace|Palette item 0: R FF, G FF, B FF
Trace|Palette item 1: R 00, G 00, B 00, Transaparent color
Trace|Writing image header...
Trace|Width: 8, Height: 14, RowLength: 1
Trace|BPP: 1, PaletteColors: 2, Transaparency: 1
Trace|Writing palette...
Trace|Writing image...
Trace|Image 25 offset is 11528...
Debug|Encoding image 25...
Trace|Extracting palette...
Trace|Palette item 0: R FF, G FF, B FF
Trace|Palette item 1: R 00, G 00, B 00, Transaparent color
Trace|Writing image header...
Trace|Width: 8, Height: 14, RowLength: 1
Trace|BPP: 1, PaletteColors: 2, Transaparency: 1
Trace|Writing palette...
Trace|Writing image...
Trace|Image 26 offset is 11566...
Debug|Encoding image 26...
Trace|Extracting palette...
Trace|Palette item 0: R 00, G 00, B 00, Transaparent color
Trace|Palette item 1: R FF, G FF, B FF
Trace|Writing image header...
Trace|Width: 8, Height: 14, RowLength: 1
Trace|BPP: 1, PaletteColors: 2, Transaparency: 1
Trace|Writing palette...
Trace|Writing image...
Trace|Image 27 offset is 11604...
Debug|Encoding image 27...
Trace|Extracting palette...
Trace|Palette item 0: R 00, G 00, B 00, Transaparent color
Trace|Palette item 1: R FF, G FF, B FF
Trace|Writing image header...
Trace|Width: 8, Height: 14, RowLength: 1
Trace|BPP: 1, PaletteColors: 2, Transaparency: 1
Trace|Writing palette...
Trace|Writing image...
Trace|Image 28 offset is 11642...
Debug|Encoding image 28...
Trace|Extracting palette...
Trace|Palette item 0: R FF, G FF, B FF
Trace|Palette item 1: R 00, G 00, B 00, Transaparent color
Trace|Writing image header...
Trace|Width: 8, Height: 14, RowLength: 1
Trace|BPP: 1, PaletteColors: 2, Transaparency: 1
Trace|Writing palette...
Trace|Writing image...
Trace|Image 29 offset is 11680...
Debug|Encoding image 29...
Trace|Extracting palette...
Trace|Palette item 0: R 00, G 00, B 00, Transaparent color
Trace|Palette item 1: R FF, G FF, B FF
Trace|Writing image header...
Trace|Width: 8, Height: 14, RowLength: 1
Trace|BPP: 1, PaletteColors: 2, Transaparency: 1
Trace|Writing palette...
Trace|Writing image...
Trace|Image 30 offset is 11718...
Debug|Encoding image 30...
Trace|Extracting palette...
Trace|Palette item 0: R 00, G 00, B 00, Transaparent color
Trace|Palette item 1: R FF, G FF, B FF
Trace|Writing image header...
Trace|Width: 8, Height: 14, RowLength: 1
Trace|BPP: 1, PaletteColors: 2, Transaparency: 1
Trace|Writing palette...
Trace|Writing image...
Trace|Image 31 offset is 11756...
Debug|Encoding image 31...
Trace|Extracting palette...
Trace|Palette item 0: R 00, G 00, B 00, Transaparent color
Trace|Palette item 1: R FF, G FF, B FF
Trace|Writing image header...
Trace|Width: 8, Height: 14, RowLength: 1
Trace|BPP: 1, PaletteColors: 2, Transaparency: 1
Trace|Writing palette...
Trace|Writing image...
Trace|Image 32 offset is 11794...
Debug|Encoding image 32...
Trace|Extracting palette...
Trace|Palette item 0: R 00, G 00, B 00, Transaparent color
Trace|Palette item 1: R FF, G FF, B FF
Trace|Writing image header...
Trace|Width: 8, Height: 14, RowLength: 1
Trace|BPP: 1, PaletteColors: 2, Transaparency: 1
Trace|Writing palette...
Trace|Writing image...
Trace|Image 33 offset is 11832...
Debug|Encoding image 33...
Trace|Extracting palette...
Trace|Palette item 0: R FF, G FF, B FF
Trace|Palette item 1: R 00, G 00, B 00, Transaparent color
Trace|Writing image header...
Trace|Width: 8, Height: 14, RowLength: 1
Trace|BPP: 1, PaletteColors: 2, Transaparency: 1
Trace|Writing palette...
Trace|Writing image...
Trace|Image 34 offset is 11870...
Debug|Encoding image 34...
Trace|Extracting palette...
Trace|Palette item 0: R FF, G FF, B FF
Trace|Palette item 1: R 00, G 00, B 00, Transaparent color
Trace|Writing image header...
Trace|Width: 8, Height: 14, RowLength: 1
Trace|BPP: 1, PaletteColors: 2, Transaparency: 1
Trace|Writing palette...
Trace|Writing image...
Trace|Image 35 offset is 11908...
Debug|Encoding image 35...
Trace|Extracting palette...
Trace|Palette item 0: R FF, G FF, B FF
Trace|Palette item 1: R 00, G 00, B 00, Transaparent color
Trace|Writing image header...
Trace|Width: 8, Height: 14, RowLength: 1
Trace|BPP: 1, PaletteColors: 2, Transaparency: 1
Trace|Writing palette...
Trace|Writing image...
Trace|Image 36 offset is 11946...
Debug|Encoding image 36...
Trace|Extracting palette...
Trace|Palette item 0: R 00, G 00, B 00, Transaparent color
Trace|Palette item 1: R FF, G FF, B FF
Trace|Writing image header...
Trace|Width: 8, Height: 14, RowLength: 1
Trace|BPP: 1, PaletteColors: 2, Transaparency: 1
Trace|Writing palette...
Trace|Writing image...
Trace|Image 37 offset is 11984...
Debug|Encoding image 37...
Trace|Extracting palette...
Trace|Palette item 0: R 00, G 00, B 00, Transaparent color
Trace|Palette item 1: R FF, G FF, B FF
Trace|Writing image header...
Trace|Width: 8, Height: 14, RowLength: 1
Trace|BPP: 1, PaletteColors: 2, Transaparency: 1
Trace|Writing palette...
Trace|Writing image...
Trace|Image 38 offset is 12022...
Debug|Encoding image 38...
Trace|Extracting palette...
Trace|Palette item 0: R FF, G FF, B FF
Trace|Palette item 1: R 00, G 00, B 00, Transaparent color
Trace|Writing image header...
Trace|Width: 8, Height: 14, RowLength: 1
Trace|BPP: 1, PaletteColors: 2, Transaparency: 1
Trace|Writing palette...
Trace|Writing image...
Trace|Image 39 offset is 12060...
Debug|Encoding image 39...
Trace|Extracting palette...
Trace|Palette item 0: R 00, G 00, B 00, Transaparent color
Trace|Palette item 1: R FF, G FF, B FF
Trace|Writing image header...
Trace|Width: 8, Height: 14, RowLength: 1
Trace|BPP: 1, PaletteColors: 2, Transaparency: 1
Trace|Writing palette...
Trace|Writing image...
Trace|Image 40 offset is 12098...
Debug|Encoding image 40...
Trace|Extracting palette...
Trace|Palette item 0: R 00, G 00, B 00, Transaparent color
Trace|Palette item 1: R FF, G FF, B FF
Trace|Writing image header...
Trace|Width: 8, Height: 14, RowLength: 1
Trace|BPP: 1, PaletteColors: 2, Transaparency: 1
Trace|Writing palette...
Trace|Writing image...
Trace|Image 41 offset is 12136...
Debug|Encoding image 41...
Trace|Extracting palette...
Trace|Palette item 0: R FF, G FF, B FF
Trace|Palette item 1: R 00, G 00, B 00, Transaparent color
Trace|Writing image header...
Trace|Width: 5, Height: 9, RowLength: 1
Trace|BPP: 1, PaletteColors: 2, Transaparency: 1
Trace|Writing palette...
Trace|Writing image...
Trace|Image 42 offset is 12169...
Debug|Encoding image 42...
Trace|Extracting palette...
Trace|Palette item 0: R 00, G 00, B 00, Transaparent color
Trace|Palette item 1: R FF, G FF, B FF
Trace|Writing image header...
Trace|Width: 5, Height: 9, RowLength: 1
Trace|BPP: 1, PaletteColors: 2, Transaparency: 1
Trace|Writing palette...
Trace|Writing image...
Trace|Image 43 offset is 12202...
Debug|Encoding image 43...
Trace|Extracting palette...
Trace|Palette item 0: R FF, G FF, B FF
Trace|Palette item 1: R 00, G 00, B 00, Transaparent color
Trace|Writing image header...
Trace|Width: 5, Height: 9, RowLength: 1
Trace|BPP: 1, PaletteColors: 2, Transaparency: 1
Trace|Writing palette...
Trace|Writing image...
Trace|Image 44 offset is 12235...
Debug|Encoding image 44...
Trace|Extracting palette...
Trace|Palette item 0: R FF, G FF, B FF
Trace|Palette item 1: R 00, G 00, B 00, Transaparent color
Trace|Writing image header...
Trace|Width: 5, Height: 9, RowLength: 1
Trace|BPP: 1, PaletteColors: 2, Transaparency: 1
Trace|Writing palette...
Trace|Writing image...
Trace|Image 45 offset is 12268...
Debug|Encoding image 45...
Trace|Extracting palette...
Trace|Palette item 0: R FF, G FF, B FF
Trace|Palette item 1: R 00, G 00, B 00, Transaparent color
Trace|Writing image header...
Trace|Width: 5, Height: 9, RowLength: 1
Trace|BPP: 1, PaletteColors: 2, Transaparency: 1
Trace|Writing palette...
Trace|Writing image...
Trace|Image 46 offset is 12301...
Debug|Encoding image 46...
Trace|Extracting palette...
Trace|Palette item 0: R FF, G FF, B FF
Trace|Palette item 1: R 00, G 00, B 00, Transaparent color
Trace|Writing image header...
Trace|Width: 5, Height: 9, RowLength: 1
Trace|BPP: 1, PaletteColors: 2, Transaparency: 1
Trace|Writing palette...
Trace|Writing image...
Trace|Image 47 offset is 12334...
Debug|Encoding image 47...
Trace|Extracting palette...
Trace|Palette item 0: R FF, G FF, B FF
Trace|Palette item 1: R 00, G 00, B 00, Transaparent color
Trace|Writing image header...
Trace|Width: 5, Height: 9, RowLength: 1
Trace|BPP: 1, PaletteColors: 2, Transaparency: 1
Trace|Writing palette...
Trace|Writing image...
Trace|Image 48 offset is 12367...
Debug|Encoding image 48...
Trace|Extracting palette...
Trace|Palette item 0: R FF, G FF, B FF
Trace|Palette item 1: R 00, G 00, B 00, Transaparent color
Trace|Writing image header...
Trace|Width: 5, Height: 9, RowLength: 1
Trace|BPP: 1, PaletteColors: 2, Transaparency: 1
Trace|Writing palette...
Trace|Writing image...
Trace|Image 49 offset is 12400...
Debug|Encoding image 49...
Trace|Extracting palette...
Trace|Palette item 0: R FF, G FF, B FF
Trace|Palette item 1: R 00, G 00, B 00, Transaparent color
Trace|Writing image header...
Trace|Width: 5, Height: 9, RowLength: 1
Trace|BPP: 1, PaletteColors: 2, Transaparency: 1
Trace|Writing palette...
Trace|Writing image...
Trace|Image 50 offset is 12433...
Debug|Encoding image 50...
Trace|Extracting palette...
Trace|Palette item 0: R FF, G FF, B FF
Trace|Palette item 1: R 00, G 00, B 00, Transaparent color
Trace|Writing image header...
Trace|Width: 5, Height: 9, RowLength: 1
Trace|BPP: 1, PaletteColors: 2, Transaparency: 1
Trace|Writing palette...
Trace|Writing image...
Trace|Image 51 offset is 12466...
Debug|Encoding image 51...
Trace|Extracting palette...
Trace|Palette item 0: R 00, G 00, B 00, Transaparent color
Trace|Palette item 1: R FF, G FF, B FF
Trace|Writing image header...
Trace|Width: 9, Height: 9, RowLength: 2
Trace|BPP: 1, PaletteColors: 2, Transaparency: 1
Trace|Writing palette...
Trace|Writing image...
Trace|Image 52 offset is 12508...
Debug|Encoding image 52...
Trace|Extracting palette...
Trace|Palette item 0: R 00, G 00, B 00, Transaparent color
Trace|Palette item 1: R FF, G FF, B FF
Trace|Writing image header...
Trace|Width: 1, Height: 9, RowLength: 1
Trace|BPP: 1, PaletteColors: 2, Transaparency: 1
Trace|Writing palette...
Trace|Writing image...
Trace|Image 53 offset is 12541...
Debug|Encoding image 53...
Trace|Extracting palette...
Trace|Palette item 0: R 00, G 00, B 00
Trace|Palette item 1: R FF, G FF, B FF
Trace|Palette item 2: R 00, G 00, B 00, Transaparent color
Trace|Writing image header...
Trace|Width: 352, Height: 14, RowLength: 88
Trace|BPP: 2, PaletteColors: 3, Transaparency: 1
Trace|Writing palette...
Trace|Writing image...
Trace|Image 54 offset is 13801...
Debug|Encoding image 54...
Trace|Extracting palette...
Trace|Palette item 0: R 00, G 00, B 00
Trace|Palette item 1: R FF, G FF, B FF
Trace|Palette item 2: R 00, G 00, B 00, Transaparent color
Trace|Writing image header...
Trace|Width: 352, Height: 14, RowLength: 88
Trace|BPP: 2, PaletteColors: 3, Transaparency: 1
Trace|Writing palette...
Trace|Writing image...
Trace|Image 55 offset is 15061...
Debug|Encoding image 55...
Trace|Extracting palette...
Trace|Palette item 0: R 00, G 00, B 00
Trace|Palette item 1: R FF, G FF, B FF
Trace|Palette item 2: R 00, G 00, B 00, Transaparent color
Trace|Writing image header...
Trace|Width: 352, Height: 14, RowLength: 88
Trace|BPP: 2, PaletteColors: 3, Transaparency: 1
Trace|Writing palette...
Trace|Writing image...
Trace|Image 56 offset is 16321...
Debug|Encoding image 56...
Trace|Extracting palette...
Trace|Palette item 0: R 00, G 00, B 00
Trace|Palette item 1: R FF, G FF, B FF
Trace|Writing image header...
Trace|Width: 352, Height: 14, RowLength: 44
Trace|BPP: 1, PaletteColors: 2, Transaparency: 0
Trace|Writing palette...
Trace|Writing image...
Trace|Image 57 offset is 16961...
Debug|Encoding image 57...
Trace|Extracting palette...
Trace|Palette item 0: R 00, G 00, B 00
Trace|Palette item 1: R FF, G FF, B FF
Trace|Writing image header...
Trace|Width: 352, Height: 14, RowLength: 44
Trace|BPP: 1, PaletteColors: 2, Transaparency: 0
Trace|Writing palette...
Trace|Writing image...
Trace|Image 58 offset is 17601...
Debug|Encoding image 58...
Trace|Extracting palette...
Trace|Palette item 0: R 00, G 00, B 00
Trace|Palette item 1: R FF, G FF, B FF
Trace|Writing image header...
Trace|Width: 352, Height: 14, RowLength: 44
Trace|BPP: 1, PaletteColors: 2, Transaparency: 0
Trace|Writing palette...
Trace|Writing image...
Trace|Image 59 offset is 18241...
Debug|Encoding image 59...
Trace|Extracting palette...
Trace|Palette item 0: R 00, G 00, B 00
Trace|Palette item 1: R FF, G FF, B FF
Trace|Writing image header...
Trace|Width: 352, Height: 14, RowLength: 44
Trace|BPP: 1, PaletteColors: 2, Transaparency: 0
Trace|Writing palette...
Trace|Writing image...
Trace|Image 60 offset is 18881...
Debug|Encoding image 60...
Trace|Extracting palette...
Trace|Palette item 0: R 00, G 00, B 00
Trace|Palette item 1: R FF, G FF, B FF
Trace|Writing image header...
Trace|Width: 352, Height: 14, RowLength: 44
Trace|BPP: 1, PaletteColors: 2, Transaparency: 0
Trace|Writing palette...
Trace|Writing image...
Trace|Image 61 offset is 19521...
Debug|Encoding image 61...
Trace|Extracting palette...
Trace|Palette item 0: R 00, G 00, B 00
Trace|Palette item 1: R FF, G FF, B FF
Trace|Writing image header...
Trace|Width: 352, Height: 14, RowLength: 44
Trace|BPP: 1, PaletteColors: 2, Transaparency: 0
Trace|Writing palette...
Trace|Writing image...
Trace|Image 62 offset is 20161...
Debug|Encoding image 62...
Trace|Extracting palette...
Trace|Palette item 0: R 00, G 00, B 00
Trace|Palette item 1: R FF, G FF, B FF
Trace|Writing image header...
Trace|Width: 352, Height: 14, RowLength: 44
Trace|BPP: 1, PaletteColors: 2, Transaparency: 0
Trace|Writing palette...
Trace|Writing image...
Trace|Image 63 offset is 20801...
Debug|Encoding image 63...
Trace|Extracting palette...
Trace|Palette item 0: R FF, G FF, B FF
Trace|Palette item 1: R 00, G 00, B 00, Transaparent color
Trace|Palette item 2: R 00, G 00, B 00
Trace|Writing image header...
Trace|Width: 154, Height: 26, RowLength: 39
Trace|BPP: 2, PaletteColors: 3, Transaparency: 1
Trace|Writing palette...
Trace|Writing image...
Trace|Image 64 offset is 21843...
Debug|Encoding image 64...
Trace|Extracting palette...
Trace|Palette item 0: R 00, G FF, B FF
Trace|Palette item 1: R 00, G 00, B 00, Transaparent color
Trace|Palette item 2: R 00, G 00, B 00
Trace|Palette item 3: R FF, G FF, B FF
Trace|Writing image header...
Trace|Width: 154, Height: 26, RowLength: 39
Trace|BPP: 2, PaletteColors: 4, Transaparency: 1
Trace|Writing palette...
Trace|Writing image...
Trace|Image 65 offset is 22889...
Debug|Encoding image 65...
Trace|Extracting palette...
Trace|Palette item 0: R FF, G 00, B FF
Trace|Palette item 1: R 00, G 00, B 00, Transaparent color
Trace|Palette item 2: R FF, G FF, B FF
Trace|Palette item 3: R 00, G 00, B 00
Trace|Palette item 4: R 00, G FF, B FF
Trace|Writing image header...
Trace|Width: 154, Height: 26, RowLength: 77
Trace|BPP: 4, PaletteColors: 5, Transaparency: 1
Trace|Writing palette...
Trace|Writing image...
Trace|Image 66 offset is 24927...
Debug|Encoding image 66...
Trace|Extracting palette...
Trace|Palette item 0: R 00, G FF, B 00
Trace|Palette item 1: R 00, G 00, B 00, Transaparent color
Trace|Palette item 2: R 00, G 00, B 00
Trace|Palette item 3: R FF, G FF, B FF
Trace|Palette item 4: R 00, G FF, B FF
Trace|Palette item 5: R FF, G 00, B FF
Trace|Writing image header...
Trace|Width: 154, Height: 26, RowLength: 77
Trace|BPP: 4, PaletteColors: 6, Transaparency: 1
Trace|Writing palette...
Trace|Writing image...
Trace|Image 67 offset is 26969...
Debug|Encoding image 67...
Trace|Extracting palette...
Trace|Palette item 0: R FF, G FF, B 00
Trace|Palette item 1: R 00, G 00, B 00, Transaparent color
Trace|Palette item 2: R 00, G 00, B 00
Trace|Palette item 3: R FF, G FF, B FF
Trace|Palette item 4: R 00, G FF, B FF
Trace|Palette item 5: R FF, G 00, B FF
Trace|Palette item 6: R 00, G FF, B 00
Trace|Writing image header...
Trace|Width: 154, Height: 26, RowLength: 77
Trace|BPP: 4, PaletteColors: 7, Transaparency: 1
Trace|Writing palette...
Trace|Writing image...
Trace|Image 68 offset is 29015...
Debug|Encoding image 68...
Trace|Extracting palette...
Trace|Palette item 0: R 00, G 00, B FF
Trace|Palette item 1: R 00, G 00, B 00, Transaparent color
Trace|Palette item 2: R FF, G FF, B FF
Trace|Palette item 3: R 00, G 00, B 00
Trace|Palette item 4: R 00, G FF, B FF
Trace|Palette item 5: R FF, G 00, B FF
Trace|Palette item 6: R 00, G FF, B 00
Trace|Palette item 7: R FF, G FF, B 00
Trace|Writing image header...
Trace|Width: 154, Height: 26, RowLength: 77
Trace|BPP: 4, PaletteColors: 8, Transaparency: 1
Trace|Writing palette...
Trace|Writing image...
Trace|Image 69 offset is 31065...
Debug|Encoding image 69...
Trace|Extracting palette...
Trace|Palette item 0: R FF, G 00, B 00
Trace|Palette item 1: R 00, G 00, B 00, Transaparent color
Trace|Palette item 2: R 00, G FF, B 00
Trace|Palette item 3: R 00, G 00, B 00
Trace|Palette item 4: R FF, G FF, B FF
Trace|Palette item 5: R 00, G FF, B FF
Trace|Palette item 6: R FF, G 00, B FF
Trace|Palette item 7: R FF, G FF, B 00
Trace|Palette item 8: R 00, G 00, B FF
Trace|Writing image header...
Trace|Width: 154, Height: 26, RowLength: 77
Trace|BPP: 4, PaletteColors: 9, Transaparency: 1
Trace|Writing palette...
Trace|Writing image...
Trace|Image 70 offset is 33119...
Debug|Encoding image 70...
Trace|Extracting palette...
Trace|Palette item 0: R 00, G 00, B 00, Transaparent color
Trace|Palette item 1: R FF, G 00, B 00
Trace|Writing image header...
Trace|Width: 90, Height: 80, RowLength: 12
Trace|BPP: 1, PaletteColors: 2, Transaparency: 1
Trace|Writing palette...
Trace|Writing image...
Trace|Image 71 offset is 34103...
Debug|Encoding image 71...
Trace|Extracting palette...
Trace|Palette item 0: R 00, G 00, B 00, Transaparent color
Trace|Palette item 1: R FF, G FF, B 00
Trace|Palette item 2: R 00, G 00, B 00
Trace|Palette item 3: R FF, G 00, B 00
Trace|Palette item 4: R 00, G FF, B FF
Trace|Writing image header...
Trace|Width: 90, Height: 80, RowLength: 45
Trace|BPP: 4, PaletteColors: 5, Transaparency: 1
Trace|Writing palette...
Trace|Writing image...
Trace|Image 72 offset is 37739...
Debug|Encoding image 72...
Trace|Extracting palette...
Trace|Palette item 0: R 00, G 00, B 00, Transaparent color
Trace|Palette item 1: R FF, G FF, B 00
Trace|Palette item 2: R 00, G 00, B 00
Trace|Palette item 3: R FF, G 00, B 00
Trace|Palette item 4: R 00, G FF, B FF
Trace|Palette item 5: R FF, G FF, B FF
Trace|Writing image header...
Trace|Width: 90, Height: 80, RowLength: 45
Trace|BPP: 4, PaletteColors: 6, Transaparency: 1
Trace|Writing palette...
Trace|Writing image...
Trace|Image 73 offset is 41379...
Debug|Encoding image 73...
Trace|Extracting palette...
Trace|Palette item 0: R 00, G 00, B 00, Transaparent color
Trace|Palette item 1: R FF, G FF, B 00
Trace|Palette item 2: R 00, G 00, B 00
Trace|Palette item 3: R FF, G 00, B 00
Trace|Palette item 4: R 00, G FF, B FF
Trace|Palette item 5: R FF, G FF, B FF
Trace|Writing image header...
Trace|Width: 90, Height: 80, RowLength: 45
Trace|BPP: 4, PaletteColors: 6, Transaparency: 1
Trace|Writing palette...
Trace|Writing image...
Trace|Image 74 offset is 45019...
Debug|Encoding image 74...
Trace|Extracting palette...
Trace|Palette item 0: R 00, G 00, B 00, Transaparent color
Trace|Palette item 1: R FF, G FF, B 00
Trace|Palette item 2: R 00, G 00, B 00
Trace|Palette item 3: R FF, G 00, B 00
Trace|Writing image header...
Trace|Width: 90, Height: 80, RowLength: 23
Trace|BPP: 2, PaletteColors: 4, Transaparency: 1
Trace|Writing palette...
Trace|Writing image...
Trace|Image 75 offset is 46891...
Debug|Encoding image 75...
Trace|Extracting palette...
Trace|Palette item 0: R 00, G 00, B 00, Transaparent color
Trace|Palette item 1: R FF, G FF, B 00
Trace|Palette item 2: R 00, G 00, B 00
Trace|Palette item 3: R 00, G FF, B FF
Trace|Writing image header...
Trace|Width: 90, Height: 80, RowLength: 23
Trace|BPP: 2, PaletteColors: 4, Transaparency: 1
Trace|Writing palette...
Trace|Writing image...
Trace|Image 76 offset is 48763...
Debug|Encoding image 76...
Trace|Extracting palette...
Trace|Palette item 0: R 00, G 00, B 00, Transaparent color
Trace|Palette item 1: R FF, G FF, B 00
Trace|Palette item 2: R 00, G 00, B 00
Trace|Palette item 3: R 00, G FF, B FF
Trace|Palette item 4: R FF, G FF, B FF
Trace|Writing image header...
Trace|Width: 90, Height: 80, RowLength: 45
Trace|BPP: 4, PaletteColors: 5, Transaparency: 1
Trace|Writing palette...
Trace|Writing image...
Trace|Image 77 offset is 52399...
Debug|Encoding image 77...
Trace|Extracting palette...
Trace|Palette item 0: R 00, G 00, B 00, Transaparent color
Trace|Palette item 1: R FF, G FF, B 00
Trace|Palette item 2: R 00, G 00, B 00
Trace|Palette item 3: R 00, G FF, B FF
Trace|Palette item 4: R FF, G FF, B FF
Trace|Writing image header...
Trace|Width: 90, Height: 80, RowLength: 45
Trace|BPP: 4, PaletteColors: 5, Transaparency: 1
Trace|Writing palette...
Trace|Writing image...
Trace|Image 78 offset is 56035...
Debug|Encoding image 78...
Trace|Extracting palette...
Trace|Palette item 0: R 00, G 00, B 00, Transaparent color
Trace|Palette item 1: R FF, G FF, B 00
Trace|Palette item 2: R 00, G 00, B 00
Trace|Palette item 3: R 00, G FF, B FF
Trace|Palette item 4: R FF, G FF, B FF
Trace|Writing image header...
Trace|Width: 90, Height: 80, RowLength: 45
Trace|BPP: 4, PaletteColors: 5, Transaparency: 1
Trace|Writing palette...
Trace|Writing image...
Trace|Image 79 offset is 59671...
Debug|Encoding image 79...
Trace|Extracting palette...
Trace|Palette item 0: R 00, G 00, B 00, Transaparent color
Trace|Palette item 1: R FF, G FF, B 00
Trace|Palette item 2: R 00, G 00, B 00
Trace|Palette item 3: R 00, G FF, B FF
Trace|Palette item 4: R FF, G FF, B FF
Trace|Writing image header...
Trace|Width: 90, Height: 80, RowLength: 45
Trace|BPP: 4, PaletteColors: 5, Transaparency: 1
Trace|Writing palette...
Trace|Writing image...
Trace|Image 80 offset is 63307...
Debug|Encoding image 80...
Trace|Extracting palette...
Trace|Palette item 0: R 00, G 00, B 00, Transaparent color
Trace|Palette item 1: R FF, G FF, B 00
Trace|Palette item 2: R 00, G 00, B 00
Trace|Palette item 3: R 00, G FF, B FF
Trace|Palette item 4: R FF, G FF, B FF
Trace|Writing image header...
Trace|Width: 90, Height: 80, RowLength: 45
Trace|BPP: 4, PaletteColors: 5, Transaparency: 1
Trace|Writing palette...
Trace|Writing image...
Trace|Image 81 offset is 66943...
Debug|Encoding image 81...
Trace|Extracting palette...
Trace|Palette item 0: R 00, G 00, B 00, Transaparent color
Trace|Palette item 1: R FF, G FF, B 00
Trace|Palette item 2: R 00, G 00, B 00
Trace|Palette item 3: R 00, G FF, B FF
Trace|Palette item 4: R FF, G FF, B FF
Trace|Writing image header...
Trace|Width: 90, Height: 80, RowLength: 45
Trace|BPP: 4, PaletteColors: 5, Transaparency: 1
Trace|Writing palette...
Trace|Writing image...
Trace|Image 82 offset is 70579...
Debug|Encoding image 82...
Trace|Extracting palette...
Trace|Palette item 0: R 00, G 00, B 00, Transaparent color
Trace|Palette item 1: R FF, G FF, B 00
Trace|Palette item 2: R 00, G 00, B 00
Trace|Writing image header...
Trace|Width: 90, Height: 80, RowLength: 23
Trace|BPP: 2, PaletteColors: 3, Transaparency: 1
Trace|Writing palette...
Trace|Writing image...
Trace|Image 83 offset is 72447...
Debug|Encoding image 83...
Trace|Extracting palette...
Trace|Palette item 0: R 00, G 00, B 00, Transaparent color
Trace|Palette item 1: R FF, G FF, B 00
Trace|Palette item 2: R 00, G 00, B 00
Trace|Palette item 3: R 00, G FF, B FF
Trace|Palette item 4: R FF, G FF, B FF
Trace|Writing image header...
Trace|Width: 90, Height: 80, RowLength: 45
Trace|BPP: 4, PaletteColors: 5, Transaparency: 1
Trace|Writing palette...
Trace|Writing image...
Trace|Image 84 offset is 76083...
Debug|Encoding image 84...
Trace|Extracting palette...
Trace|Palette item 0: R 00, G 00, B 00, Transaparent color
Trace|Palette item 1: R FF, G FF, B 00
Trace|Palette item 2: R 00, G 00, B 00
Trace|Palette item 3: R FF, G FF, B FF
Trace|Writing image header...
Trace|Width: 90, Height: 80, RowLength: 23
Trace|BPP: 2, PaletteColors: 4, Transaparency: 1
Trace|Writing palette...
Trace|Writing image...
Trace|Image 85 offset is 77955...
Debug|Encoding image 85...
Trace|Extracting palette...
Trace|Palette item 0: R 00, G 00, B 00, Transaparent color
Trace|Palette item 1: R FF, G FF, B 00
Trace|Palette item 2: R 00, G 00, B 00
Trace|Palette item 3: R FF, G 00, B 00
Trace|Writing image header...
Trace|Width: 90, Height: 80, RowLength: 23
Trace|BPP: 2, PaletteColors: 4, Transaparency: 1
Trace|Writing palette...
Trace|Writing image...
Trace|Image 86 offset is 79827...
Debug|Encoding image 86...
Trace|Extracting palette...
Trace|Palette item 0: R 00, G 00, B 00, Transaparent color
Trace|Palette item 1: R FF, G FF, B 00
Trace|Palette item 2: R 00, G 00, B 00
Trace|Palette item 3: R 00, G FF, B FF
Trace|Palette item 4: R FF, G FF, B FF
Trace|Palette item 5: R FF, G 00, B 00
Trace|Writing image header...
Trace|Width: 90, Height: 80, RowLength: 45
Trace|BPP: 4, PaletteColors: 6, Transaparency: 1
Trace|Writing palette...
Trace|Writing image...
Trace|Image 87 offset is 83467...
Debug|Encoding image 87...
Trace|Extracting palette...
Trace|Palette item 0: R 00, G 00, B 00, Transaparent color
Trace|Palette item 1: R FF, G FF, B 00
Trace|Palette item 2: R 00, G 00, B 00
Trace|Palette item 3: R 00, G FF, B FF
Trace|Palette item 4: R FF, G FF, B FF
Trace|Writing image header...
Trace|Width: 90, Height: 80, RowLength: 45
Trace|BPP: 4, PaletteColors: 5, Transaparency: 1
Trace|Writing palette...
Trace|Writing image...
Trace|Image 88 offset is 87103...
Debug|Encoding image 88...
Trace|Extracting palette...
Trace|Palette item 0: R 00, G 00, B 00, Transaparent color
Trace|Palette item 1: R FF, G FF, B 00
Trace|Palette item 2: R 00, G 00, B 00
Trace|Palette item 3: R FF, G FF, B FF
Trace|Writing image header...
Trace|Width: 90, Height: 80, RowLength: 23
Trace|BPP: 2, PaletteColors: 4, Transaparency: 1
Trace|Writing palette...
Trace|Writing image...
Trace|Image 89 offset is 88975...
Debug|Encoding image 89...
Trace|Extracting palette...
Trace|Palette item 0: R 00, G 00, B 00, Transaparent color
Trace|Palette item 1: R FF, G FF, B 00
Trace|Palette item 2: R 00, G 00, B 00
Trace|Palette item 3: R 00, G FF, B FF
Trace|Palette item 4: R FF, G FF, B FF
Trace|Writing image header...
Trace|Width: 90, Height: 80, RowLength: 45
Trace|BPP: 4, PaletteColors: 5, Transaparency: 1
Trace|Writing palette...
Trace|Writing image...
Trace|Image 90 offset is 92611...
Debug|Encoding image 90...
Trace|Extracting palette...
Trace|Palette item 0: R 00, G 00, B 00, Transaparent color
Trace|Palette item 1: R FF, G FF, B 00
Trace|Palette item 2: R 00, G 00, B 00
Trace|Palette item 3: R 00, G FF, B FF
Trace|Palette item 4: R FF, G FF, B FF
Trace|Writing image header...
Trace|Width: 90, Height: 80, RowLength: 45
Trace|BPP: 4, PaletteColors: 5, Transaparency: 1
Trace|Writing palette...
Trace|Writing image...
Trace|Image 91 offset is 96247...
Debug|Encoding image 91...
Trace|Extracting palette...
Trace|Palette item 0: R 00, G 00, B 00, Transaparent color
Trace|Palette item 1: R FF, G FF, B 00
Trace|Palette item 2: R 00, G 00, B 00
Trace|Palette item 3: R 00, G FF, B FF
Trace|Palette item 4: R FF, G FF, B FF
Trace|Palette item 5: R FF, G 00, B 00
Trace|Writing image header...
Trace|Width: 90, Height: 80, RowLength: 45
Trace|BPP: 4, PaletteColors: 6, Transaparency: 1
Trace|Writing palette...
Trace|Writing image...
Trace|Image 92 offset is 99887...
Debug|Encoding image 92...
Trace|Extracting palette...
Trace|Palette item 0: R 00, G 00, B 00, Transaparent color
Trace|Palette item 1: R FF, G FF, B 00
Trace|Palette item 2: R 00, G 00, B 00
Trace|Palette item 3: R 00, G FF, B FF
Trace|Palette item 4: R FF, G FF, B FF
Trace|Writing image header...
Trace|Width: 90, Height: 80, RowLength: 45
Trace|BPP: 4, PaletteColors: 5, Transaparency: 1
Trace|Writing palette...
Trace|Writing image...
Trace|Image 93 offset is 103523...
Debug|Encoding image 93...
Trace|Extracting palette...
Trace|Palette item 0: R 00, G 00, B 00, Transaparent color
Trace|Palette item 1: R FF, G FF, B 00
Trace|Palette item 2: R 00, G 00, B 00
Trace|Palette item 3: R FF, G FF, B FF
Trace|Writing image header...
Trace|Width: 90, Height: 80, RowLength: 23
Trace|BPP: 2, PaletteColors: 4, Transaparency: 1
Trace|Writing palette...
Trace|Writing image...
Trace|Image 94 offset is 105395...
Debug|Encoding image 94...
Trace|Extracting palette...
Trace|Palette item 0: R 00, G 00, B 00, Transaparent color
Trace|Palette item 1: R FF, G FF, B 00
Trace|Palette item 2: R 00, G 00, B 00
Trace|Palette item 3: R FF, G FF, B FF
Trace|Writing image header...
Trace|Width: 90, Height: 80, RowLength: 23
Trace|BPP: 2, PaletteColors: 4, Transaparency: 1
Trace|Writing palette...
Trace|Writing image...
Trace|Image 95 offset is 107267...
Debug|Encoding image 95...
Trace|Extracting palette...
Trace|Palette item 0: R 00, G 00, B 00, Transaparent color
Trace|Palette item 1: R FF, G FF, B 00
Trace|Palette item 2: R 00, G 00, B 00
Trace|Palette item 3: R 00, G FF, B FF
Trace|Palette item 4: R FF, G FF, B FF
Trace|Writing image header...
Trace|Width: 90, Height: 80, RowLength: 45
Trace|BPP: 4, PaletteColors: 5, Transaparency: 1
Trace|Writing palette...
Trace|Writing image...
Trace|Image 96 offset is 110903...
Debug|Encoding image 96...
Trace|Extracting palette...
Trace|Palette item 0: R 00, G 00, B 00, Transaparent color
Trace|Palette item 1: R FF, G FF, B FF
Trace|Writing image header...
Trace|Width: 8, Height: 14, RowLength: 1
Trace|BPP: 1, PaletteColors: 2, Transaparency: 1
Trace|Writing palette...
Trace|Writing image...
Trace|Image 97 offset is 110941...
Debug|Encoding image 97...
Trace|Extracting palette...
Trace|Palette item 0: R 00, G 00, B 00, Transaparent color
Trace|Palette item 1: R FF, G FF, B FF
Trace|Writing image header...
Trace|Width: 8, Height: 14, RowLength: 1
Trace|BPP: 1, PaletteColors: 2, Transaparency: 1
Trace|Writing palette...
Trace|Writing image...
Trace|Image 98 offset is 110979...
Debug|Encoding image 98...
Trace|Extracting palette...
Trace|Palette item 0: R FF, G FF, B FF
Trace|Palette item 1: R 00, G 00, B 00, Transaparent color
Trace|Writing image header...
Trace|Width: 8, Height: 14, RowLength: 1
Trace|BPP: 1, PaletteColors: 2, Transaparency: 1
Trace|Writing palette...
Trace|Writing image...
Trace|Image 99 offset is 111017...
Debug|Encoding image 99...
Trace|Extracting palette...
Trace|Palette item 0: R FF, G FF, B FF
Trace|Palette item 1: R 00, G 00, B 00, Transaparent color
Trace|Writing image header...
Trace|Width: 8, Height: 14, RowLength: 1
Trace|BPP: 1, PaletteColors: 2, Transaparency: 1
Trace|Writing palette...
Trace|Writing image...
Trace|Image 100 offset is 111055...
Debug|Encoding image 100...
Trace|Extracting palette...
Trace|Palette item 0: R FF, G FF, B FF
Trace|Palette item 1: R 00, G 00, B 00, Transaparent color
Trace|Writing image header...
Trace|Width: 8, Height: 14, RowLength: 1
Trace|BPP: 1, PaletteColors: 2, Transaparency: 1
Trace|Writing palette...
Trace|Writing image...
Trace|Image 101 offset is 111093...
Debug|Encoding image 101...
Trace|Extracting palette...
Trace|Palette item 0: R 00, G 00, B 00, Transaparent color
Trace|Palette item 1: R FF, G FF, B FF
Trace|Writing image header...
Trace|Width: 8, Height: 14, RowLength: 1
Trace|BPP: 1, PaletteColors: 2, Transaparency: 1
Trace|Writing palette...
Trace|Writing image...
Trace|Image 102 offset is 111131...
Debug|Encoding image 102...
Trace|Extracting palette...
Trace|Palette item 0: R 00, G 00, B 00, Transaparent color
Trace|Palette item 1: R FF, G FF, B FF
Trace|Writing image header...
Trace|Width: 8, Height: 14, RowLength: 1
Trace|BPP: 1, PaletteColors: 2, Transaparency: 1
Trace|Writing palette...
Trace|Writing image...
Trace|Image 103 offset is 111169...
Debug|Encoding image 103...
Trace|Extracting palette...
Trace|Palette item 0: R FF, G FF, B FF
Trace|Palette item 1: R 00, G 00, B 00, Transaparent color
Trace|Writing image header...
Trace|Width: 8, Height: 14, RowLength: 1
Trace|BPP: 1, PaletteColors: 2, Transaparency: 1
Trace|Writing palette...
Trace|Writing image...
Trace|Image 104 offset is 111207...
Debug|Encoding image 104...
Trace|Extracting palette...
Trace|Palette item 0: R 00, G 00, B 00, Transaparent color
Trace|Palette item 1: R FF, G FF, B FF
Trace|Writing image header...
Trace|Width: 8, Height: 14, RowLength: 1
Trace|BPP: 1, PaletteColors: 2, Transaparency: 1
Trace|Writing palette...
Trace|Writing image...
Trace|Image 105 offset is 111245...
Debug|Encoding image 105...
Trace|Extracting palette...
Trace|Palette item 0: R 00, G 00, B 00, Transaparent color
Trace|Palette item 1: R FF, G FF, B FF
Trace|Writing image header...
Trace|Width: 8, Height: 14, RowLength: 1
Trace|BPP: 1, PaletteColors: 2, Transaparency: 1
Trace|Writing palette...
Trace|Writing image...
Trace|Image 106 offset is 111283...
Debug|Encoding image 106...
Trace|Extracting palette...
Trace|Palette item 0: R 00, G 00, B 00, Transaparent color
Trace|Palette item 1: R FF, G FF, B FF
Trace|Writing image header...
Trace|Width: 6, Height: 14, RowLength: 1
Trace|BPP: 1, PaletteColors: 2, Transaparency: 1
Trace|Writing palette...
Trace|Writing image...
Trace|Image 107 offset is 111321...
Debug|Encoding image 107...
Trace|Extracting palette...
Trace|Palette item 0: R 00, G 00, B 00, Transaparent color
Trace|Palette item 1: R FF, G FF, B FF
Trace|Writing image header...
Trace|Width: 6, Height: 14, RowLength: 1
Trace|BPP: 1, PaletteColors: 2, Transaparency: 1
Trace|Writing palette...
Trace|Writing image...
Trace|Image 108 offset is 111359...
Debug|Encoding image 108...
Trace|Extracting palette...
Trace|Palette item 0: R 00, G 00, B 00, Transaparent color
Trace|Palette item 1: R FF, G FF, B FF
Trace|Writing image header...
Trace|Width: 3, Height: 10, RowLength: 1
Trace|BPP: 1, PaletteColors: 2, Transaparency: 1
Trace|Writing palette...
Trace|Writing image...
Trace|Image 109 offset is 111393...
Debug|Encoding image 109...
Trace|Extracting palette...
Trace|Palette item 0: R 00, G 00, B 00
Trace|Writing image header...
Trace|Width: 2, Height: 2, RowLength: 1
Trace|BPP: 1, PaletteColors: 1, Transaparency: 0
Trace|Writing palette...
Trace|Writing image...
Trace|Image 110 offset is 111415...
Debug|Encoding image 110...
Trace|Extracting palette...
Trace|Palette item 0: R FF, G FF, B FF
Trace|Palette item 1: R 00, G 00, B 00, Transaparent color
Trace|Writing image header...
Trace|Width: 10, Height: 10, RowLength: 2
Trace|BPP: 1, PaletteColors: 2, Transaparency: 1
Trace|Writing palette...
Trace|Writing image...
Trace|Image 111 offset is 111459...
Debug|Encoding image 111...
Trace|Extracting palette...
Trace|Palette item 0: R 00, G 00, B 00, Transaparent color
Trace|Writing image header...
Trace|Width: 95, Height: 10, RowLength: 12
Trace|BPP: 1, PaletteColors: 1, Transaparency: 1
Trace|Writing palette...
Trace|Writing image...
Trace|Image 112 offset is 111599...
Debug|Encoding image 112...
Trace|Extracting palette...
Trace|Palette item 0: R 00, G 00, B 00, Transaparent color
Trace|Palette item 1: R 00, G 00, B 00
Trace|Palette item 2: R 00, G FF, B FF
Trace|Writing image header...
Trace|Width: 95, Height: 10, RowLength: 24
Trace|BPP: 2, PaletteColors: 3, Transaparency: 1
Trace|Writing palette...
Trace|Writing image...
Trace|Image 113 offset is 111867...
Debug|Encoding image 113...
Trace|Extracting palette...
Trace|Palette item 0: R 00, G 00, B 00, Transaparent color
Trace|Palette item 1: R 00, G FF, B FF
Trace|Palette item 2: R FF, G FF, B 00
Trace|Palette item 3: R FF, G FF, B FF
Trace|Palette item 4: R 00, G FF, B 00
Trace|Writing image header...
Trace|Width: 20, Height: 11, RowLength: 10
Trace|BPP: 4, PaletteColors: 5, Transaparency: 1
Trace|Writing palette...
Trace|Writing image...
Trace|Image 114 offset is 112013...
Debug|Encoding image 114...
Trace|Extracting palette...
Trace|Palette item 0: R 00, G 00, B 00, Transaparent color
Trace|Palette item 1: R FF, G FF, B 00
Trace|Palette item 2: R 00, G FF, B FF
Trace|Writing image header...
Trace|Width: 14, Height: 11, RowLength: 4
Trace|BPP: 2, PaletteColors: 3, Transaparency: 1
Trace|Writing palette...
Trace|Writing image...
Trace|Image 115 offset is 112085...
Debug|Encoding image 115...
Trace|Extracting palette...
Trace|Palette item 0: R FF, G FF, B FF
Trace|Palette item 1: R 00, G 00, B 00, Transaparent color
Trace|Writing image header...
Trace|Width: 5, Height: 9, RowLength: 1
Trace|BPP: 1, PaletteColors: 2, Transaparency: 1
Trace|Writing palette...
Trace|Writing image...
Trace|Image 116 offset is 112118...
Debug|Encoding image 116...
Trace|Extracting palette...
Trace|Palette item 0: R 00, G 00, B 00, Transaparent color
Trace|Palette item 1: R FF, G FF, B FF
Trace|Writing image header...
Trace|Width: 5, Height: 9, RowLength: 1
Trace|BPP: 1, PaletteColors: 2, Transaparency: 1
Trace|Writing palette...
Trace|Writing image...
Trace|Image 117 offset is 112151...
Debug|Encoding image 117...
Trace|Extracting palette...
Trace|Palette item 0: R FF, G FF, B FF
Trace|Palette item 1: R 00, G 00, B 00, Transaparent color
Trace|Writing image header...
Trace|Width: 5, Height: 9, RowLength: 1
Trace|BPP: 1, PaletteColors: 2, Transaparency: 1
Trace|Writing palette...
Trace|Writing image...
Trace|Image 118 offset is 112184...
Debug|Encoding image 118...
Trace|Extracting palette...
Trace|Palette item 0: R FF, G FF, B FF
Trace|Palette item 1: R 00, G 00, B 00, Transaparent color
Trace|Writing image header...
Trace|Width: 5, Height: 9, RowLength: 1
Trace|BPP: 1, PaletteColors: 2, Transaparency: 1
Trace|Writing palette...
Trace|Writing image...
Trace|Image 119 offset is 112217...
Debug|Encoding image 119...
Trace|Extracting palette...
Trace|Palette item 0: R FF, G FF, B FF
Trace|Palette item 1: R 00, G 00, B 00, Transaparent color
Trace|Writing image header...
Trace|Width: 5, Height: 9, RowLength: 1
Trace|BPP: 1, PaletteColors: 2, Transaparency: 1
Trace|Writing palette...
Trace|Writing image...
Trace|Image 120 offset is 112250...
Debug|Encoding image 120...
Trace|Extracting palette...
Trace|Palette item 0: R FF, G FF, B FF
Trace|Palette item 1: R 00, G 00, B 00, Transaparent color
Trace|Writing image header...
Trace|Width: 5, Height: 9, RowLength: 1
Trace|BPP: 1, PaletteColors: 2, Transaparency: 1
Trace|Writing palette...
Trace|Writing image...
Trace|Image 121 offset is 112283...
Debug|Encoding image 121...
Trace|Extracting palette...
Trace|Palette item 0: R FF, G FF, B FF
Trace|Palette item 1: R 00, G 00, B 00, Transaparent color
Trace|Writing image header...
Trace|Width: 5, Height: 9, RowLength: 1
Trace|BPP: 1, PaletteColors: 2, Transaparency: 1
Trace|Writing palette...
Trace|Writing image...
Trace|Image 122 offset is 112316...
Debug|Encoding image 122...
Trace|Extracting palette...
Trace|Palette item 0: R FF, G FF, B FF
Trace|Palette item 1: R 00, G 00, B 00, Transaparent color
Trace|Writing image header...
Trace|Width: 5, Height: 9, RowLength: 1
Trace|BPP: 1, PaletteColors: 2, Transaparency: 1
Trace|Writing palette...
Trace|Writing image...
Trace|Image 123 offset is 112349...
Debug|Encoding image 123...
Trace|Extracting palette...
Trace|Palette item 0: R FF, G FF, B FF
Trace|Palette item 1: R 00, G 00, B 00, Transaparent color
Trace|Writing image header...
Trace|Width: 5, Height: 9, RowLength: 1
Trace|BPP: 1, PaletteColors: 2, Transaparency: 1
Trace|Writing palette...
Trace|Writing image...
Trace|Image 124 offset is 112382...
Debug|Encoding image 124...
Trace|Extracting palette...
Trace|Palette item 0: R FF, G FF, B FF
Trace|Palette item 1: R 00, G 00, B 00, Transaparent color
Trace|Writing image header...
Trace|Width: 5, Height: 9, RowLength: 1
Trace|BPP: 1, PaletteColors: 2, Transaparency: 1
Trace|Writing palette...
Trace|Writing image...
Trace|Image 125 offset is 112415...
Debug|Encoding image 125...
Trace|Extracting palette...
Trace|Palette item 0: R 00, G 00, B 00
Trace|Palette item 1: R FF, G 00, B 00
Trace|Writing image header...
Trace|Width: 25, Height: 11, RowLength: 4
Trace|BPP: 1, PaletteColors: 2, Transaparency: 0
Trace|Writing palette...
Trace|Writing image...
Trace|Image 126 offset is 112483...
Debug|Encoding image 126...
Trace|Extracting palette...
Trace|Palette item 0: R 00, G 00, B 00
Trace|Palette item 1: R FF, G FF, B FF
Trace|Palette item 2: R FF, G 00, B 00
Trace|Palette item 3: R 00, G 00, B 00, Transaparent color
Trace|Writing image header...
Trace|Width: 25, Height: 11, RowLength: 7
Trace|BPP: 2, PaletteColors: 4, Transaparency: 1
Trace|Writing palette...
Trace|Writing image...
Trace|Image 127 offset is 112592...
Debug|Encoding image 127...
Trace|Extracting palette...
Trace|Palette item 0: R 00, G 00, B 00
Trace|Palette item 1: R FF, G FF, B FF
Trace|Palette item 2: R FF, G FF, B 00
Trace|Writing image header...
Trace|Width: 25, Height: 11, RowLength: 7
Trace|BPP: 2, PaletteColors: 3, Transaparency: 0
Trace|Writing palette...
Trace|Writing image...
Trace|Image 128 offset is 112697...
Debug|Encoding image 128...
Trace|Extracting palette...
Trace|Palette item 0: R 00, G 00, B 00
Trace|Palette item 1: R FF, G FF, B FF
Trace|Palette item 2: R 00, G FF, B 00
Trace|Writing image header...
Trace|Width: 25, Height: 11, RowLength: 7
Trace|BPP: 2, PaletteColors: 3, Transaparency: 0
Trace|Writing palette...
Trace|Writing image...
Trace|Image 129 offset is 112802...
Debug|Encoding image 129...
Trace|Extracting palette...
Trace|Palette item 0: R 00, G 00, B 00
Trace|Palette item 1: R FF, G FF, B FF
Trace|Palette item 2: R 00, G FF, B 00
Trace|Writing image header...
Trace|Width: 25, Height: 11, RowLength: 7
Trace|BPP: 2, PaletteColors: 3, Transaparency: 0
Trace|Writing palette...
Trace|Writing image...
Trace|Image 130 offset is 112907...
Debug|Encoding image 130...
Trace|Extracting palette...
Trace|Palette item 0: R 00, G 00, B 00
Trace|Palette item 1: R FF, G FF, B FF
Trace|Palette item 2: R 00, G FF, B 00
Trace|Writing image header...
Trace|Width: 25, Height: 11, RowLength: 7
Trace|BPP: 2, PaletteColors: 3, Transaparency: 0
Trace|Writing palette...
Trace|Writing image...
Trace|Writing images offsets table
Debug|Writing images
