Debug|Reading config...
Debug|Reading referenced images from 'RU_0863'
Trace|Loading images for 2 'Background'
Trace|Loading images for 2.1 'Image'
Trace|Loading image 0...
Trace|Image was loaded from file RU_0863\0000.png
Trace|Loading images for 3 'Time'
Trace|Loading images for 3.1 'TwoDigits'
Trace|Loading images for 3.1.1 'ImageSet'
Trace|Loading image 1...
Trace|Image was loaded from file RU_0863\0001.png
Trace|Loading image 2...
Trace|Image was loaded from file RU_0863\0002.png
Trace|Loading image 3...
Trace|Image was loaded from file RU_0863\0003.png
Trace|Loading images for 3.1.2 'ImageSet'
Trace|Loading image 4...
Trace|Image was loaded from file RU_0863\0004.png
Trace|Loading image 5...
Trace|Image was loaded from file RU_0863\0005.png
Trace|Loading image 6...
Trace|Image was loaded from file RU_0863\0006.png
Trace|Loading image 7...
Trace|Image was loaded from file RU_0863\0007.png
Trace|Loading image 8...
Trace|Image was loaded from file RU_0863\0008.png
Trace|Loading image 9...
Trace|Image was loaded from file RU_0863\0009.png
Trace|Loading image 10...
Trace|Image was loaded from file RU_0863\0010.png
Trace|Loading image 11...
Trace|Image was loaded from file RU_0863\0011.png
Trace|Loading image 12...
Trace|Image was loaded from file RU_0863\0012.png
Trace|Loading image 13...
Trace|Image was loaded from file RU_0863\0013.png
Trace|Loading images for 3.2 'TwoDigits'
Trace|Loading images for 3.2.1 'ImageSet'
Trace|Loading image 14...
Trace|Image was loaded from file RU_0863\0014.png
Trace|Loading image 15...
Trace|Image was loaded from file RU_0863\0015.png
Trace|Loading image 16...
Trace|Image was loaded from file RU_0863\0016.png
Trace|Loading image 17...
Trace|Image was loaded from file RU_0863\0017.png
Trace|Loading image 18...
Trace|Image was loaded from file RU_0863\0018.png
Trace|Loading image 19...
Trace|Image was loaded from file RU_0863\0019.png
Trace|Loading images for 3.2.2 'ImageSet'
Trace|Loading image 20...
Trace|Image was loaded from file RU_0863\0020.png
Trace|Loading image 21...
Trace|Image was loaded from file RU_0863\0021.png
Trace|Loading image 22...
Trace|Image was loaded from file RU_0863\0022.png
Trace|Loading image 23...
Trace|Image was loaded from file RU_0863\0023.png
Trace|Loading images for 4 'Activity'
Trace|Loading images for 4.4 'Number'
Trace|Loading images for 4.4.5 'TextAlignment'
Trace|Loading images for 5 'Date'
Trace|Loading images for 5.1 'MonthAndDay'
Trace|Loading images for 5.1.1 'SeparateMonthAndDay'
Trace|Loading images for 5.1.1.1 'Number'
Trace|Loading images for 5.1.1.1.5 'TextAlignment'
Trace|Loading images for 5.1.1.3 'Number'
Trace|Loading images for 5.1.1.3.5 'TextAlignment'
Trace|Loading images for 5.1.3 'Boolean'
Trace|Loading images for 5.1.4 'Boolean'
Trace|Loading images for 5.2 'ImageSet'
Trace|Loading image 24...
Trace|Image was loaded from file RU_0863\0024.png
Trace|Loading image 25...
Trace|Image was loaded from file RU_0863\0025.png
Trace|Loading image 26...
Trace|Image was loaded from file RU_0863\0026.png
Trace|Loading image 27...
Trace|Image was loaded from file RU_0863\0027.png
Trace|Loading image 28...
Trace|Image was loaded from file RU_0863\0028.png
Trace|Loading image 29...
Trace|Image was loaded from file RU_0863\0029.png
Trace|Loading image 30...
Trace|Image was loaded from file RU_0863\0030.png
Trace|Loading images for 6 'Weather'
Trace|Loading images for 6.1 'WeatherIcon'
Trace|Loading images for 6.1.2 'CustomWeatherIcon'
Trace|Loading image 31...
Trace|Image was loaded from file RU_0863\0031.png
Trace|Loading image 32...
Trace|Image was loaded from file RU_0863\0032.png
Trace|Loading image 33...
Trace|Image was loaded from file RU_0863\0033.png
Trace|Loading image 34...
Trace|Image was loaded from file RU_0863\0034.png
Trace|Loading image 35...
Trace|Image was loaded from file RU_0863\0035.png
Trace|Loading image 36...
Trace|Image was loaded from file RU_0863\0036.png
Trace|Loading image 37...
Trace|Image was loaded from file RU_0863\0037.png
Trace|Loading image 38...
Trace|Image was loaded from file RU_0863\0038.png
Trace|Loading image 39...
Trace|Image was loaded from file RU_0863\0039.png
Trace|Loading image 40...
Trace|Image was loaded from file RU_0863\0040.png
Trace|Loading image 41...
Trace|Image was loaded from file RU_0863\0041.png
Trace|Loading image 42...
Trace|Image was loaded from file RU_0863\0042.png
Trace|Loading image 43...
Trace|Image was loaded from file RU_0863\0043.png
Trace|Loading image 44...
Trace|Image was loaded from file RU_0863\0044.png
Trace|Loading image 45...
Trace|Image was loaded from file RU_0863\0045.png
Trace|Loading image 46...
Trace|Image was loaded from file RU_0863\0046.png
Trace|Loading image 47...
Trace|Image was loaded from file RU_0863\0047.png
Trace|Loading image 48...
Trace|Image was loaded from file RU_0863\0048.png
Trace|Loading image 49...
Trace|Image was loaded from file RU_0863\0049.png
Trace|Loading image 50...
Trace|Image was loaded from file RU_0863\0050.png
Trace|Loading image 51...
Trace|Image was loaded from file RU_0863\0051.png
Trace|Loading image 52...
Trace|Image was loaded from file RU_0863\0052.png
Trace|Loading image 53...
Trace|Image was loaded from file RU_0863\0053.png
Trace|Loading image 54...
Trace|Image was loaded from file RU_0863\0054.png
Trace|Loading image 55...
Trace|Image was loaded from file RU_0863\0055.png
Trace|Loading image 56...
Trace|Image was loaded from file RU_0863\0056.png
Trace|Loading images for 6.2 'Temperature'
Trace|Loading images for 6.2.1 'TemperatureNumber'
Trace|Loading images for 6.2.1.1 'Number'
Trace|Loading images for 6.2.1.1.5 'TextAlignment'
Trace|Loading image 57...
Trace|Image was loaded from file RU_0863\0057.png
Trace|Loading image 58...
Trace|Image was loaded from file RU_0863\0058.png
Trace|Loading images for 9 'Battery'
Trace|Loading images for 9.1 'Number'
Trace|Loading images for 9.1.5 'TextAlignment'
Trace|Loading images for 10 'AnalogDialFace'
Trace|Loading images for 10.2 'ClockHand'
Trace|Loading images for 10.2.1 'Boolean'
Trace|Loading images for 10.2.3 'Coordinates'
Trace|Building parameters for watch face...
Trace|2 'Background'
Trace|2.1 'Image'
Trace|2.1.1 'X': 0
Trace|2.1.2 'Y': 0
Trace|2.1.3 'ImageIndex': 0
Trace|3 'Time'
Trace|3.1 'TwoDigits'
Trace|3.1.1 'ImageSet'
Trace|3.1.1.1 'X': 0
Trace|3.1.1.2 'Y': 0
Trace|3.1.1.3 'ImageIndex': 1
Trace|3.1.1.4 'ImagesCount': 3
Trace|3.1.2 'ImageSet'
Trace|3.1.2.1 'X': 0
Trace|3.1.2.2 'Y': 0
Trace|3.1.2.3 'ImageIndex': 4
Trace|3.1.2.4 'ImagesCount': 10
Trace|3.2 'TwoDigits'
Trace|3.2.1 'ImageSet'
Trace|3.2.1.1 'X': 157
Trace|3.2.1.2 'Y': 160
Trace|3.2.1.3 'ImageIndex': 14
Trace|3.2.1.4 'ImagesCount': 6
Trace|3.2.2 'ImageSet'
Trace|3.2.2.1 'X': 165
Trace|3.2.2.2 'Y': 160
Trace|3.2.2.3 'ImageIndex': 14
Trace|3.2.2.4 'ImagesCount': 10
Trace|3.5 'DrawingOrder': 8500
Trace|4 'Activity'
Trace|4.4 'Number'
Trace|4.4.1 'TopLeftX': 3
Trace|4.4.2 'TopLeftY': 4
Trace|4.4.3 'BottomRightX': 24
Trace|4.4.4 'BottomRightY': 12
Trace|4.4.5 'Alignment': 72
Trace|4.4.6 'Spacing': 2
Trace|4.4.7 'ImageIndex': 14
Trace|4.4.8 'ImagesCount': 10
Trace|5 'Date'
Trace|5.1 'MonthAndDay'
Trace|5.1.1 'SeparateMonthAndDay'
Trace|5.1.1.1 'Number'
Trace|5.1.1.1.1 'TopLeftX': 24
Trace|5.1.1.1.2 'TopLeftY': 160
Trace|5.1.1.1.3 'BottomRightX': 36
Trace|5.1.1.1.4 'BottomRightY': 168
Trace|5.1.1.1.5 'Alignment': 18
Trace|5.1.1.1.6 'Spacing': 1
Trace|5.1.1.1.7 'ImageIndex': 14
Trace|5.1.1.1.8 'ImagesCount': 10
Trace|5.1.1.3 'Number'
Trace|5.1.1.3.1 'TopLeftX': 4
Trace|5.1.1.3.2 'TopLeftY': 160
Trace|5.1.1.3.3 'BottomRightX': 16
Trace|5.1.1.3.4 'BottomRightY': 168
Trace|5.1.1.3.5 'Alignment': 18
Trace|5.1.1.3.6 'Spacing': 1
Trace|5.1.1.3.7 'ImageIndex': 14
Trace|5.1.1.3.8 'ImagesCount': 10
Trace|5.1.3 'TwoDigitsMonth': 1
Trace|5.1.4 'TwoDigitsDay': 1
Trace|5.2 'ImageSet'
Trace|5.2.1 'X': 4
Trace|5.2.2 'Y': 146
Trace|5.2.3 'ImageIndex': 24
Trace|5.2.4 'ImagesCount': 7
Trace|6 'Weather'
Trace|6.1 'WeatherIcon'
Trace|6.1.2 'CustomWeatherIcon'
Trace|6.1.2.1 'X': 76
Trace|6.1.2.2 'Y': 75
Trace|6.1.2.3 'ImageIndex': 31
Trace|6.1.2.4 'ImagesCount': 26
Trace|6.2 'Temperature'
Trace|6.2.1 'TemperatureNumber'
Trace|6.2.1.1 'Number'
Trace|6.2.1.1.1 'TopLeftX': 150
Trace|6.2.1.1.2 'TopLeftY': 145
Trace|6.2.1.1.3 'BottomRightX': 172
Trace|6.2.1.1.4 'BottomRightY': 153
Trace|6.2.1.1.5 'Alignment': 20
Trace|6.2.1.1.6 'Spacing': 1
Trace|6.2.1.1.7 'ImageIndex': 14
Trace|6.2.1.1.8 'ImagesCount': 10
Trace|6.2.1.2 'MinusImageIndex': 57
Trace|6.2.1.3 'DegreesImageIndex': 58
Trace|9 'Battery'
Trace|9.1 'Number'
Trace|9.1.1 'TopLeftX': 137
Trace|9.1.2 'TopLeftY': 4
Trace|9.1.3 'BottomRightX': 158
Trace|9.1.4 'BottomRightY': 12
Trace|9.1.5 'Alignment': 20
Trace|9.1.6 'Spacing': 2
Trace|9.1.7 'ImageIndex': 14
Trace|9.1.8 'ImagesCount': 10
Trace|10 'AnalogDialFace'
Trace|10.2 'ClockHand'
Trace|10.2.1 'OnlyBorder': 0
Trace|10.2.2 'Color': 16777215
Trace|10.2.3 'Coordinates'
Trace|10.2.3.1 'X': 88
Trace|10.2.3.2 'Y': 88
Trace|10.2.4 'Coordinates'
Trace|10.2.4.1 'X': 24
Trace|10.2.4.2 'Y': -2
Trace|10.2.4 'Coordinates'
Trace|10.2.4.1 'X': 68
Trace|10.2.4.2 'Y': -2
Trace|10.2.4 'Coordinates'
Trace|10.2.4.1 'X': 87
Trace|10.2.4.2 'Y': 0
Trace|10.2.4 'Coordinates'
Trace|10.2.4.1 'X': 68
Trace|10.2.4.2 'Y': 2
Trace|10.2.4 'Coordinates'
Trace|10.2.4.1 'X': 24
Trace|10.2.4.2 'Y': 2
Debug|Generating previews...
Debug|Writing watch face to 'RU_0863\RU_0863_packed.bin'
Trace|Encoding parameters...
Trace|Parameter: 2
Trace|1 (0A):
Trace|    1 (08): 0 (00)
Trace|    2 (10): 0 (00)
Trace|    3 (18): 0 (00)
Trace|8 bytes
Trace|Parameter: 3
Trace|1 (0A):
Trace|    1 (0A):
Trace|        1 (08): 0 (00)
Trace|        2 (10): 0 (00)
Trace|        3 (18): 1 (01)
Trace|        4 (20): 3 (03)
Trace|    10 bytes
Trace|    2 (12):
Trace|        1 (08): 0 (00)
Trace|        2 (10): 0 (00)
Trace|        3 (18): 4 (04)
Trace|        4 (20): 10 (0A)
Trace|    10 bytes
Trace|22 bytes
Trace|2 (12):
Trace|    1 (0A):
Trace|        1 (08): 157 (9D)
Trace|        2 (10): 160 (A0)
Trace|        3 (18): 14 (0E)
Trace|        4 (20): 6 (06)
Trace|    12 bytes
Trace|    2 (12):
Trace|        1 (08): 165 (A5)
Trace|        2 (10): 160 (A0)
Trace|        3 (18): 14 (0E)
Trace|        4 (20): 10 (0A)
Trace|    12 bytes
Trace|26 bytes
Trace|5 (28): 8500 (2134)
Trace|Parameter: 4
Trace|4 (22):
Trace|    1 (08): 3 (03)
Trace|    2 (10): 4 (04)
Trace|    3 (18): 24 (18)
Trace|    4 (20): 12 (0C)
Trace|    5 (28): 72 (48)
Trace|    6 (30): 2 (02)
Trace|    7 (38): 14 (0E)
Trace|    8 (40): 10 (0A)
Trace|18 bytes
Trace|Parameter: 5
Trace|1 (0A):
Trace|    1 (0A):
Trace|        1 (0A):
Trace|            1 (08): 24 (18)
Trace|            2 (10): 160 (A0)
Trace|            3 (18): 36 (24)
Trace|            4 (20): 168 (A8)
Trace|            5 (28): 18 (12)
Trace|            6 (30): 1 (01)
Trace|            7 (38): 14 (0E)
Trace|            8 (40): 10 (0A)
Trace|        20 bytes
Trace|        3 (1A):
Trace|            1 (08): 4 (04)
Trace|            2 (10): 160 (A0)
Trace|            3 (18): 16 (10)
Trace|            4 (20): 168 (A8)
Trace|            5 (28): 18 (12)
Trace|            6 (30): 1 (01)
Trace|            7 (38): 14 (0E)
Trace|            8 (40): 10 (0A)
Trace|        20 bytes
Trace|    42 bytes
Trace|    3 (18): 1 (01)
Trace|    4 (20): 1 (01)
Trace|48 bytes
Trace|2 (12):
Trace|    1 (08): 4 (04)
Trace|    2 (10): 146 (92)
Trace|    3 (18): 24 (18)
Trace|    4 (20): 7 (07)
Trace|11 bytes
Trace|Parameter: 6
Trace|1 (0A):
Trace|    2 (12):
Trace|        1 (08): 76 (4C)
Trace|        2 (10): 75 (4B)
Trace|        3 (18): 31 (1F)
Trace|        4 (20): 26 (1A)
Trace|    10 bytes
Trace|12 bytes
Trace|2 (12):
Trace|    1 (0A):
Trace|        1 (0A):
Trace|            1 (08): 150 (96)
Trace|            2 (10): 145 (91)
Trace|            3 (18): 172 (AC)
Trace|            4 (20): 153 (99)
Trace|            5 (28): 20 (14)
Trace|            6 (30): 1 (01)
Trace|            7 (38): 14 (0E)
Trace|            8 (40): 10 (0A)
Trace|        22 bytes
Trace|        2 (10): 57 (39)
Trace|        3 (18): 58 (3A)
Trace|    28 bytes
Trace|30 bytes
Trace|Parameter: 9
Trace|1 (0A):
Trace|    1 (08): 137 (89)
Trace|    2 (10): 4 (04)
Trace|    3 (18): 158 (9E)
Trace|    4 (20): 12 (0C)
Trace|    5 (28): 20 (14)
Trace|    6 (30): 2 (02)
Trace|    7 (38): 14 (0E)
Trace|    8 (40): 10 (0A)
Trace|20 bytes
Trace|Parameter: 10
Trace|2 (12):
Trace|    1 (08): 0 (00)
Trace|    2 (10): 16777215 (FFFFFF)
Trace|    3 (1A):
Trace|        1 (08): 88 (58)
Trace|        2 (10): 88 (58)
Trace|    6 bytes
Trace|    4 (22):
Trace|        1 (08): 24 (18)
Trace|        2 (10): -2 (FFFFFFFFFFFFFFFE)
Trace|    15 bytes
Trace|    4 (22):
Trace|        1 (08): 68 (44)
Trace|        2 (10): -2 (FFFFFFFFFFFFFFFE)
Trace|    15 bytes
Trace|    4 (22):
Trace|        1 (08): 87 (57)
Trace|        2 (10): 0 (00)
Trace|    6 bytes
Trace|    4 (22):
Trace|        1 (08): 68 (44)
Trace|        2 (10): 2 (02)
Trace|    6 bytes
Trace|    4 (22):
Trace|        1 (08): 24 (18)
Trace|        2 (10): 2 (02)
Trace|    6 bytes
Trace|63 bytes
Trace|Encoding offsets and lengths...
Trace|1 (0A):
Trace|    1 (08): 261 (105)
Trace|    2 (10): 59 (3B)
Trace|7 bytes
Trace|2 (12):
Trace|    1 (08): 0 (00)
Trace|    2 (10): 8 (08)
Trace|6 bytes
Trace|3 (1A):
Trace|    1 (08): 8 (08)
Trace|    2 (10): 51 (33)
Trace|6 bytes
Trace|4 (22):
Trace|    1 (08): 59 (3B)
Trace|    2 (10): 18 (12)
Trace|6 bytes
Trace|5 (2A):
Trace|    1 (08): 77 (4D)
Trace|    2 (10): 59 (3B)
Trace|6 bytes
Trace|6 (32):
Trace|    1 (08): 136 (88)
Trace|    2 (10): 42 (2A)
Trace|7 bytes
Trace|9 (4A):
Trace|    1 (08): 178 (B2)
Trace|    2 (10): 20 (14)
Trace|7 bytes
Trace|10 (52):
Trace|    1 (08): 198 (C6)
Trace|    2 (10): 63 (3F)
Trace|7 bytes
Trace|Writing header...
Trace|Writing parameters offsets and lengths...
Trace|Writing parameters...
Trace|Writing images...
Trace|Image 0 offset is 0...
Debug|Encoding image 0...
Trace|Extracting palette...
Trace|Palette item 0: R 00, G 00, B 00
Trace|Palette item 1: R FF, G 00, B 00
Trace|Writing image header...
Trace|Width: 176, Height: 176, RowLength: 22
Trace|BPP: 1, PaletteColors: 2, Transaparency: 0
Trace|Writing palette...
Trace|Writing image...
Trace|Image 1 offset is 3896...
Debug|Encoding image 1...
Trace|Extracting palette...
Trace|Palette item 0: R 00, G 00, B 00, Transaparent color
Trace|Palette item 1: R 00, G 00, B 00
Trace|Palette item 2: R FF, G FF, B FF
Trace|Palette item 3: R FF, G FF, B 00
Trace|Writing image header...
Trace|Width: 176, Height: 176, RowLength: 44
Trace|BPP: 2, PaletteColors: 4, Transaparency: 1
Trace|Writing palette...
Trace|Writing image...
Trace|Image 2 offset is 11672...
Debug|Encoding image 2...
Trace|Extracting palette...
Trace|Palette item 0: R 00, G 00, B 00
Trace|Palette item 1: R 00, G 00, B 00, Transaparent color
Trace|Palette item 2: R FF, G FF, B FF
Trace|Palette item 3: R FF, G 00, B FF
Trace|Writing image header...
Trace|Width: 176, Height: 176, RowLength: 44
Trace|BPP: 2, PaletteColors: 4, Transaparency: 1
Trace|Writing palette...
Trace|Writing image...
Trace|Image 3 offset is 19448...
Debug|Encoding image 3...
Trace|Extracting palette...
Trace|Palette item 0: R 00, G 00, B 00
Trace|Palette item 1: R 00, G 00, B 00, Transaparent color
Trace|Palette item 2: R FF, G FF, B FF
Trace|Palette item 3: R 00, G 00, B FF
Trace|Writing image header...
Trace|Width: 176, Height: 176, RowLength: 44
Trace|BPP: 2, PaletteColors: 4, Transaparency: 1
Trace|Writing palette...
Trace|Writing image...
Trace|Image 4 offset is 27224...
Debug|Encoding image 4...
Trace|Extracting palette...
Trace|Palette item 0: R 00, G 00, B 00, Transaparent color
Trace|Palette item 1: R FF, G FF, B FF
Trace|Writing image header...
Trace|Width: 176, Height: 176, RowLength: 22
Trace|BPP: 1, PaletteColors: 2, Transaparency: 1
Trace|Writing palette...
Trace|Writing image...
Trace|Image 5 offset is 31120...
Debug|Encoding image 5...
Trace|Extracting palette...
Trace|Palette item 0: R 00, G 00, B 00, Transaparent color
Trace|Palette item 1: R FF, G FF, B FF
Trace|Writing image header...
Trace|Width: 176, Height: 176, RowLength: 22
Trace|BPP: 1, PaletteColors: 2, Transaparency: 1
Trace|Writing palette...
Trace|Writing image...
Trace|Image 6 offset is 35016...
Debug|Encoding image 6...
Trace|Extracting palette...
Trace|Palette item 0: R 00, G 00, B 00, Transaparent color
Trace|Palette item 1: R FF, G FF, B FF
Trace|Writing image header...
Trace|Width: 176, Height: 176, RowLength: 22
Trace|BPP: 1, PaletteColors: 2, Transaparency: 1
Trace|Writing palette...
Trace|Writing image...
Trace|Image 7 offset is 38912...
Debug|Encoding image 7...
Trace|Extracting palette...
Trace|Palette item 0: R 00, G 00, B 00, Transaparent color
Trace|Palette item 1: R FF, G FF, B FF
Trace|Palette item 2: R FF, G 00, B 00
Trace|Writing image header...
Trace|Width: 176, Height: 176, RowLength: 44
Trace|BPP: 2, PaletteColors: 3, Transaparency: 1
Trace|Writing palette...
Trace|Writing image...
Trace|Image 8 offset is 46684...
Debug|Encoding image 8...
Trace|Extracting palette...
Trace|Palette item 0: R 00, G 00, B 00, Transaparent color
Trace|Palette item 1: R FF, G FF, B FF
Trace|Writing image header...
Trace|Width: 176, Height: 176, RowLength: 22
Trace|BPP: 1, PaletteColors: 2, Transaparency: 1
Trace|Writing palette...
Trace|Writing image...
Trace|Image 9 offset is 50580...
Debug|Encoding image 9...
Trace|Extracting palette...
Trace|Palette item 0: R 00, G 00, B 00, Transaparent color
Trace|Palette item 1: R FF, G FF, B FF
Trace|Palette item 2: R FF, G 00, B 00
Trace|Writing image header...
Trace|Width: 176, Height: 176, RowLength: 44
Trace|BPP: 2, PaletteColors: 3, Transaparency: 1
Trace|Writing palette...
Trace|Writing image...
Trace|Image 10 offset is 58352...
Debug|Encoding image 10...
Trace|Extracting palette...
Trace|Palette item 0: R 00, G 00, B 00, Transaparent color
Trace|Palette item 1: R FF, G FF, B FF
Trace|Writing image header...
Trace|Width: 176, Height: 176, RowLength: 22
Trace|BPP: 1, PaletteColors: 2, Transaparency: 1
Trace|Writing palette...
Trace|Writing image...
Trace|Image 11 offset is 62248...
Debug|Encoding image 11...
Trace|Extracting palette...
Trace|Palette item 0: R 00, G 00, B 00, Transaparent color
Trace|Palette item 1: R FF, G FF, B FF
Trace|Writing image header...
Trace|Width: 176, Height: 176, RowLength: 22
Trace|BPP: 1, PaletteColors: 2, Transaparency: 1
Trace|Writing palette...
Trace|Writing image...
Trace|Image 12 offset is 66144...
Debug|Encoding image 12...
Trace|Extracting palette...
Trace|Palette item 0: R 00, G 00, B 00, Transaparent color
Trace|Palette item 1: R FF, G FF, B FF
Trace|Writing image header...
Trace|Width: 176, Height: 176, RowLength: 22
Trace|BPP: 1, PaletteColors: 2, Transaparency: 1
Trace|Writing palette...
Trace|Writing image...
Trace|Image 13 offset is 70040...
Debug|Encoding image 13...
Trace|Extracting palette...
Trace|Palette item 0: R 00, G 00, B 00, Transaparent color
Trace|Palette item 1: R FF, G FF, B FF
Trace|Writing image header...
Trace|Width: 176, Height: 176, RowLength: 22
Trace|BPP: 1, PaletteColors: 2, Transaparency: 1
Trace|Writing palette...
Trace|Writing image...
Trace|Image 14 offset is 73936...
Debug|Encoding image 14...
Trace|Extracting palette...
Trace|Palette item 0: R 00, G 00, B 00
Trace|Palette item 1: R FF, G FF, B FF
Trace|Writing image header...
Trace|Width: 6, Height: 9, RowLength: 1
Trace|BPP: 1, PaletteColors: 2, Transaparency: 0
Trace|Writing palette...
Trace|Writing image...
Trace|Image 15 offset is 73969...
Debug|Encoding image 15...
Trace|Extracting palette...
Trace|Palette item 0: R 00, G 00, B 00
Trace|Palette item 1: R FF, G FF, B FF
Trace|Writing image header...
Trace|Width: 6, Height: 9, RowLength: 1
Trace|BPP: 1, PaletteColors: 2, Transaparency: 0
Trace|Writing palette...
Trace|Writing image...
Trace|Image 16 offset is 74002...
Debug|Encoding image 16...
Trace|Extracting palette...
Trace|Palette item 0: R 00, G 00, B 00
Trace|Palette item 1: R FF, G FF, B FF
Trace|Writing image header...
Trace|Width: 6, Height: 9, RowLength: 1
Trace|BPP: 1, PaletteColors: 2, Transaparency: 0
Trace|Writing palette...
Trace|Writing image...
Trace|Image 17 offset is 74035...
Debug|Encoding image 17...
Trace|Extracting palette...
Trace|Palette item 0: R 00, G 00, B 00
Trace|Palette item 1: R FF, G FF, B FF
Trace|Writing image header...
Trace|Width: 6, Height: 9, RowLength: 1
Trace|BPP: 1, PaletteColors: 2, Transaparency: 0
Trace|Writing palette...
Trace|Writing image...
Trace|Image 18 offset is 74068...
Debug|Encoding image 18...
Trace|Extracting palette...
Trace|Palette item 0: R 00, G 00, B 00
Trace|Palette item 1: R FF, G FF, B FF
Trace|Writing image header...
Trace|Width: 6, Height: 9, RowLength: 1
Trace|BPP: 1, PaletteColors: 2, Transaparency: 0
Trace|Writing palette...
Trace|Writing image...
Trace|Image 19 offset is 74101...
Debug|Encoding image 19...
Trace|Extracting palette...
Trace|Palette item 0: R FF, G FF, B FF
Trace|Palette item 1: R 00, G 00, B 00
Trace|Writing image header...
Trace|Width: 6, Height: 9, RowLength: 1
Trace|BPP: 1, PaletteColors: 2, Transaparency: 0
Trace|Writing palette...
Trace|Writing image...
Trace|Image 20 offset is 74134...
Debug|Encoding image 20...
Trace|Extracting palette...
Trace|Palette item 0: R 00, G 00, B 00
Trace|Palette item 1: R FF, G FF, B FF
Trace|Writing image header...
Trace|Width: 6, Height: 9, RowLength: 1
Trace|BPP: 1, PaletteColors: 2, Transaparency: 0
Trace|Writing palette...
Trace|Writing image...
Trace|Image 21 offset is 74167...
Debug|Encoding image 21...
Trace|Extracting palette...
Trace|Palette item 0: R FF, G FF, B FF
Trace|Palette item 1: R 00, G 00, B 00
Trace|Writing image header...
Trace|Width: 6, Height: 9, RowLength: 1
Trace|BPP: 1, PaletteColors: 2, Transaparency: 0
Trace|Writing palette...
Trace|Writing image...
Trace|Image 22 offset is 74200...
Debug|Encoding image 22...
Trace|Extracting palette...
Trace|Palette item 0: R 00, G 00, B 00
Trace|Palette item 1: R FF, G FF, B FF
Trace|Writing image header...
Trace|Width: 6, Height: 9, RowLength: 1
Trace|BPP: 1, PaletteColors: 2, Transaparency: 0
Trace|Writing palette...
Trace|Writing image...
Trace|Image 23 offset is 74233...
Debug|Encoding image 23...
Trace|Extracting palette...
Trace|Palette item 0: R 00, G 00, B 00
Trace|Palette item 1: R FF, G FF, B FF
Trace|Writing image header...
Trace|Width: 6, Height: 9, RowLength: 1
Trace|BPP: 1, PaletteColors: 2, Transaparency: 0
Trace|Writing palette...
Trace|Writing image...
Trace|Image 24 offset is 74266...
Debug|Encoding image 24...
Trace|Extracting palette...
Trace|Palette item 0: R FF, G FF, B FF
Trace|Palette item 1: R 00, G 00, B 00
Trace|Writing image header...
Trace|Width: 15, Height: 9, RowLength: 2
Trace|BPP: 1, PaletteColors: 2, Transaparency: 0
Trace|Writing palette...
Trace|Writing image...
Trace|Image 25 offset is 74308...
Debug|Encoding image 25...
Trace|Extracting palette...
Trace|Palette item 0: R FF, G FF, B FF
Trace|Palette item 1: R 00, G 00, B 00
Trace|Writing image header...
Trace|Width: 15, Height: 9, RowLength: 2
Trace|BPP: 1, PaletteColors: 2, Transaparency: 0
Trace|Writing palette...
Trace|Writing image...
Trace|Image 26 offset is 74350...
Debug|Encoding image 26...
Trace|Extracting palette...
Trace|Palette item 0: R 00, G 00, B 00
Trace|Palette item 1: R FF, G FF, B FF
Trace|Writing image header...
Trace|Width: 15, Height: 9, RowLength: 2
Trace|BPP: 1, PaletteColors: 2, Transaparency: 0
Trace|Writing palette...
Trace|Writing image...
Trace|Image 27 offset is 74392...
Debug|Encoding image 27...
Trace|Extracting palette...
Trace|Palette item 0: R FF, G FF, B FF
Trace|Palette item 1: R 00, G 00, B 00
Trace|Writing image header...
Trace|Width: 15, Height: 9, RowLength: 2
Trace|BPP: 1, PaletteColors: 2, Transaparency: 0
Trace|Writing palette...
Trace|Writing image...
Trace|Image 28 offset is 74434...
Debug|Encoding image 28...
Trace|Extracting palette...
Trace|Palette item 0: R FF, G FF, B FF
Trace|Palette item 1: R 00, G 00, B 00
Trace|Writing image header...
Trace|Width: 15, Height: 9, RowLength: 2
Trace|BPP: 1, PaletteColors: 2, Transaparency: 0
Trace|Writing palette...
Trace|Writing image...
Trace|Image 29 offset is 74476...
Debug|Encoding image 29...
Trace|Extracting palette...
Trace|Palette item 0: R 00, G 00, B 00
Trace|Palette item 1: R FF, G FF, B FF
Trace|Writing image header...
Trace|Width: 15, Height: 9, RowLength: 2
Trace|BPP: 1, PaletteColors: 2, Transaparency: 0
Trace|Writing palette...
Trace|Writing image...
Trace|Image 30 offset is 74518...
Debug|Encoding image 30...
Trace|Extracting palette...
Trace|Palette item 0: R FF, G FF, B FF
Trace|Palette item 1: R 00, G 00, B 00
Trace|Writing image header...
Trace|Width: 15, Height: 9, RowLength: 2
Trace|BPP: 1, PaletteColors: 2, Transaparency: 0
Trace|Writing palette...
Trace|Writing image...
Trace|Image 31 offset is 74560...
Debug|Encoding image 31...
Trace|Extracting palette...
Trace|Palette item 0: R 00, G 00, B 00, Transaparent color
Trace|Palette item 1: R FF, G 00, B 00
Trace|Writing image header...
Trace|Width: 25, Height: 25, RowLength: 4
Trace|BPP: 1, PaletteColors: 2, Transaparency: 1
Trace|Writing palette...
Trace|Writing image...
Trace|Image 32 offset is 74684...
Debug|Encoding image 32...
Trace|Extracting palette...
Trace|Palette item 0: R 00, G 00, B 00, Transaparent color
Trace|Palette item 1: R FF, G FF, B 00
Trace|Palette item 2: R FF, G FF, B FF
Trace|Writing image header...
Trace|Width: 25, Height: 25, RowLength: 7
Trace|BPP: 2, PaletteColors: 3, Transaparency: 1
Trace|Writing palette...
Trace|Writing image...
Trace|Image 33 offset is 74887...
Debug|Encoding image 33...
Trace|Extracting palette...
Trace|Palette item 0: R 00, G 00, B 00, Transaparent color
Trace|Palette item 1: R FF, G FF, B 00
Trace|Palette item 2: R FF, G FF, B FF
Trace|Writing image header...
Trace|Width: 25, Height: 25, RowLength: 7
Trace|BPP: 2, PaletteColors: 3, Transaparency: 1
Trace|Writing palette...
Trace|Writing image...
Trace|Image 34 offset is 75090...
Debug|Encoding image 34...
Trace|Extracting palette...
Trace|Palette item 0: R 00, G 00, B 00, Transaparent color
Trace|Palette item 1: R FF, G FF, B 00
Trace|Palette item 2: R FF, G FF, B FF
Trace|Writing image header...
Trace|Width: 25, Height: 25, RowLength: 7
Trace|BPP: 2, PaletteColors: 3, Transaparency: 1
Trace|Writing palette...
Trace|Writing image...
Trace|Image 35 offset is 75293...
Debug|Encoding image 35...
Trace|Extracting palette...
Trace|Palette item 0: R 00, G 00, B 00, Transaparent color
Trace|Palette item 1: R FF, G FF, B 00
Trace|Writing image header...
Trace|Width: 25, Height: 25, RowLength: 4
Trace|BPP: 1, PaletteColors: 2, Transaparency: 1
Trace|Writing palette...
Trace|Writing image...
Trace|Image 36 offset is 75417...
Debug|Encoding image 36...
Trace|Extracting palette...
Trace|Palette item 0: R 00, G 00, B 00, Transaparent color
Trace|Palette item 1: R FF, G FF, B FF
Trace|Writing image header...
Trace|Width: 25, Height: 25, RowLength: 4
Trace|BPP: 1, PaletteColors: 2, Transaparency: 1
Trace|Writing palette...
Trace|Writing image...
Trace|Image 37 offset is 75541...
Debug|Encoding image 37...
Trace|Extracting palette...
Trace|Palette item 0: R 00, G 00, B 00, Transaparent color
Trace|Palette item 1: R FF, G FF, B FF
Trace|Writing image header...
Trace|Width: 25, Height: 25, RowLength: 4
Trace|BPP: 1, PaletteColors: 2, Transaparency: 1
Trace|Writing palette...
Trace|Writing image...
Trace|Image 38 offset is 75665...
Debug|Encoding image 38...
Trace|Extracting palette...
Trace|Palette item 0: R 00, G 00, B 00, Transaparent color
Trace|Palette item 1: R FF, G FF, B FF
Trace|Writing image header...
Trace|Width: 25, Height: 25, RowLength: 4
Trace|BPP: 1, PaletteColors: 2, Transaparency: 1
Trace|Writing palette...
Trace|Writing image...
Trace|Image 39 offset is 75789...
Debug|Encoding image 39...
Trace|Extracting palette...
Trace|Palette item 0: R 00, G 00, B 00, Transaparent color
Trace|Palette item 1: R FF, G FF, B FF
Trace|Writing image header...
Trace|Width: 25, Height: 25, RowLength: 4
Trace|BPP: 1, PaletteColors: 2, Transaparency: 1
Trace|Writing palette...
Trace|Writing image...
Trace|Image 40 offset is 75913...
Debug|Encoding image 40...
Trace|Extracting palette...
Trace|Palette item 0: R 00, G 00, B 00, Transaparent color
Trace|Palette item 1: R FF, G FF, B FF
Trace|Writing image header...
Trace|Width: 25, Height: 25, RowLength: 4
Trace|BPP: 1, PaletteColors: 2, Transaparency: 1
Trace|Writing palette...
Trace|Writing image...
Trace|Image 41 offset is 76037...
Debug|Encoding image 41...
Trace|Extracting palette...
Trace|Palette item 0: R 00, G 00, B 00, Transaparent color
Trace|Palette item 1: R FF, G FF, B FF
Trace|Writing image header...
Trace|Width: 25, Height: 25, RowLength: 4
Trace|BPP: 1, PaletteColors: 2, Transaparency: 1
Trace|Writing palette...
Trace|Writing image...
Trace|Image 42 offset is 76161...
Debug|Encoding image 42...
Trace|Extracting palette...
Trace|Palette item 0: R 00, G 00, B 00, Transaparent color
Trace|Palette item 1: R FF, G FF, B FF
Trace|Writing image header...
Trace|Width: 25, Height: 25, RowLength: 4
Trace|BPP: 1, PaletteColors: 2, Transaparency: 1
Trace|Writing palette...
Trace|Writing image...
Trace|Image 43 offset is 76285...
Debug|Encoding image 43...
Trace|Extracting palette...
Trace|Palette item 0: R 00, G 00, B 00, Transaparent color
Trace|Palette item 1: R FF, G FF, B FF
Trace|Writing image header...
Trace|Width: 25, Height: 25, RowLength: 4
Trace|BPP: 1, PaletteColors: 2, Transaparency: 1
Trace|Writing palette...
Trace|Writing image...
Trace|Image 44 offset is 76409...
Debug|Encoding image 44...
Trace|Extracting palette...
Trace|Palette item 0: R 00, G 00, B 00, Transaparent color
Trace|Palette item 1: R FF, G FF, B FF
Trace|Writing image header...
Trace|Width: 25, Height: 25, RowLength: 4
Trace|BPP: 1, PaletteColors: 2, Transaparency: 1
Trace|Writing palette...
Trace|Writing image...
Trace|Image 45 offset is 76533...
Debug|Encoding image 45...
Trace|Extracting palette...
Trace|Palette item 0: R 00, G 00, B 00, Transaparent color
Trace|Palette item 1: R FF, G FF, B FF
Trace|Writing image header...
Trace|Width: 25, Height: 25, RowLength: 4
Trace|BPP: 1, PaletteColors: 2, Transaparency: 1
Trace|Writing palette...
Trace|Writing image...
Trace|Image 46 offset is 76657...
Debug|Encoding image 46...
Trace|Extracting palette...
Trace|Palette item 0: R 00, G 00, B 00, Transaparent color
Trace|Palette item 1: R FF, G FF, B FF
Trace|Writing image header...
Trace|Width: 25, Height: 25, RowLength: 4
Trace|BPP: 1, PaletteColors: 2, Transaparency: 1
Trace|Writing palette...
Trace|Writing image...
Trace|Image 47 offset is 76781...
Debug|Encoding image 47...
Trace|Extracting palette...
Trace|Palette item 0: R 00, G 00, B 00, Transaparent color
Trace|Palette item 1: R FF, G FF, B FF
Trace|Palette item 2: R FF, G FF, B 00
Trace|Writing image header...
Trace|Width: 25, Height: 25, RowLength: 7
Trace|BPP: 2, PaletteColors: 3, Transaparency: 1
Trace|Writing palette...
Trace|Writing image...
Trace|Image 48 offset is 76984...
Debug|Encoding image 48...
Trace|Extracting palette...
Trace|Palette item 0: R 00, G 00, B 00, Transaparent color
Trace|Palette item 1: R FF, G FF, B FF
Trace|Writing image header...
Trace|Width: 25, Height: 25, RowLength: 4
Trace|BPP: 1, PaletteColors: 2, Transaparency: 1
Trace|Writing palette...
Trace|Writing image...
Trace|Image 49 offset is 77108...
Debug|Encoding image 49...
Trace|Extracting palette...
Trace|Palette item 0: R 00, G 00, B 00, Transaparent color
Trace|Palette item 1: R FF, G FF, B FF
Trace|Writing image header...
Trace|Width: 25, Height: 25, RowLength: 4
Trace|BPP: 1, PaletteColors: 2, Transaparency: 1
Trace|Writing palette...
Trace|Writing image...
Trace|Image 50 offset is 77232...
Debug|Encoding image 50...
Trace|Extracting palette...
Trace|Palette item 0: R 00, G 00, B 00, Transaparent color
Trace|Palette item 1: R FF, G FF, B FF
Trace|Writing image header...
Trace|Width: 25, Height: 25, RowLength: 4
Trace|BPP: 1, PaletteColors: 2, Transaparency: 1
Trace|Writing palette...
Trace|Writing image...
Trace|Image 51 offset is 77356...
Debug|Encoding image 51...
Trace|Extracting palette...
Trace|Palette item 0: R 00, G 00, B 00, Transaparent color
Trace|Palette item 1: R FF, G FF, B FF
Trace|Writing image header...
Trace|Width: 25, Height: 25, RowLength: 4
Trace|BPP: 1, PaletteColors: 2, Transaparency: 1
Trace|Writing palette...
Trace|Writing image...
Trace|Image 52 offset is 77480...
Debug|Encoding image 52...
Trace|Extracting palette...
Trace|Palette item 0: R 00, G 00, B 00, Transaparent color
Trace|Palette item 1: R FF, G FF, B FF
Trace|Palette item 2: R FF, G FF, B 00
Trace|Writing image header...
Trace|Width: 25, Height: 25, RowLength: 7
Trace|BPP: 2, PaletteColors: 3, Transaparency: 1
Trace|Writing palette...
Trace|Writing image...
Trace|Image 53 offset is 77683...
Debug|Encoding image 53...
Trace|Extracting palette...
Trace|Palette item 0: R 00, G 00, B 00, Transaparent color
Trace|Palette item 1: R FF, G FF, B FF
Trace|Writing image header...
Trace|Width: 25, Height: 25, RowLength: 4
Trace|BPP: 1, PaletteColors: 2, Transaparency: 1
Trace|Writing palette...
Trace|Writing image...
Trace|Image 54 offset is 77807...
Debug|Encoding image 54...
Trace|Extracting palette...
Trace|Palette item 0: R 00, G 00, B 00, Transaparent color
Trace|Palette item 1: R FF, G FF, B FF
Trace|Writing image header...
Trace|Width: 25, Height: 25, RowLength: 4
Trace|BPP: 1, PaletteColors: 2, Transaparency: 1
Trace|Writing palette...
Trace|Writing image...
Trace|Image 55 offset is 77931...
Debug|Encoding image 55...
Trace|Extracting palette...
Trace|Palette item 0: R 00, G 00, B 00, Transaparent color
Trace|Palette item 1: R FF, G FF, B FF
Trace|Writing image header...
Trace|Width: 25, Height: 25, RowLength: 4
Trace|BPP: 1, PaletteColors: 2, Transaparency: 1
Trace|Writing palette...
Trace|Writing image...
Trace|Image 56 offset is 78055...
Debug|Encoding image 56...
Trace|Extracting palette...
Trace|Palette item 0: R 00, G 00, B 00, Transaparent color
Trace|Palette item 1: R FF, G FF, B FF
Trace|Writing image header...
Trace|Width: 25, Height: 25, RowLength: 4
Trace|BPP: 1, PaletteColors: 2, Transaparency: 1
Trace|Writing palette...
Trace|Writing image...
Trace|Image 57 offset is 78179...
Debug|Encoding image 57...
Trace|Extracting palette...
Trace|Palette item 0: R 00, G 00, B 00
Trace|Palette item 1: R FF, G FF, B FF
Trace|Writing image header...
Trace|Width: 4, Height: 10, RowLength: 1
Trace|BPP: 1, PaletteColors: 2, Transaparency: 0
Trace|Writing palette...
Trace|Writing image...
Trace|Image 58 offset is 78213...
Debug|Encoding image 58...
Trace|Extracting palette...
Trace|Palette item 0: R 00, G 00, B 00
Trace|Palette item 1: R FF, G FF, B FF
Trace|Writing image header...
Trace|Width: 4, Height: 10, RowLength: 1
Trace|BPP: 1, PaletteColors: 2, Transaparency: 0
Trace|Writing palette...
Trace|Writing image...
Trace|Writing images offsets table
Debug|Writing images
Debug|Reading config...
Debug|Reading referenced images from 'RU_0863'
Trace|Loading images for 2 'Background'
Trace|Loading images for 2.1 'Image'
Trace|Loading image 0...
Trace|Image was loaded from file RU_0863\0000.png
Trace|Loading images for 3 'Time'
Trace|Loading images for 3.1 'TwoDigits'
Trace|Loading images for 3.1.1 'ImageSet'
Trace|Loading image 1...
Trace|Image was loaded from file RU_0863\0001.png
Trace|Loading image 2...
Trace|Image was loaded from file RU_0863\0002.png
Trace|Loading image 3...
Trace|Image was loaded from file RU_0863\0003.png
Trace|Loading images for 3.1.2 'ImageSet'
Trace|Loading image 4...
Trace|Image was loaded from file RU_0863\0004.png
Trace|Loading image 5...
Trace|Image was loaded from file RU_0863\0005.png
Trace|Loading image 6...
Trace|Image was loaded from file RU_0863\0006.png
Trace|Loading image 7...
Trace|Image was loaded from file RU_0863\0007.png
Trace|Loading image 8...
Trace|Image was loaded from file RU_0863\0008.png
Trace|Loading image 9...
Trace|Image was loaded from file RU_0863\0009.png
Trace|Loading image 10...
Trace|Image was loaded from file RU_0863\0010.png
Trace|Loading image 11...
Trace|Image was loaded from file RU_0863\0011.png
Trace|Loading image 12...
Trace|Image was loaded from file RU_0863\0012.png
Trace|Loading image 13...
Trace|Image was loaded from file RU_0863\0013.png
Trace|Loading images for 3.2 'TwoDigits'
Trace|Loading images for 3.2.1 'ImageSet'
Trace|Loading image 14...
Trace|Image was loaded from file RU_0863\0014.png
Trace|Loading image 15...
Trace|Image was loaded from file RU_0863\0015.png
Trace|Loading image 16...
Trace|Image was loaded from file RU_0863\0016.png
Trace|Loading image 17...
Trace|Image was loaded from file RU_0863\0017.png
Trace|Loading image 18...
Trace|Image was loaded from file RU_0863\0018.png
Trace|Loading image 19...
Trace|Image was loaded from file RU_0863\0019.png
Trace|Loading images for 3.2.2 'ImageSet'
Trace|Loading image 20...
Trace|Image was loaded from file RU_0863\0020.png
Trace|Loading image 21...
Trace|Image was loaded from file RU_0863\0021.png
Trace|Loading image 22...
Trace|Image was loaded from file RU_0863\0022.png
Trace|Loading image 23...
Trace|Image was loaded from file RU_0863\0023.png
Trace|Loading images for 10 'AnalogDialFace'
Trace|Loading images for 10.2 'ClockHand'
Trace|Loading images for 10.2.1 'Boolean'
Trace|Loading images for 10.2.3 'Coordinates'
Trace|Building parameters for watch face...
Trace|2 'Background'
Trace|2.1 'Image'
Trace|2.1.1 'X': 0
Trace|2.1.2 'Y': 0
Trace|2.1.3 'ImageIndex': 0
Trace|3 'Time'
Trace|3.1 'TwoDigits'
Trace|3.1.1 'ImageSet'
Trace|3.1.1.1 'X': 0
Trace|3.1.1.2 'Y': 0
Trace|3.1.1.3 'ImageIndex': 1
Trace|3.1.1.4 'ImagesCount': 3
Trace|3.1.2 'ImageSet'
Trace|3.1.2.1 'X': 0
Trace|3.1.2.2 'Y': 0
Trace|3.1.2.3 'ImageIndex': 4
Trace|3.1.2.4 'ImagesCount': 10
Trace|3.2 'TwoDigits'
Trace|3.2.1 'ImageSet'
Trace|3.2.1.1 'X': 157
Trace|3.2.1.2 'Y': 160
Trace|3.2.1.3 'ImageIndex': 14
Trace|3.2.1.4 'ImagesCount': 6
Trace|3.2.2 'ImageSet'
Trace|3.2.2.1 'X': 165
Trace|3.2.2.2 'Y': 160
Trace|3.2.2.3 'ImageIndex': 14
Trace|3.2.2.4 'ImagesCount': 10
Trace|3.5 'DrawingOrder': 8500
Trace|10 'AnalogDialFace'
Trace|10.2 'ClockHand'
Trace|10.2.1 'OnlyBorder': 0
Trace|10.2.2 'Color': 16777215
Trace|10.2.3 'Coordinates'
Trace|10.2.3.1 'X': 88
Trace|10.2.3.2 'Y': 88
Trace|10.2.4 'Coordinates'
Trace|10.2.4.1 'X': 24
Trace|10.2.4.2 'Y': -2
Trace|10.2.4 'Coordinates'
Trace|10.2.4.1 'X': 68
Trace|10.2.4.2 'Y': -2
Trace|10.2.4 'Coordinates'
Trace|10.2.4.1 'X': 87
Trace|10.2.4.2 'Y': 0
Trace|10.2.4 'Coordinates'
Trace|10.2.4.1 'X': 68
Trace|10.2.4.2 'Y': 2
Trace|10.2.4 'Coordinates'
Trace|10.2.4.1 'X': 24
Trace|10.2.4.2 'Y': 2
Debug|Generating previews...
Debug|Writing watch face to 'RU_0863\RU_0863_packed.bin'
Trace|Encoding parameters...
Trace|Parameter: 2
Trace|1 (0A):
Trace|    1 (08): 0 (00)
Trace|    2 (10): 0 (00)
Trace|    3 (18): 0 (00)
Trace|8 bytes
Trace|Parameter: 3
Trace|1 (0A):
Trace|    1 (0A):
Trace|        1 (08): 0 (00)
Trace|        2 (10): 0 (00)
Trace|        3 (18): 1 (01)
Trace|        4 (20): 3 (03)
Trace|    10 bytes
Trace|    2 (12):
Trace|        1 (08): 0 (00)
Trace|        2 (10): 0 (00)
Trace|        3 (18): 4 (04)
Trace|        4 (20): 10 (0A)
Trace|    10 bytes
Trace|22 bytes
Trace|2 (12):
Trace|    1 (0A):
Trace|        1 (08): 157 (9D)
Trace|        2 (10): 160 (A0)
Trace|        3 (18): 14 (0E)
Trace|        4 (20): 6 (06)
Trace|    12 bytes
Trace|    2 (12):
Trace|        1 (08): 165 (A5)
Trace|        2 (10): 160 (A0)
Trace|        3 (18): 14 (0E)
Trace|        4 (20): 10 (0A)
Trace|    12 bytes
Trace|26 bytes
Trace|5 (28): 8500 (2134)
Trace|Parameter: 10
Trace|2 (12):
Trace|    1 (08): 0 (00)
Trace|    2 (10): 16777215 (FFFFFF)
Trace|    3 (1A):
Trace|        1 (08): 88 (58)
Trace|        2 (10): 88 (58)
Trace|    6 bytes
Trace|    4 (22):
Trace|        1 (08): 24 (18)
Trace|        2 (10): -2 (FFFFFFFFFFFFFFFE)
Trace|    15 bytes
Trace|    4 (22):
Trace|        1 (08): 68 (44)
Trace|        2 (10): -2 (FFFFFFFFFFFFFFFE)
Trace|    15 bytes
Trace|    4 (22):
Trace|        1 (08): 87 (57)
Trace|        2 (10): 0 (00)
Trace|    6 bytes
Trace|    4 (22):
Trace|        1 (08): 68 (44)
Trace|        2 (10): 2 (02)
Trace|    6 bytes
Trace|    4 (22):
Trace|        1 (08): 24 (18)
Trace|        2 (10): 2 (02)
Trace|    6 bytes
Trace|63 bytes
Trace|Encoding offsets and lengths...
Trace|1 (0A):
Trace|    1 (08): 122 (7A)
Trace|    2 (10): 24 (18)
Trace|6 bytes
Trace|2 (12):
Trace|    1 (08): 0 (00)
Trace|    2 (10): 8 (08)
Trace|6 bytes
Trace|3 (1A):
Trace|    1 (08): 8 (08)
Trace|    2 (10): 51 (33)
Trace|6 bytes
Trace|10 (52):
Trace|    1 (08): 59 (3B)
Trace|    2 (10): 63 (3F)
Trace|6 bytes
Trace|Writing header...
Trace|Writing parameters offsets and lengths...
Trace|Writing parameters...
Trace|Writing images...
Trace|Image 0 offset is 0...
Debug|Encoding image 0...
Trace|Extracting palette...
Trace|Palette item 0: R 00, G 00, B 00
Trace|Palette item 1: R FF, G 00, B 00
Trace|Writing image header...
Trace|Width: 176, Height: 176, RowLength: 22
Trace|BPP: 1, PaletteColors: 2, Transaparency: 0
Trace|Writing palette...
Trace|Writing image...
Trace|Image 1 offset is 3896...
Debug|Encoding image 1...
Trace|Extracting palette...
Trace|Palette item 0: R 00, G 00, B 00, Transaparent color
Trace|Palette item 1: R 00, G 00, B 00
Trace|Palette item 2: R FF, G FF, B FF
Trace|Palette item 3: R FF, G FF, B 00
Trace|Writing image header...
Trace|Width: 176, Height: 176, RowLength: 44
Trace|BPP: 2, PaletteColors: 4, Transaparency: 1
Trace|Writing palette...
Trace|Writing image...
Trace|Image 2 offset is 11672...
Debug|Encoding image 2...
Trace|Extracting palette...
Trace|Palette item 0: R 00, G 00, B 00
Trace|Palette item 1: R 00, G 00, B 00, Transaparent color
Trace|Palette item 2: R FF, G FF, B FF
Trace|Palette item 3: R FF, G 00, B FF
Trace|Writing image header...
Trace|Width: 176, Height: 176, RowLength: 44
Trace|BPP: 2, PaletteColors: 4, Transaparency: 1
Trace|Writing palette...
Trace|Writing image...
Trace|Image 3 offset is 19448...
Debug|Encoding image 3...
Trace|Extracting palette...
Trace|Palette item 0: R 00, G 00, B 00
Trace|Palette item 1: R 00, G 00, B 00, Transaparent color
Trace|Palette item 2: R FF, G FF, B FF
Trace|Palette item 3: R 00, G 00, B FF
Trace|Writing image header...
Trace|Width: 176, Height: 176, RowLength: 44
Trace|BPP: 2, PaletteColors: 4, Transaparency: 1
Trace|Writing palette...
Trace|Writing image...
Trace|Image 4 offset is 27224...
Debug|Encoding image 4...
Trace|Extracting palette...
Trace|Palette item 0: R 00, G 00, B 00, Transaparent color
Trace|Palette item 1: R FF, G FF, B FF
Trace|Writing image header...
Trace|Width: 176, Height: 176, RowLength: 22
Trace|BPP: 1, PaletteColors: 2, Transaparency: 1
Trace|Writing palette...
Trace|Writing image...
Trace|Image 5 offset is 31120...
Debug|Encoding image 5...
Trace|Extracting palette...
Trace|Palette item 0: R 00, G 00, B 00, Transaparent color
Trace|Palette item 1: R FF, G FF, B FF
Trace|Writing image header...
Trace|Width: 176, Height: 176, RowLength: 22
Trace|BPP: 1, PaletteColors: 2, Transaparency: 1
Trace|Writing palette...
Trace|Writing image...
Trace|Image 6 offset is 35016...
Debug|Encoding image 6...
Trace|Extracting palette...
Trace|Palette item 0: R 00, G 00, B 00, Transaparent color
Trace|Palette item 1: R FF, G FF, B FF
Trace|Writing image header...
Trace|Width: 176, Height: 176, RowLength: 22
Trace|BPP: 1, PaletteColors: 2, Transaparency: 1
Trace|Writing palette...
Trace|Writing image...
Trace|Image 7 offset is 38912...
Debug|Encoding image 7...
Trace|Extracting palette...
Trace|Palette item 0: R 00, G 00, B 00, Transaparent color
Trace|Palette item 1: R FF, G FF, B FF
Trace|Palette item 2: R FF, G 00, B 00
Trace|Writing image header...
Trace|Width: 176, Height: 176, RowLength: 44
Trace|BPP: 2, PaletteColors: 3, Transaparency: 1
Trace|Writing palette...
Trace|Writing image...
Trace|Image 8 offset is 46684...
Debug|Encoding image 8...
Trace|Extracting palette...
Trace|Palette item 0: R 00, G 00, B 00, Transaparent color
Trace|Palette item 1: R FF, G FF, B FF
Trace|Writing image header...
Trace|Width: 176, Height: 176, RowLength: 22
Trace|BPP: 1, PaletteColors: 2, Transaparency: 1
Trace|Writing palette...
Trace|Writing image...
Trace|Image 9 offset is 50580...
Debug|Encoding image 9...
Trace|Extracting palette...
Trace|Palette item 0: R 00, G 00, B 00, Transaparent color
Trace|Palette item 1: R FF, G FF, B FF
Trace|Palette item 2: R FF, G 00, B 00
Trace|Writing image header...
Trace|Width: 176, Height: 176, RowLength: 44
Trace|BPP: 2, PaletteColors: 3, Transaparency: 1
Trace|Writing palette...
Trace|Writing image...
Trace|Image 10 offset is 58352...
Debug|Encoding image 10...
Trace|Extracting palette...
Trace|Palette item 0: R 00, G 00, B 00, Transaparent color
Trace|Palette item 1: R FF, G FF, B FF
Trace|Writing image header...
Trace|Width: 176, Height: 176, RowLength: 22
Trace|BPP: 1, PaletteColors: 2, Transaparency: 1
Trace|Writing palette...
Trace|Writing image...
Trace|Image 11 offset is 62248...
Debug|Encoding image 11...
Trace|Extracting palette...
Trace|Palette item 0: R 00, G 00, B 00, Transaparent color
Trace|Palette item 1: R FF, G FF, B FF
Trace|Writing image header...
Trace|Width: 176, Height: 176, RowLength: 22
Trace|BPP: 1, PaletteColors: 2, Transaparency: 1
Trace|Writing palette...
Trace|Writing image...
Trace|Image 12 offset is 66144...
Debug|Encoding image 12...
Trace|Extracting palette...
Trace|Palette item 0: R 00, G 00, B 00, Transaparent color
Trace|Palette item 1: R FF, G FF, B FF
Trace|Writing image header...
Trace|Width: 176, Height: 176, RowLength: 22
Trace|BPP: 1, PaletteColors: 2, Transaparency: 1
Trace|Writing palette...
Trace|Writing image...
Trace|Image 13 offset is 70040...
Debug|Encoding image 13...
Trace|Extracting palette...
Trace|Palette item 0: R 00, G 00, B 00, Transaparent color
Trace|Palette item 1: R FF, G FF, B FF
Trace|Writing image header...
Trace|Width: 176, Height: 176, RowLength: 22
Trace|BPP: 1, PaletteColors: 2, Transaparency: 1
Trace|Writing palette...
Trace|Writing image...
Trace|Image 14 offset is 73936...
Debug|Encoding image 14...
Trace|Extracting palette...
Trace|Palette item 0: R 00, G 00, B 00
Trace|Palette item 1: R FF, G FF, B FF
Trace|Writing image header...
Trace|Width: 6, Height: 9, RowLength: 1
Trace|BPP: 1, PaletteColors: 2, Transaparency: 0
Trace|Writing palette...
Trace|Writing image...
Trace|Image 15 offset is 73969...
Debug|Encoding image 15...
Trace|Extracting palette...
Trace|Palette item 0: R 00, G 00, B 00
Trace|Palette item 1: R FF, G FF, B FF
Trace|Writing image header...
Trace|Width: 6, Height: 9, RowLength: 1
Trace|BPP: 1, PaletteColors: 2, Transaparency: 0
Trace|Writing palette...
Trace|Writing image...
Trace|Image 16 offset is 74002...
Debug|Encoding image 16...
Trace|Extracting palette...
Trace|Palette item 0: R 00, G 00, B 00
Trace|Palette item 1: R FF, G FF, B FF
Trace|Writing image header...
Trace|Width: 6, Height: 9, RowLength: 1
Trace|BPP: 1, PaletteColors: 2, Transaparency: 0
Trace|Writing palette...
Trace|Writing image...
Trace|Image 17 offset is 74035...
Debug|Encoding image 17...
Trace|Extracting palette...
Trace|Palette item 0: R 00, G 00, B 00
Trace|Palette item 1: R FF, G FF, B FF
Trace|Writing image header...
Trace|Width: 6, Height: 9, RowLength: 1
Trace|BPP: 1, PaletteColors: 2, Transaparency: 0
Trace|Writing palette...
Trace|Writing image...
Trace|Image 18 offset is 74068...
Debug|Encoding image 18...
Trace|Extracting palette...
Trace|Palette item 0: R 00, G 00, B 00
Trace|Palette item 1: R FF, G FF, B FF
Trace|Writing image header...
Trace|Width: 6, Height: 9, RowLength: 1
Trace|BPP: 1, PaletteColors: 2, Transaparency: 0
Trace|Writing palette...
Trace|Writing image...
Trace|Image 19 offset is 74101...
Debug|Encoding image 19...
Trace|Extracting palette...
Trace|Palette item 0: R FF, G FF, B FF
Trace|Palette item 1: R 00, G 00, B 00
Trace|Writing image header...
Trace|Width: 6, Height: 9, RowLength: 1
Trace|BPP: 1, PaletteColors: 2, Transaparency: 0
Trace|Writing palette...
Trace|Writing image...
Trace|Image 20 offset is 74134...
Debug|Encoding image 20...
Trace|Extracting palette...
Trace|Palette item 0: R 00, G 00, B 00
Trace|Palette item 1: R FF, G FF, B FF
Trace|Writing image header...
Trace|Width: 6, Height: 9, RowLength: 1
Trace|BPP: 1, PaletteColors: 2, Transaparency: 0
Trace|Writing palette...
Trace|Writing image...
Trace|Image 21 offset is 74167...
Debug|Encoding image 21...
Trace|Extracting palette...
Trace|Palette item 0: R FF, G FF, B FF
Trace|Palette item 1: R 00, G 00, B 00
Trace|Writing image header...
Trace|Width: 6, Height: 9, RowLength: 1
Trace|BPP: 1, PaletteColors: 2, Transaparency: 0
Trace|Writing palette...
Trace|Writing image...
Trace|Image 22 offset is 74200...
Debug|Encoding image 22...
Trace|Extracting palette...
Trace|Palette item 0: R 00, G 00, B 00
Trace|Palette item 1: R FF, G FF, B FF
Trace|Writing image header...
Trace|Width: 6, Height: 9, RowLength: 1
Trace|BPP: 1, PaletteColors: 2, Transaparency: 0
Trace|Writing palette...
Trace|Writing image...
Trace|Image 23 offset is 74233...
Debug|Encoding image 23...
Trace|Extracting palette...
Trace|Palette item 0: R 00, G 00, B 00
Trace|Palette item 1: R FF, G FF, B FF
Trace|Writing image header...
Trace|Width: 6, Height: 9, RowLength: 1
Trace|BPP: 1, PaletteColors: 2, Transaparency: 0
Trace|Writing palette...
Trace|Writing image...
Trace|Writing images offsets table
Debug|Writing images
Debug|Reading config...
Debug|Reading referenced images from 'RU_0863'
Trace|Loading images for 2 'Background'
Trace|Loading images for 2.1 'Image'
Trace|Loading image 0...
Trace|Image was loaded from file RU_0863\0000.png
Trace|Loading images for 10 'AnalogDialFace'
Trace|Loading images for 10.2 'ClockHand'
Trace|Loading images for 10.2.1 'Boolean'
Trace|Loading images for 10.2.3 'Coordinates'
Trace|Building parameters for watch face...
Trace|2 'Background'
Trace|2.1 'Image'
Trace|2.1.1 'X': 0
Trace|2.1.2 'Y': 0
Trace|2.1.3 'ImageIndex': 0
Trace|10 'AnalogDialFace'
Trace|10.2 'ClockHand'
Trace|10.2.1 'OnlyBorder': 0
Trace|10.2.2 'Color': 16777215
Trace|10.2.3 'Coordinates'
Trace|10.2.3.1 'X': 88
Trace|10.2.3.2 'Y': 88
Trace|10.2.4 'Coordinates'
Trace|10.2.4.1 'X': 24
Trace|10.2.4.2 'Y': -2
Trace|10.2.4 'Coordinates'
Trace|10.2.4.1 'X': 68
Trace|10.2.4.2 'Y': -2
Trace|10.2.4 'Coordinates'
Trace|10.2.4.1 'X': 87
Trace|10.2.4.2 'Y': 0
Trace|10.2.4 'Coordinates'
Trace|10.2.4.1 'X': 68
Trace|10.2.4.2 'Y': 2
Trace|10.2.4 'Coordinates'
Trace|10.2.4.1 'X': 24
Trace|10.2.4.2 'Y': 2
Debug|Generating previews...
Debug|Writing watch face to 'RU_0863\RU_0863_packed.bin'
Trace|Encoding parameters...
Trace|Parameter: 2
Trace|1 (0A):
Trace|    1 (08): 0 (00)
Trace|    2 (10): 0 (00)
Trace|    3 (18): 0 (00)
Trace|8 bytes
Trace|Parameter: 10
Trace|2 (12):
Trace|    1 (08): 0 (00)
Trace|    2 (10): 16777215 (FFFFFF)
Trace|    3 (1A):
Trace|        1 (08): 88 (58)
Trace|        2 (10): 88 (58)
Trace|    6 bytes
Trace|    4 (22):
Trace|        1 (08): 24 (18)
Trace|        2 (10): -2 (FFFFFFFFFFFFFFFE)
Trace|    15 bytes
Trace|    4 (22):
Trace|        1 (08): 68 (44)
Trace|        2 (10): -2 (FFFFFFFFFFFFFFFE)
Trace|    15 bytes
Trace|    4 (22):
Trace|        1 (08): 87 (57)
Trace|        2 (10): 0 (00)
Trace|    6 bytes
Trace|    4 (22):
Trace|        1 (08): 68 (44)
Trace|        2 (10): 2 (02)
Trace|    6 bytes
Trace|    4 (22):
Trace|        1 (08): 24 (18)
Trace|        2 (10): 2 (02)
Trace|    6 bytes
Trace|63 bytes
Trace|Encoding offsets and lengths...
Trace|1 (0A):
Trace|    1 (08): 71 (47)
Trace|    2 (10): 1 (01)
Trace|6 bytes
Trace|2 (12):
Trace|    1 (08): 0 (00)
Trace|    2 (10): 8 (08)
Trace|6 bytes
Trace|10 (52):
Trace|    1 (08): 8 (08)
Trace|    2 (10): 63 (3F)
Trace|6 bytes
Trace|Writing header...
Trace|Writing parameters offsets and lengths...
Trace|Writing parameters...
Trace|Writing images...
Trace|Image 0 offset is 0...
Debug|Encoding image 0...
Trace|Extracting palette...
Trace|Palette item 0: R 00, G 00, B 00
Trace|Palette item 1: R FF, G 00, B 00
Trace|Writing image header...
Trace|Width: 176, Height: 176, RowLength: 22
Trace|BPP: 1, PaletteColors: 2, Transaparency: 0
Trace|Writing palette...
Trace|Writing image...
Trace|Writing images offsets table
Debug|Writing images
